<?xml version="1.0" encoding="UTF-8"?>
<coverage generated="1688054233179" clover="3.2.0">
  <project timestamp="1688054233179" name="All files">
    <metrics statements="706" coveredstatements="633" conditionals="269" coveredconditionals="224" methods="153" coveredmethods="147" elements="1128" coveredelements="1004" complexity="0" loc="706" ncloc="706" packages="1" files="5" classes="5"/>
    <file name="courseController.ts" path="D:\ClaseCuarto\SegundoCuatri\TFG\AudienceResponseSystem\restapi\controllers\courseController.ts">
      <metrics statements="130" coveredstatements="118" conditionals="31" coveredconditionals="30" methods="36" coveredmethods="35"/>
      <line num="3" count="1" type="stmt"/>
      <line num="4" count="1" type="stmt"/>
      <line num="9" count="1" type="stmt"/>
      <line num="11" count="2" type="stmt"/>
      <line num="12" count="2" type="stmt"/>
      <line num="13" count="2" type="stmt"/>
      <line num="20" count="2" type="stmt"/>
      <line num="22" count="0" type="stmt"/>
      <line num="23" count="0" type="stmt"/>
      <line num="27" count="2" type="stmt"/>
      <line num="28" count="2" type="stmt"/>
      <line num="29" count="2" type="cond" truecount="2" falsecount="1"/>
      <line num="30" count="0" type="stmt"/>
      <line num="32" count="2" type="stmt"/>
      <line num="42" count="2" type="stmt"/>
      <line num="44" count="0" type="stmt"/>
      <line num="48" count="4" type="stmt"/>
      <line num="49" count="4" type="stmt"/>
      <line num="50" count="4" type="stmt"/>
      <line num="51" count="4" type="stmt"/>
      <line num="56" count="3" type="cond" truecount="1" falsecount="0"/>
      <line num="57" count="1" type="stmt"/>
      <line num="60" count="2" type="stmt"/>
      <line num="64" count="2" type="stmt"/>
      <line num="65" count="1" type="stmt"/>
      <line num="67" count="2" type="stmt"/>
      <line num="71" count="3" type="stmt"/>
      <line num="72" count="3" type="stmt"/>
      <line num="73" count="3" type="stmt"/>
      <line num="74" count="3" type="stmt"/>
      <line num="79" count="3" type="cond" truecount="1" falsecount="0"/>
      <line num="80" count="1" type="stmt"/>
      <line num="82" count="2" type="cond" truecount="2" falsecount="0"/>
      <line num="83" count="2" type="cond" truecount="2" falsecount="0"/>
      <line num="84" count="2" type="stmt"/>
      <line num="93" count="2" type="stmt"/>
      <line num="95" count="0" type="stmt"/>
      <line num="99" count="4" type="stmt"/>
      <line num="100" count="4" type="stmt"/>
      <line num="101" count="4" type="cond" truecount="3" falsecount="0"/>
      <line num="102" count="2" type="stmt"/>
      <line num="104" count="2" type="stmt"/>
      <line num="109" count="2" type="cond" truecount="1" falsecount="0"/>
      <line num="110" count="1" type="stmt"/>
      <line num="112" count="1" type="stmt"/>
      <line num="117" count="1" type="stmt"/>
      <line num="119" count="0" type="stmt"/>
      <line num="123" count="4" type="stmt"/>
      <line num="124" count="4" type="stmt"/>
      <line num="125" count="4" type="stmt"/>
      <line num="126" count="4" type="stmt"/>
      <line num="127" count="4" type="stmt"/>
      <line num="128" count="4" type="stmt"/>
      <line num="130" count="0" type="stmt"/>
      <line num="133" count="8" type="stmt"/>
      <line num="136" count="4" type="cond" truecount="1" falsecount="0"/>
      <line num="137" count="1" type="stmt"/>
      <line num="140" count="4" type="stmt"/>
      <line num="141" count="4" type="stmt"/>
      <line num="142" count="4" type="stmt"/>
      <line num="150" count="4" type="stmt"/>
      <line num="151" count="4" type="stmt"/>
      <line num="152" count="4" type="stmt"/>
      <line num="153" count="4" type="stmt"/>
      <line num="154" count="8" type="cond" truecount="3" falsecount="0"/>
      <line num="155" count="3" type="stmt"/>
      <line num="156" count="8" type="stmt"/>
      <line num="161" count="4" type="cond" truecount="2" falsecount="0"/>
      <line num="162" count="3" type="stmt"/>
      <line num="163" count="2" type="stmt"/>
      <line num="165" count="1" type="stmt"/>
      <line num="168" count="1" type="stmt"/>
      <line num="172" count="4" type="stmt"/>
      <line num="173" count="4" type="stmt"/>
      <line num="174" count="4" type="stmt"/>
      <line num="175" count="4" type="cond" truecount="1" falsecount="0"/>
      <line num="176" count="1" type="stmt"/>
      <line num="177" count="3" type="stmt"/>
      <line num="178" count="3" type="cond" truecount="1" falsecount="0"/>
      <line num="179" count="1" type="stmt"/>
      <line num="180" count="4" type="stmt"/>
      <line num="181" count="2" type="stmt"/>
      <line num="182" count="2" type="cond" truecount="1" falsecount="0"/>
      <line num="183" count="1" type="stmt"/>
      <line num="184" count="2" type="stmt"/>
      <line num="185" count="1" type="stmt"/>
      <line num="188" count="1" type="stmt"/>
      <line num="190" count="0" type="stmt"/>
      <line num="194" count="4" type="stmt"/>
      <line num="195" count="4" type="stmt"/>
      <line num="196" count="4" type="stmt"/>
      <line num="197" count="4" type="cond" truecount="1" falsecount="0"/>
      <line num="198" count="1" type="stmt"/>
      <line num="199" count="3" type="stmt"/>
      <line num="200" count="3" type="cond" truecount="1" falsecount="0"/>
      <line num="201" count="1" type="stmt"/>
      <line num="202" count="4" type="stmt"/>
      <line num="203" count="2" type="stmt"/>
      <line num="204" count="2" type="cond" truecount="1" falsecount="0"/>
      <line num="205" count="1" type="stmt"/>
      <line num="206" count="2" type="stmt"/>
      <line num="207" count="1" type="stmt"/>
      <line num="210" count="1" type="stmt"/>
      <line num="212" count="0" type="stmt"/>
      <line num="216" count="4" type="stmt"/>
      <line num="217" count="4" type="stmt"/>
      <line num="218" count="4" type="stmt"/>
      <line num="219" count="4" type="cond" truecount="1" falsecount="0"/>
      <line num="220" count="1" type="stmt"/>
      <line num="221" count="3" type="stmt"/>
      <line num="222" count="3" type="cond" truecount="1" falsecount="0"/>
      <line num="223" count="1" type="stmt"/>
      <line num="224" count="4" type="stmt"/>
      <line num="225" count="2" type="stmt"/>
      <line num="226" count="2" type="cond" truecount="1" falsecount="0"/>
      <line num="227" count="1" type="stmt"/>
      <line num="228" count="2" type="stmt"/>
      <line num="229" count="1" type="stmt"/>
      <line num="232" count="1" type="stmt"/>
      <line num="234" count="0" type="stmt"/>
      <line num="235" count="0" type="stmt"/>
      <line num="239" count="4" type="stmt"/>
      <line num="240" count="4" type="stmt"/>
      <line num="241" count="4" type="cond" truecount="3" falsecount="0"/>
      <line num="242" count="2" type="stmt"/>
      <line num="244" count="2" type="stmt"/>
      <line num="258" count="2" type="stmt"/>
      <line num="259" count="2" type="stmt"/>
      <line num="261" count="0" type="stmt"/>
      <line num="265" count="1" type="stmt"/>
    </file>
    <file name="gameController.ts" path="D:\ClaseCuarto\SegundoCuatri\TFG\AudienceResponseSystem\restapi\controllers\gameController.ts">
      <metrics statements="167" coveredstatements="140" conditionals="94" coveredconditionals="61" methods="31" coveredmethods="28"/>
      <line num="2" count="1" type="stmt"/>
      <line num="6" count="1" type="stmt"/>
      <line num="8" count="4" type="stmt"/>
      <line num="9" count="4" type="stmt"/>
      <line num="10" count="4" type="cond" truecount="3" falsecount="0"/>
      <line num="11" count="2" type="stmt"/>
      <line num="13" count="2" type="stmt"/>
      <line num="42" count="2" type="stmt"/>
      <line num="44" count="0" type="stmt"/>
      <line num="45" count="0" type="stmt"/>
      <line num="53" count="3" type="stmt"/>
      <line num="54" count="3" type="stmt"/>
      <line num="55" count="3" type="cond" truecount="1" falsecount="0"/>
      <line num="56" count="1" type="stmt"/>
      <line num="58" count="2" type="stmt"/>
      <line num="59" count="2" type="cond" truecount="1" falsecount="1"/>
      <line num="60" count="0" type="stmt"/>
      <line num="62" count="2" type="stmt"/>
      <line num="65" count="2" type="cond" truecount="1" falsecount="0"/>
      <line num="66" count="1" type="stmt"/>
      <line num="69" count="1" type="stmt"/>
      <line num="76" count="2" type="stmt"/>
      <line num="77" count="1" type="stmt"/>
      <line num="118" count="1" type="stmt"/>
      <line num="120" count="0" type="stmt"/>
      <line num="121" count="0" type="stmt"/>
      <line num="125" count="5" type="stmt"/>
      <line num="126" count="5" type="stmt"/>
      <line num="128" count="5" type="stmt"/>
      <line num="130" count="5" type="cond" truecount="8" falsecount="0"/>
      <line num="131" count="1" type="stmt"/>
      <line num="134" count="4" type="stmt"/>
      <line num="135" count="3" type="cond" truecount="1" falsecount="0"/>
      <line num="136" count="1" type="stmt"/>
      <line num="138" count="2" type="stmt"/>
      <line num="139" count="2" type="cond" truecount="1" falsecount="0"/>
      <line num="140" count="1" type="stmt"/>
      <line num="142" count="1" type="stmt"/>
      <line num="143" count="1" type="cond" truecount="0" falsecount="1"/>
      <line num="144" count="0" type="stmt"/>
      <line num="147" count="1" type="stmt"/>
      <line num="162" count="1" type="stmt"/>
      <line num="190" count="1" type="stmt"/>
      <line num="192" count="1" type="stmt"/>
      <line num="193" count="1" type="stmt"/>
      <line num="197" count="4" type="stmt"/>
      <line num="198" count="4" type="stmt"/>
      <line num="199" count="4" type="stmt"/>
      <line num="200" count="4" type="cond" truecount="3" falsecount="0"/>
      <line num="201" count="2" type="stmt"/>
      <line num="204" count="2" type="cond" truecount="2" falsecount="1"/>
      <line num="205" count="0" type="stmt"/>
      <line num="207" count="2" type="stmt"/>
      <line num="208" count="2" type="cond" truecount="1" falsecount="0"/>
      <line num="209" count="1" type="stmt"/>
      <line num="210" count="1" type="stmt"/>
      <line num="243" count="1" type="stmt"/>
      <line num="245" count="0" type="stmt"/>
      <line num="246" count="0" type="stmt"/>
      <line num="250" count="3" type="stmt"/>
      <line num="251" count="3" type="stmt"/>
      <line num="252" count="3" type="cond" truecount="1" falsecount="0"/>
      <line num="253" count="1" type="stmt"/>
      <line num="255" count="2" type="stmt"/>
      <line num="256" count="2" type="stmt"/>
      <line num="275" count="2" type="stmt"/>
      <line num="276" count="3" type="stmt"/>
      <line num="277" count="2" type="stmt"/>
      <line num="286" count="1" type="stmt"/>
      <line num="287" count="1" type="stmt"/>
      <line num="288" count="2" type="stmt"/>
      <line num="290" count="2" type="stmt"/>
      <line num="299" count="1" type="stmt"/>
      <line num="302" count="1" type="stmt"/>
      <line num="305" count="1" type="stmt"/>
      <line num="307" count="1" type="stmt"/>
      <line num="308" count="1" type="stmt"/>
      <line num="314" count="3" type="stmt"/>
      <line num="315" count="3" type="stmt"/>
      <line num="316" count="3" type="stmt"/>
      <line num="318" count="0" type="stmt"/>
      <line num="319" count="0" type="cond" truecount="0" falsecount="7"/>
      <line num="320" count="0" type="cond" truecount="0" falsecount="4"/>
      <line num="321" count="0" type="cond" truecount="0" falsecount="1"/>
      <line num="322" count="0" type="cond" truecount="0" falsecount="4"/>
      <line num="323" count="0" type="cond" truecount="0" falsecount="6"/>
      <line num="324" count="0" type="cond" truecount="0" falsecount="6"/>
      <line num="329" count="2" type="stmt"/>
      <line num="335" count="5" type="stmt"/>
      <line num="336" count="5" type="stmt"/>
      <line num="337" count="5" type="cond" truecount="3" falsecount="0"/>
      <line num="338" count="2" type="stmt"/>
      <line num="340" count="3" type="stmt"/>
      <line num="341" count="3" type="cond" truecount="1" falsecount="0"/>
      <line num="342" count="1" type="stmt"/>
      <line num="343" count="2" type="stmt"/>
      <line num="371" count="2" type="stmt"/>
      <line num="372" count="2" type="stmt"/>
      <line num="374" count="0" type="stmt"/>
      <line num="375" count="0" type="stmt"/>
      <line num="380" count="5" type="stmt"/>
      <line num="381" count="5" type="stmt"/>
      <line num="382" count="5" type="cond" truecount="3" falsecount="0"/>
      <line num="383" count="2" type="stmt"/>
      <line num="385" count="3" type="stmt"/>
      <line num="386" count="3" type="cond" truecount="1" falsecount="0"/>
      <line num="387" count="1" type="stmt"/>
      <line num="388" count="2" type="stmt"/>
      <line num="416" count="2" type="stmt"/>
      <line num="418" count="0" type="stmt"/>
      <line num="423" count="5" type="stmt"/>
      <line num="424" count="5" type="stmt"/>
      <line num="425" count="5" type="cond" truecount="3" falsecount="0"/>
      <line num="426" count="2" type="stmt"/>
      <line num="428" count="3" type="stmt"/>
      <line num="429" count="3" type="cond" truecount="1" falsecount="0"/>
      <line num="430" count="1" type="stmt"/>
      <line num="431" count="2" type="stmt"/>
      <line num="445" count="2" type="stmt"/>
      <line num="447" count="0" type="stmt"/>
      <line num="448" count="0" type="stmt"/>
      <line num="452" count="8" type="stmt"/>
      <line num="453" count="8" type="stmt"/>
      <line num="454" count="8" type="cond" truecount="3" falsecount="0"/>
      <line num="455" count="2" type="stmt"/>
      <line num="457" count="6" type="cond" truecount="3" falsecount="0"/>
      <line num="458" count="2" type="stmt"/>
      <line num="460" count="4" type="stmt"/>
      <line num="461" count="4" type="cond" truecount="1" falsecount="0"/>
      <line num="462" count="1" type="stmt"/>
      <line num="463" count="3" type="stmt"/>
      <line num="464" count="3" type="cond" truecount="1" falsecount="0"/>
      <line num="465" count="1" type="stmt"/>
      <line num="467" count="2" type="stmt"/>
      <line num="499" count="2" type="stmt"/>
      <line num="500" count="2" type="stmt"/>
      <line num="502" count="0" type="stmt"/>
      <line num="503" count="0" type="stmt"/>
      <line num="507" count="8" type="stmt"/>
      <line num="508" count="8" type="stmt"/>
      <line num="509" count="8" type="cond" truecount="3" falsecount="0"/>
      <line num="510" count="2" type="stmt"/>
      <line num="512" count="6" type="cond" truecount="3" falsecount="0"/>
      <line num="513" count="2" type="stmt"/>
      <line num="515" count="4" type="stmt"/>
      <line num="516" count="4" type="cond" truecount="1" falsecount="0"/>
      <line num="517" count="1" type="stmt"/>
      <line num="518" count="3" type="stmt"/>
      <line num="519" count="3" type="cond" truecount="1" falsecount="0"/>
      <line num="520" count="1" type="stmt"/>
      <line num="522" count="2" type="stmt"/>
      <line num="566" count="2" type="stmt"/>
      <line num="567" count="2" type="stmt"/>
      <line num="569" count="0" type="stmt"/>
      <line num="570" count="0" type="stmt"/>
      <line num="574" count="4" type="stmt"/>
      <line num="575" count="4" type="stmt"/>
      <line num="576" count="4" type="cond" truecount="3" falsecount="0"/>
      <line num="577" count="2" type="stmt"/>
      <line num="579" count="2" type="stmt"/>
      <line num="580" count="2" type="cond" truecount="1" falsecount="0"/>
      <line num="581" count="1" type="stmt"/>
      <line num="582" count="1" type="stmt"/>
      <line num="587" count="1" type="stmt"/>
      <line num="589" count="0" type="stmt"/>
      <line num="590" count="0" type="stmt"/>
      <line num="594" count="1" type="stmt"/>
    </file>
    <file name="questionController.ts" path="D:\ClaseCuarto\SegundoCuatri\TFG\AudienceResponseSystem\restapi\controllers\questionController.ts">
      <metrics statements="179" coveredstatements="165" conditionals="86" coveredconditionals="78" methods="35" coveredmethods="34"/>
      <line num="3" count="1" type="stmt"/>
      <line num="5" count="1" type="stmt"/>
      <line num="6" count="1" type="stmt"/>
      <line num="8" count="1" type="stmt"/>
      <line num="10" count="2" type="stmt"/>
      <line num="11" count="2" type="stmt"/>
      <line num="12" count="2" type="stmt"/>
      <line num="24" count="2" type="stmt"/>
      <line num="26" count="0" type="stmt"/>
      <line num="30" count="2" type="stmt"/>
      <line num="31" count="2" type="stmt"/>
      <line num="32" count="2" type="stmt"/>
      <line num="37" count="2" type="stmt"/>
      <line num="52" count="2" type="stmt"/>
      <line num="54" count="0" type="stmt"/>
      <line num="58" count="2" type="stmt"/>
      <line num="59" count="2" type="stmt"/>
      <line num="60" count="2" type="stmt"/>
      <line num="75" count="2" type="stmt"/>
      <line num="77" count="0" type="stmt"/>
      <line num="81" count="16" type="stmt"/>
      <line num="82" count="16" type="stmt"/>
      <line num="83" count="16" type="stmt"/>
      <line num="84" count="16" type="stmt"/>
      <line num="85" count="16" type="cond" truecount="7" falsecount="0"/>
      <line num="86" count="1" type="stmt"/>
      <line num="87" count="15" type="stmt"/>
      <line num="93" count="15" type="cond" truecount="1" falsecount="0"/>
      <line num="94" count="1" type="stmt"/>
      <line num="96" count="14" type="cond" truecount="1" falsecount="0"/>
      <line num="97" count="1" type="stmt"/>
      <line num="98" count="13" type="cond" truecount="1" falsecount="0"/>
      <line num="99" count="1" type="stmt"/>
      <line num="100" count="12" type="stmt"/>
      <line num="101" count="12" type="stmt"/>
      <line num="102" count="38" type="cond" truecount="1" falsecount="0"/>
      <line num="103" count="13" type="stmt"/>
      <line num="106" count="12" type="stmt"/>
      <line num="107" count="12" type="cond" truecount="1" falsecount="0"/>
      <line num="108" count="10" type="stmt"/>
      <line num="111" count="2" type="stmt"/>
      <line num="126" count="2" type="stmt"/>
      <line num="127" count="1" type="stmt"/>
      <line num="129" count="1" type="stmt"/>
      <line num="130" count="1" type="stmt"/>
      <line num="135" count="26" type="stmt"/>
      <line num="136" count="26" type="cond" truecount="4" falsecount="0"/>
      <line num="138" count="11" type="cond" truecount="2" falsecount="0"/>
      <line num="139" count="4" type="stmt"/>
      <line num="140" count="7" type="cond" truecount="1" falsecount="0"/>
      <line num="141" count="2" type="stmt"/>
      <line num="142" count="11" type="stmt"/>
      <line num="145" count="7" type="cond" truecount="2" falsecount="0"/>
      <line num="146" count="2" type="stmt"/>
      <line num="147" count="5" type="cond" truecount="1" falsecount="0"/>
      <line num="148" count="2" type="stmt"/>
      <line num="149" count="7" type="stmt"/>
      <line num="152" count="4" type="cond" truecount="2" falsecount="0"/>
      <line num="153" count="1" type="stmt"/>
      <line num="154" count="3" type="cond" truecount="1" falsecount="0"/>
      <line num="155" count="1" type="stmt"/>
      <line num="156" count="4" type="stmt"/>
      <line num="159" count="4" type="stmt"/>
      <line num="160" count="4" type="stmt"/>
      <line num="163" count="26" type="stmt"/>
      <line num="166" count="4" type="stmt"/>
      <line num="167" count="4" type="stmt"/>
      <line num="168" count="4" type="cond" truecount="3" falsecount="0"/>
      <line num="169" count="2" type="stmt"/>
      <line num="171" count="2" type="stmt"/>
      <line num="172" count="2" type="cond" truecount="1" falsecount="0"/>
      <line num="173" count="1" type="stmt"/>
      <line num="174" count="1" type="stmt"/>
      <line num="179" count="1" type="stmt"/>
      <line num="181" count="0" type="stmt"/>
      <line num="185" count="3" type="stmt"/>
      <line num="186" count="3" type="stmt"/>
      <line num="187" count="3" type="cond" truecount="2" falsecount="1"/>
      <line num="188" count="0" type="stmt"/>
      <line num="190" count="3" type="stmt"/>
      <line num="195" count="3" type="cond" truecount="1" falsecount="0"/>
      <line num="196" count="1" type="stmt"/>
      <line num="198" count="2" type="stmt"/>
      <line num="206" count="2" type="stmt"/>
      <line num="208" count="2" type="stmt"/>
      <line num="209" count="2" type="stmt"/>
      <line num="224" count="2" type="stmt"/>
      <line num="238" count="2" type="stmt"/>
      <line num="239" count="2" type="stmt"/>
      <line num="241" count="0" type="stmt"/>
      <line num="242" count="0" type="stmt"/>
      <line num="246" count="4" type="stmt"/>
      <line num="247" count="4" type="cond" truecount="2" falsecount="1"/>
      <line num="248" count="0" type="stmt"/>
      <line num="250" count="4" type="stmt"/>
      <line num="251" count="4" type="cond" truecount="1" falsecount="0"/>
      <line num="252" count="3" type="stmt"/>
      <line num="253" count="4" type="stmt"/>
      <line num="254" count="4" type="stmt"/>
      <line num="255" count="4" type="stmt"/>
      <line num="256" count="4" type="stmt"/>
      <line num="257" count="4" type="stmt"/>
      <line num="259" count="0" type="stmt"/>
      <line num="262" count="8" type="stmt"/>
      <line num="265" count="4" type="cond" truecount="1" falsecount="0"/>
      <line num="266" count="1" type="stmt"/>
      <line num="268" count="4" type="stmt"/>
      <line num="269" count="4" type="stmt"/>
      <line num="270" count="4" type="stmt"/>
      <line num="278" count="4" type="stmt"/>
      <line num="279" count="4" type="stmt"/>
      <line num="280" count="4" type="stmt"/>
      <line num="281" count="4" type="stmt"/>
      <line num="282" count="4" type="stmt"/>
      <line num="283" count="8" type="cond" truecount="5" falsecount="0"/>
      <line num="284" count="2" type="stmt"/>
      <line num="286" count="8" type="stmt"/>
      <line num="287" count="8" type="stmt"/>
      <line num="288" count="8" type="cond" truecount="1" falsecount="0"/>
      <line num="289" count="8" type="cond" truecount="1" falsecount="0"/>
      <line num="290" count="8" type="cond" truecount="1" falsecount="0"/>
      <line num="291" count="8" type="stmt"/>
      <line num="292" count="8" type="stmt"/>
      <line num="293" count="24" type="cond" truecount="1" falsecount="0"/>
      <line num="294" count="9" type="stmt"/>
      <line num="297" count="8" type="cond" truecount="3" falsecount="0"/>
      <line num="298" count="4" type="stmt"/>
      <line num="300" count="8" type="stmt"/>
      <line num="318" count="4" type="cond" truecount="4" falsecount="0"/>
      <line num="319" count="2" type="stmt"/>
      <line num="320" count="3" type="stmt"/>
      <line num="322" count="2" type="stmt"/>
      <line num="323" count="2" type="cond" truecount="2" falsecount="0"/>
      <line num="324" count="1" type="stmt"/>
      <line num="326" count="1" type="stmt"/>
      <line num="329" count="0" type="stmt"/>
      <line num="330" count="0" type="stmt"/>
      <line num="334" count="5" type="stmt"/>
      <line num="335" count="5" type="stmt"/>
      <line num="336" count="5" type="stmt"/>
      <line num="337" count="5" type="stmt"/>
      <line num="342" count="5" type="cond" truecount="1" falsecount="0"/>
      <line num="343" count="1" type="stmt"/>
      <line num="344" count="4" type="cond" truecount="1" falsecount="0"/>
      <line num="345" count="1" type="stmt"/>
      <line num="347" count="3" type="cond" truecount="2" falsecount="0"/>
      <line num="348" count="3" type="cond" truecount="2" falsecount="0"/>
      <line num="349" count="3" type="cond" truecount="2" falsecount="0"/>
      <line num="350" count="3" type="cond" truecount="2" falsecount="0"/>
      <line num="351" count="3" type="stmt"/>
      <line num="352" count="3" type="stmt"/>
      <line num="353" count="8" type="cond" truecount="1" falsecount="0"/>
      <line num="354" count="3" type="stmt"/>
      <line num="356" count="3" type="stmt"/>
      <line num="357" count="3" type="stmt"/>
      <line num="358" count="3" type="cond" truecount="3" falsecount="0"/>
      <line num="359" count="1" type="stmt"/>
      <line num="361" count="2" type="stmt"/>
      <line num="373" count="2" type="cond" truecount="1" falsecount="0"/>
      <line num="374" count="2" type="stmt"/>
      <line num="375" count="2" type="stmt"/>
      <line num="376" count="6" type="stmt"/>
      <line num="387" count="2" type="stmt"/>
      <line num="389" count="0" type="stmt"/>
      <line num="390" count="0" type="stmt"/>
      <line num="394" count="4" type="stmt"/>
      <line num="395" count="4" type="stmt"/>
      <line num="396" count="4" type="cond" truecount="3" falsecount="0"/>
      <line num="397" count="2" type="stmt"/>
      <line num="399" count="2" type="stmt"/>
      <line num="417" count="2" type="stmt"/>
      <line num="418" count="2" type="stmt"/>
      <line num="420" count="0" type="stmt"/>
      <line num="424" count="4" type="stmt"/>
      <line num="425" count="4" type="stmt"/>
      <line num="426" count="4" type="stmt"/>
      <line num="434" count="1" type="stmt"/>
      <line num="436" count="3" type="stmt"/>
      <line num="441" count="1" type="stmt"/>
    </file>
    <file name="surveyController.ts" path="D:\ClaseCuarto\SegundoCuatri\TFG\AudienceResponseSystem\restapi\controllers\surveyController.ts">
      <metrics statements="82" coveredstatements="75" conditionals="24" coveredconditionals="23" methods="19" coveredmethods="19"/>
      <line num="4" count="1" type="stmt"/>
      <line num="6" count="2" type="stmt"/>
      <line num="7" count="2" type="stmt"/>
      <line num="8" count="2" type="stmt"/>
      <line num="24" count="2" type="stmt"/>
      <line num="26" count="0" type="stmt"/>
      <line num="31" count="4" type="stmt"/>
      <line num="32" count="4" type="stmt"/>
      <line num="33" count="4" type="cond" truecount="3" falsecount="0"/>
      <line num="34" count="2" type="stmt"/>
      <line num="36" count="2" type="stmt"/>
      <line num="41" count="2" type="stmt"/>
      <line num="61" count="2" type="stmt"/>
      <line num="63" count="0" type="stmt"/>
      <line num="67" count="4" type="stmt"/>
      <line num="68" count="4" type="stmt"/>
      <line num="69" count="4" type="cond" truecount="3" falsecount="0"/>
      <line num="70" count="2" type="stmt"/>
      <line num="72" count="2" type="stmt"/>
      <line num="92" count="2" type="stmt"/>
      <line num="94" count="0" type="stmt"/>
      <line num="98" count="5" type="stmt"/>
      <line num="99" count="5" type="stmt"/>
      <line num="100" count="5" type="stmt"/>
      <line num="102" count="5" type="cond" truecount="4" falsecount="0"/>
      <line num="103" count="1" type="stmt"/>
      <line num="106" count="4" type="cond" truecount="1" falsecount="0"/>
      <line num="107" count="1" type="stmt"/>
      <line num="110" count="4" type="stmt"/>
      <line num="115" count="4" type="cond" truecount="1" falsecount="0"/>
      <line num="116" count="2" type="stmt"/>
      <line num="119" count="2" type="stmt"/>
      <line num="127" count="2" type="stmt"/>
      <line num="128" count="2" type="stmt"/>
      <line num="134" count="1" type="stmt"/>
      <line num="135" count="1" type="stmt"/>
      <line num="137" count="1" type="stmt"/>
      <line num="138" count="1" type="stmt"/>
      <line num="142" count="4" type="stmt"/>
      <line num="143" count="4" type="stmt"/>
      <line num="144" count="4" type="cond" truecount="3" falsecount="0"/>
      <line num="145" count="2" type="stmt"/>
      <line num="147" count="2" type="stmt"/>
      <line num="171" count="2" type="stmt"/>
      <line num="172" count="2" type="stmt"/>
      <line num="174" count="0" type="stmt"/>
      <line num="178" count="3" type="stmt"/>
      <line num="179" count="3" type="stmt"/>
      <line num="180" count="3" type="stmt"/>
      <line num="181" count="3" type="cond" truecount="2" falsecount="1"/>
      <line num="182" count="0" type="stmt"/>
      <line num="185" count="3" type="cond" truecount="1" falsecount="0"/>
      <line num="186" count="1" type="stmt"/>
      <line num="189" count="3" type="stmt"/>
      <line num="190" count="3" type="cond" truecount="1" falsecount="0"/>
      <line num="191" count="1" type="stmt"/>
      <line num="194" count="2" type="stmt"/>
      <line num="199" count="2" type="stmt"/>
      <line num="208" count="2" type="stmt"/>
      <line num="213" count="2" type="stmt"/>
      <line num="214" count="2" type="stmt"/>
      <line num="231" count="2" type="stmt"/>
      <line num="233" count="0" type="stmt"/>
      <line num="234" count="0" type="stmt"/>
      <line num="238" count="4" type="stmt"/>
      <line num="239" count="4" type="stmt"/>
      <line num="240" count="4" type="cond" truecount="3" falsecount="0"/>
      <line num="241" count="2" type="stmt"/>
      <line num="243" count="2" type="stmt"/>
      <line num="244" count="2" type="cond" truecount="1" falsecount="0"/>
      <line num="245" count="1" type="stmt"/>
      <line num="247" count="2" type="stmt"/>
      <line num="252" count="1" type="stmt"/>
      <line num="254" count="1" type="stmt"/>
      <line num="255" count="1" type="stmt"/>
      <line num="259" count="4" type="stmt"/>
      <line num="260" count="4" type="stmt"/>
      <line num="261" count="4" type="stmt"/>
      <line num="269" count="1" type="stmt"/>
      <line num="271" count="3" type="stmt"/>
      <line num="272" count="3" type="stmt"/>
      <line num="276" count="1" type="stmt"/>
    </file>
    <file name="userController.ts" path="D:\ClaseCuarto\SegundoCuatri\TFG\AudienceResponseSystem\restapi\controllers\userController.ts">
      <metrics statements="148" coveredstatements="135" conditionals="34" coveredconditionals="32" methods="32" coveredmethods="31"/>
      <line num="3" count="1" type="stmt"/>
      <line num="4" count="1" type="stmt"/>
      <line num="5" count="1" type="stmt"/>
      <line num="6" count="1" type="stmt"/>
      <line num="7" count="1" type="stmt"/>
      <line num="8" count="1" type="stmt"/>
      <line num="9" count="1" type="stmt"/>
      <line num="10" count="1" type="stmt"/>
      <line num="11" count="1" type="stmt"/>
      <line num="12" count="1" type="stmt"/>
      <line num="17" count="1" type="stmt"/>
      <line num="19" count="2" type="stmt"/>
      <line num="20" count="2" type="stmt"/>
      <line num="21" count="2" type="stmt"/>
      <line num="28" count="2" type="stmt"/>
      <line num="30" count="0" type="stmt"/>
      <line num="34" count="2" type="stmt"/>
      <line num="35" count="2" type="stmt"/>
      <line num="36" count="2" type="cond" truecount="2" falsecount="1"/>
      <line num="37" count="0" type="stmt"/>
      <line num="39" count="2" type="stmt"/>
      <line num="49" count="2" type="stmt"/>
      <line num="51" count="0" type="stmt"/>
      <line num="55" count="6" type="stmt"/>
      <line num="56" count="6" type="stmt"/>
      <line num="57" count="6" type="stmt"/>
      <line num="58" count="6" type="stmt"/>
      <line num="59" count="4" type="stmt"/>
      <line num="65" count="4" type="cond" truecount="1" falsecount="0"/>
      <line num="66" count="1" type="stmt"/>
      <line num="69" count="3" type="stmt"/>
      <line num="73" count="3" type="cond" truecount="1" falsecount="0"/>
      <line num="74" count="3" type="stmt"/>
      <line num="75" count="3" type="stmt"/>
      <line num="76" count="3" type="stmt"/>
      <line num="78" count="3" type="stmt"/>
      <line num="83" count="3" type="stmt"/>
      <line num="84" count="3" type="stmt"/>
      <line num="85" count="3" type="stmt"/>
      <line num="88" count="2" type="stmt"/>
      <line num="93" count="3" type="stmt"/>
      <line num="94" count="3" type="stmt"/>
      <line num="95" count="0" type="stmt"/>
      <line num="107" count="0" type="stmt"/>
      <line num="116" count="0" type="stmt"/>
      <line num="118" count="3" type="stmt"/>
      <line num="122" count="4" type="stmt"/>
      <line num="123" count="4" type="stmt"/>
      <line num="124" count="4" type="stmt"/>
      <line num="125" count="4" type="stmt"/>
      <line num="131" count="4" type="cond" truecount="1" falsecount="0"/>
      <line num="132" count="2" type="stmt"/>
      <line num="135" count="2" type="stmt"/>
      <line num="136" count="2" type="cond" truecount="1" falsecount="0"/>
      <line num="137" count="1" type="stmt"/>
      <line num="140" count="1" type="stmt"/>
      <line num="141" count="1" type="stmt"/>
      <line num="142" count="1" type="stmt"/>
      <line num="151" count="0" type="stmt"/>
      <line num="156" count="9" type="cond" truecount="3" falsecount="0"/>
      <line num="158" count="4" type="stmt"/>
      <line num="161" count="1" type="stmt"/>
      <line num="164" count="4" type="stmt"/>
      <line num="169" count="3" type="stmt"/>
      <line num="170" count="3" type="stmt"/>
      <line num="171" count="3" type="stmt"/>
      <line num="172" count="3" type="stmt"/>
      <line num="177" count="3" type="cond" truecount="1" falsecount="0"/>
      <line num="178" count="1" type="stmt"/>
      <line num="180" count="2" type="cond" truecount="2" falsecount="0"/>
      <line num="181" count="2" type="cond" truecount="2" falsecount="0"/>
      <line num="182" count="2" type="cond" truecount="1" falsecount="1"/>
      <line num="183" count="2" type="stmt"/>
      <line num="184" count="2" type="stmt"/>
      <line num="185" count="2" type="stmt"/>
      <line num="195" count="2" type="stmt"/>
      <line num="198" count="0" type="stmt"/>
      <line num="199" count="0" type="stmt"/>
      <line num="203" count="4" type="stmt"/>
      <line num="204" count="4" type="stmt"/>
      <line num="205" count="4" type="cond" truecount="3" falsecount="0"/>
      <line num="206" count="2" type="stmt"/>
      <line num="208" count="2" type="stmt"/>
      <line num="213" count="2" type="cond" truecount="1" falsecount="0"/>
      <line num="214" count="1" type="stmt"/>
      <line num="216" count="1" type="stmt"/>
      <line num="221" count="1" type="stmt"/>
      <line num="223" count="0" type="stmt"/>
      <line num="224" count="0" type="stmt"/>
      <line num="228" count="4" type="stmt"/>
      <line num="229" count="4" type="stmt"/>
      <line num="230" count="4" type="stmt"/>
      <line num="231" count="4" type="stmt"/>
      <line num="232" count="4" type="stmt"/>
      <line num="233" count="4" type="stmt"/>
      <line num="235" count="0" type="stmt"/>
      <line num="238" count="8" type="stmt"/>
      <line num="241" count="4" type="cond" truecount="1" falsecount="0"/>
      <line num="242" count="1" type="stmt"/>
      <line num="245" count="4" type="stmt"/>
      <line num="246" count="4" type="stmt"/>
      <line num="247" count="4" type="stmt"/>
      <line num="257" count="4" type="stmt"/>
      <line num="259" count="4" type="stmt"/>
      <line num="260" count="4" type="stmt"/>
      <line num="261" count="4" type="stmt"/>
      <line num="262" count="4" type="stmt"/>
      <line num="263" count="4" type="stmt"/>
      <line num="264" count="8" type="cond" truecount="3" falsecount="0"/>
      <line num="265" count="3" type="stmt"/>
      <line num="266" count="8" type="stmt"/>
      <line num="267" count="8" type="stmt"/>
      <line num="273" count="4" type="cond" truecount="2" falsecount="0"/>
      <line num="274" count="3" type="stmt"/>
      <line num="275" count="2" type="stmt"/>
      <line num="277" count="1" type="stmt"/>
      <line num="280" count="1" type="stmt"/>
      <line num="281" count="1" type="stmt"/>
      <line num="285" count="4" type="stmt"/>
      <line num="286" count="4" type="stmt"/>
      <line num="287" count="4" type="cond" truecount="3" falsecount="0"/>
      <line num="288" count="2" type="stmt"/>
      <line num="290" count="2" type="stmt"/>
      <line num="304" count="2" type="stmt"/>
      <line num="305" count="2" type="stmt"/>
      <line num="307" count="0" type="stmt"/>
      <line num="311" count="5" type="stmt"/>
      <line num="312" count="5" type="stmt"/>
      <line num="313" count="5" type="stmt"/>
      <line num="318" count="4" type="cond" truecount="1" falsecount="0"/>
      <line num="319" count="1" type="stmt"/>
      <line num="321" count="3" type="stmt"/>
      <line num="322" count="2" type="stmt"/>
      <line num="323" count="2" type="cond" truecount="1" falsecount="0"/>
      <line num="324" count="1" type="stmt"/>
      <line num="327" count="1" type="stmt"/>
      <line num="328" count="1" type="stmt"/>
      <line num="329" count="1" type="stmt"/>
      <line num="330" count="1" type="stmt"/>
      <line num="338" count="1" type="stmt"/>
      <line num="340" count="2" type="stmt"/>
      <line num="341" count="2" type="stmt"/>
      <line num="345" count="4" type="stmt"/>
      <line num="346" count="4" type="stmt"/>
      <line num="347" count="4" type="stmt"/>
      <line num="355" count="1" type="stmt"/>
      <line num="357" count="3" type="stmt"/>
      <line num="361" count="1" type="stmt"/>
    </file>
  </project>
</coverage>
