{"D:\\ClaseCuarto\\SegundoCuatri\\TFG\\AudienceResponseSystem\\restapi\\controllers\\courseController.ts": {"path":"D:\\ClaseCuarto\\SegundoCuatri\\TFG\\AudienceResponseSystem\\restapi\\controllers\\courseController.ts","statementMap":{"0":{"start":{"line":3,"column":0},"end":{"line":3,"column":42}},"1":{"start":{"line":4,"column":0},"end":{"line":4,"column":36}},"2":{"start":{"line":9,"column":0},"end":{"line":9,"column":44}},"3":{"start":{"line":11,"column":19},"end":{"line":25,"column":null}},"4":{"start":{"line":11,"column":76},"end":{"line":25,"column":null}},"5":{"start":{"line":12,"column":4},"end":{"line":24,"column":null}},"6":{"start":{"line":13,"column":21},"end":{"line":19,"column":10}},"7":{"start":{"line":20,"column":8},"end":{"line":20,"column":null}},"8":{"start":{"line":22,"column":8},"end":{"line":22,"column":null}},"9":{"start":{"line":23,"column":8},"end":{"line":23,"column":null}},"10":{"start":{"line":27,"column":18},"end":{"line":47,"column":null}},"11":{"start":{"line":27,"column":75},"end":{"line":47,"column":null}},"12":{"start":{"line":28,"column":4},"end":{"line":46,"column":null}},"13":{"start":{"line":29,"column":8},"end":{"line":29,"column":null}},"14":{"start":{"line":30,"column":8},"end":{"line":32,"column":null}},"15":{"start":{"line":31,"column":12},"end":{"line":31,"column":null}},"16":{"start":{"line":33,"column":21},"end":{"line":42,"column":10}},"17":{"start":{"line":43,"column":8},"end":{"line":43,"column":null}},"18":{"start":{"line":45,"column":8},"end":{"line":45,"column":null}},"19":{"start":{"line":49,"column":21},"end":{"line":70,"column":null}},"20":{"start":{"line":49,"column":78},"end":{"line":70,"column":null}},"21":{"start":{"line":50,"column":4},"end":{"line":69,"column":null}},"22":{"start":{"line":51,"column":38},"end":{"line":51,"column":46}},"23":{"start":{"line":52,"column":31},"end":{"line":56,"column":10}},"24":{"start":{"line":57,"column":8},"end":{"line":59,"column":null}},"25":{"start":{"line":58,"column":12},"end":{"line":58,"column":null}},"26":{"start":{"line":61,"column":8},"end":{"line":64,"column":null}},"27":{"start":{"line":65,"column":8},"end":{"line":65,"column":null}},"28":{"start":{"line":66,"column":8},"end":{"line":66,"column":null}},"29":{"start":{"line":68,"column":8},"end":{"line":68,"column":null}},"30":{"start":{"line":72,"column":21},"end":{"line":98,"column":null}},"31":{"start":{"line":72,"column":78},"end":{"line":98,"column":null}},"32":{"start":{"line":73,"column":4},"end":{"line":97,"column":null}},"33":{"start":{"line":74,"column":42},"end":{"line":74,"column":50}},"34":{"start":{"line":75,"column":23},"end":{"line":79,"column":10}},"35":{"start":{"line":80,"column":8},"end":{"line":82,"column":null}},"36":{"start":{"line":81,"column":12},"end":{"line":81,"column":null}},"37":{"start":{"line":83,"column":24},"end":{"line":83,"column":55}},"38":{"start":{"line":84,"column":31},"end":{"line":84,"column":83}},"39":{"start":{"line":85,"column":8},"end":{"line":93,"column":null}},"40":{"start":{"line":94,"column":8},"end":{"line":94,"column":null}},"41":{"start":{"line":96,"column":8},"end":{"line":96,"column":null}},"42":{"start":{"line":100,"column":21},"end":{"line":122,"column":null}},"43":{"start":{"line":100,"column":78},"end":{"line":122,"column":null}},"44":{"start":{"line":101,"column":4},"end":{"line":121,"column":null}},"45":{"start":{"line":102,"column":8},"end":{"line":104,"column":null}},"46":{"start":{"line":103,"column":12},"end":{"line":103,"column":null}},"47":{"start":{"line":105,"column":23},"end":{"line":109,"column":10}},"48":{"start":{"line":110,"column":8},"end":{"line":112,"column":null}},"49":{"start":{"line":111,"column":12},"end":{"line":111,"column":null}},"50":{"start":{"line":113,"column":8},"end":{"line":117,"column":null}},"51":{"start":{"line":118,"column":8},"end":{"line":118,"column":null}},"52":{"start":{"line":120,"column":8},"end":{"line":120,"column":null}},"53":{"start":{"line":124,"column":22},"end":{"line":148,"column":null}},"54":{"start":{"line":124,"column":79},"end":{"line":148,"column":null}},"55":{"start":{"line":125,"column":4},"end":{"line":147,"column":null}},"56":{"start":{"line":126,"column":21},"end":{"line":126,"column":42}},"57":{"start":{"line":127,"column":8},"end":{"line":146,"column":null}},"58":{"start":{"line":128,"column":38},"end":{"line":128,"column":40}},"59":{"start":{"line":129,"column":12},"end":{"line":145,"column":null}},"60":{"start":{"line":131,"column":20},"end":{"line":131,"column":null}},"61":{"start":{"line":134,"column":20},"end":{"line":134,"column":null}},"62":{"start":{"line":137,"column":20},"end":{"line":139,"column":null}},"63":{"start":{"line":138,"column":24},"end":{"line":138,"column":null}},"64":{"start":{"line":141,"column":20},"end":{"line":144,"column":25}},"65":{"start":{"line":141,"column":32},"end":{"line":144,"column":22}},"66":{"start":{"line":142,"column":24},"end":{"line":142,"column":null}},"67":{"start":{"line":143,"column":24},"end":{"line":143,"column":null}},"68":{"start":{"line":151,"column":4},"end":{"line":170,"column":null}},"69":{"start":{"line":152,"column":56},"end":{"line":152,"column":58}},"70":{"start":{"line":153,"column":31},"end":{"line":153,"column":36}},"71":{"start":{"line":154,"column":8},"end":{"line":161,"column":null}},"72":{"start":{"line":155,"column":12},"end":{"line":156,"column":null}},"73":{"start":{"line":156,"column":16},"end":{"line":156,"column":null}},"74":{"start":{"line":157,"column":12},"end":{"line":160,"column":null}},"75":{"start":{"line":162,"column":8},"end":{"line":167,"column":null}},"76":{"start":{"line":163,"column":12},"end":{"line":163,"column":null}},"77":{"start":{"line":164,"column":12},"end":{"line":164,"column":null}},"78":{"start":{"line":166,"column":12},"end":{"line":166,"column":null}},"79":{"start":{"line":169,"column":8},"end":{"line":169,"column":null}},"80":{"start":{"line":173,"column":17},"end":{"line":193,"column":null}},"81":{"start":{"line":173,"column":74},"end":{"line":193,"column":null}},"82":{"start":{"line":174,"column":4},"end":{"line":192,"column":null}},"83":{"start":{"line":175,"column":37},"end":{"line":175,"column":45}},"84":{"start":{"line":176,"column":8},"end":{"line":177,"column":null}},"85":{"start":{"line":177,"column":12},"end":{"line":177,"column":null}},"86":{"start":{"line":178,"column":23},"end":{"line":178,"column":82}},"87":{"start":{"line":179,"column":8},"end":{"line":180,"column":null}},"88":{"start":{"line":180,"column":12},"end":{"line":180,"column":null}},"89":{"start":{"line":181,"column":26},"end":{"line":181,"column":62}},"90":{"start":{"line":181,"column":53},"end":{"line":181,"column":60}},"91":{"start":{"line":182,"column":27},"end":{"line":182,"column":91}},"92":{"start":{"line":183,"column":8},"end":{"line":184,"column":null}},"93":{"start":{"line":184,"column":12},"end":{"line":184,"column":null}},"94":{"start":{"line":185,"column":28},"end":{"line":185,"column":88}},"95":{"start":{"line":185,"column":55},"end":{"line":185,"column":86}},"96":{"start":{"line":186,"column":8},"end":{"line":188,"column":null}},"97":{"start":{"line":189,"column":8},"end":{"line":189,"column":null}},"98":{"start":{"line":191,"column":8},"end":{"line":191,"column":105}},"99":{"start":{"line":195,"column":19},"end":{"line":215,"column":null}},"100":{"start":{"line":195,"column":76},"end":{"line":215,"column":null}},"101":{"start":{"line":196,"column":4},"end":{"line":214,"column":null}},"102":{"start":{"line":197,"column":39},"end":{"line":197,"column":47}},"103":{"start":{"line":198,"column":8},"end":{"line":199,"column":null}},"104":{"start":{"line":199,"column":12},"end":{"line":199,"column":null}},"105":{"start":{"line":200,"column":23},"end":{"line":200,"column":82}},"106":{"start":{"line":201,"column":8},"end":{"line":202,"column":null}},"107":{"start":{"line":202,"column":12},"end":{"line":202,"column":null}},"108":{"start":{"line":203,"column":28},"end":{"line":203,"column":72}},"109":{"start":{"line":203,"column":61},"end":{"line":203,"column":70}},"110":{"start":{"line":204,"column":29},"end":{"line":204,"column":97}},"111":{"start":{"line":205,"column":8},"end":{"line":206,"column":null}},"112":{"start":{"line":206,"column":12},"end":{"line":206,"column":null}},"113":{"start":{"line":207,"column":29},"end":{"line":207,"column":99}},"114":{"start":{"line":207,"column":62},"end":{"line":207,"column":97}},"115":{"start":{"line":208,"column":8},"end":{"line":210,"column":null}},"116":{"start":{"line":211,"column":8},"end":{"line":211,"column":null}},"117":{"start":{"line":213,"column":8},"end":{"line":213,"column":110}},"118":{"start":{"line":217,"column":21},"end":{"line":238,"column":null}},"119":{"start":{"line":217,"column":78},"end":{"line":238,"column":null}},"120":{"start":{"line":218,"column":4},"end":{"line":237,"column":null}},"121":{"start":{"line":219,"column":41},"end":{"line":219,"column":49}},"122":{"start":{"line":220,"column":8},"end":{"line":221,"column":null}},"123":{"start":{"line":221,"column":12},"end":{"line":221,"column":null}},"124":{"start":{"line":222,"column":23},"end":{"line":222,"column":82}},"125":{"start":{"line":223,"column":8},"end":{"line":224,"column":null}},"126":{"start":{"line":224,"column":12},"end":{"line":224,"column":null}},"127":{"start":{"line":225,"column":30},"end":{"line":225,"column":82}},"128":{"start":{"line":225,"column":69},"end":{"line":225,"column":80}},"129":{"start":{"line":226,"column":31},"end":{"line":226,"column":103}},"130":{"start":{"line":227,"column":8},"end":{"line":228,"column":null}},"131":{"start":{"line":228,"column":12},"end":{"line":228,"column":null}},"132":{"start":{"line":229,"column":31},"end":{"line":229,"column":111}},"133":{"start":{"line":229,"column":70},"end":{"line":229,"column":109}},"134":{"start":{"line":230,"column":8},"end":{"line":232,"column":null}},"135":{"start":{"line":233,"column":8},"end":{"line":233,"column":null}},"136":{"start":{"line":235,"column":8},"end":{"line":235,"column":null}},"137":{"start":{"line":236,"column":8},"end":{"line":236,"column":106}},"138":{"start":{"line":240,"column":25},"end":{"line":264,"column":null}},"139":{"start":{"line":240,"column":82},"end":{"line":264,"column":null}},"140":{"start":{"line":241,"column":4},"end":{"line":263,"column":null}},"141":{"start":{"line":242,"column":8},"end":{"line":244,"column":null}},"142":{"start":{"line":243,"column":12},"end":{"line":243,"column":null}},"143":{"start":{"line":245,"column":28},"end":{"line":258,"column":10}},"144":{"start":{"line":259,"column":24},"end":{"line":259,"column":71}},"145":{"start":{"line":259,"column":57},"end":{"line":259,"column":70}},"146":{"start":{"line":260,"column":8},"end":{"line":260,"column":null}},"147":{"start":{"line":262,"column":8},"end":{"line":262,"column":43}},"148":{"start":{"line":266,"column":0},"end":{"line":277,"column":null}}},"fnMap":{"0":{"name":"(anonymous_8)","decl":{"start":{"line":11,"column":19},"end":{"line":11,"column":26}},"loc":{"start":{"line":11,"column":76},"end":{"line":25,"column":null}}},"1":{"name":"(anonymous_9)","decl":{"start":{"line":11,"column":76},"end":{"line":11,"column":null}},"loc":{"start":{"line":11,"column":76},"end":{"line":25,"column":1}}},"2":{"name":"(anonymous_10)","decl":{"start":{"line":27,"column":18},"end":{"line":27,"column":25}},"loc":{"start":{"line":27,"column":75},"end":{"line":47,"column":null}}},"3":{"name":"(anonymous_11)","decl":{"start":{"line":27,"column":75},"end":{"line":27,"column":null}},"loc":{"start":{"line":27,"column":75},"end":{"line":47,"column":1}}},"4":{"name":"(anonymous_12)","decl":{"start":{"line":49,"column":21},"end":{"line":49,"column":28}},"loc":{"start":{"line":49,"column":78},"end":{"line":70,"column":null}}},"5":{"name":"(anonymous_13)","decl":{"start":{"line":49,"column":78},"end":{"line":49,"column":null}},"loc":{"start":{"line":49,"column":78},"end":{"line":70,"column":1}}},"6":{"name":"(anonymous_14)","decl":{"start":{"line":72,"column":21},"end":{"line":72,"column":28}},"loc":{"start":{"line":72,"column":78},"end":{"line":98,"column":null}}},"7":{"name":"(anonymous_15)","decl":{"start":{"line":72,"column":78},"end":{"line":72,"column":null}},"loc":{"start":{"line":72,"column":78},"end":{"line":98,"column":1}}},"8":{"name":"(anonymous_16)","decl":{"start":{"line":100,"column":21},"end":{"line":100,"column":28}},"loc":{"start":{"line":100,"column":78},"end":{"line":122,"column":null}}},"9":{"name":"(anonymous_17)","decl":{"start":{"line":100,"column":78},"end":{"line":100,"column":null}},"loc":{"start":{"line":100,"column":78},"end":{"line":122,"column":1}}},"10":{"name":"(anonymous_18)","decl":{"start":{"line":124,"column":22},"end":{"line":124,"column":29}},"loc":{"start":{"line":124,"column":79},"end":{"line":148,"column":null}}},"11":{"name":"(anonymous_19)","decl":{"start":{"line":124,"column":79},"end":{"line":124,"column":null}},"loc":{"start":{"line":124,"column":79},"end":{"line":148,"column":1}}},"12":{"name":"(anonymous_20)","decl":{"start":{"line":125,"column":23},"end":{"line":125,"column":33}},"loc":{"start":{"line":125,"column":48},"end":{"line":147,"column":5}}},"13":{"name":"(anonymous_21)","decl":{"start":{"line":127,"column":24},"end":{"line":127,"column":34}},"loc":{"start":{"line":127,"column":52},"end":{"line":146,"column":9}}},"14":{"name":"(anonymous_22)","decl":{"start":{"line":130,"column":29},"end":{"line":130,"column":34}},"loc":{"start":{"line":130,"column":37},"end":{"line":132,"column":17}}},"15":{"name":"(anonymous_23)","decl":{"start":{"line":133,"column":28},"end":{"line":133,"column":31}},"loc":{"start":{"line":133,"column":34},"end":{"line":135,"column":17}}},"16":{"name":"(anonymous_24)","decl":{"start":{"line":136,"column":27},"end":{"line":136,"column":28}},"loc":{"start":{"line":136,"column":48},"end":{"line":145,"column":17}}},"17":{"name":"(anonymous_25)","decl":{"start":{"line":141,"column":21},"end":{"line":141,"column":30}},"loc":{"start":{"line":141,"column":32},"end":{"line":144,"column":22}}},"18":{"name":"(anonymous_26)","decl":{"start":{"line":141,"column":32},"end":{"line":141,"column":null}},"loc":{"start":{"line":141,"column":32},"end":{"line":144,"column":21}}},"19":{"name":"addCourses","decl":{"start":{"line":150,"column":15},"end":{"line":150,"column":25}},"loc":{"start":{"line":150,"column":58},"end":{"line":171,"column":null}}},"20":{"name":"(anonymous_29)","decl":{"start":{"line":154,"column":24},"end":{"line":154,"column":30}},"loc":{"start":{"line":154,"column":33},"end":{"line":161,"column":9}}},"21":{"name":"(anonymous_30)","decl":{"start":{"line":173,"column":17},"end":{"line":173,"column":24}},"loc":{"start":{"line":173,"column":74},"end":{"line":193,"column":null}}},"22":{"name":"(anonymous_31)","decl":{"start":{"line":173,"column":74},"end":{"line":173,"column":null}},"loc":{"start":{"line":173,"column":74},"end":{"line":193,"column":1}}},"23":{"name":"(anonymous_32)","decl":{"start":{"line":181,"column":36},"end":{"line":181,"column":37}},"loc":{"start":{"line":181,"column":53},"end":{"line":181,"column":60}}},"24":{"name":"(anonymous_33)","decl":{"start":{"line":185,"column":38},"end":{"line":185,"column":39}},"loc":{"start":{"line":185,"column":55},"end":{"line":185,"column":86}}},"25":{"name":"(anonymous_34)","decl":{"start":{"line":195,"column":19},"end":{"line":195,"column":26}},"loc":{"start":{"line":195,"column":76},"end":{"line":215,"column":null}}},"26":{"name":"(anonymous_35)","decl":{"start":{"line":195,"column":76},"end":{"line":195,"column":null}},"loc":{"start":{"line":195,"column":76},"end":{"line":215,"column":1}}},"27":{"name":"(anonymous_36)","decl":{"start":{"line":203,"column":40},"end":{"line":203,"column":41}},"loc":{"start":{"line":203,"column":61},"end":{"line":203,"column":70}}},"28":{"name":"(anonymous_37)","decl":{"start":{"line":207,"column":41},"end":{"line":207,"column":42}},"loc":{"start":{"line":207,"column":62},"end":{"line":207,"column":97}}},"29":{"name":"(anonymous_38)","decl":{"start":{"line":217,"column":21},"end":{"line":217,"column":28}},"loc":{"start":{"line":217,"column":78},"end":{"line":238,"column":null}}},"30":{"name":"(anonymous_39)","decl":{"start":{"line":217,"column":78},"end":{"line":217,"column":null}},"loc":{"start":{"line":217,"column":78},"end":{"line":238,"column":1}}},"31":{"name":"(anonymous_40)","decl":{"start":{"line":225,"column":44},"end":{"line":225,"column":45}},"loc":{"start":{"line":225,"column":69},"end":{"line":225,"column":80}}},"32":{"name":"(anonymous_41)","decl":{"start":{"line":229,"column":45},"end":{"line":229,"column":46}},"loc":{"start":{"line":229,"column":70},"end":{"line":229,"column":109}}},"33":{"name":"(anonymous_42)","decl":{"start":{"line":240,"column":25},"end":{"line":240,"column":32}},"loc":{"start":{"line":240,"column":82},"end":{"line":264,"column":null}}},"34":{"name":"(anonymous_43)","decl":{"start":{"line":240,"column":82},"end":{"line":240,"column":null}},"loc":{"start":{"line":240,"column":82},"end":{"line":264,"column":1}}},"35":{"name":"(anonymous_44)","decl":{"start":{"line":259,"column":40},"end":{"line":259,"column":41}},"loc":{"start":{"line":259,"column":57},"end":{"line":259,"column":70}}}},"branchMap":{"0":{"loc":{"start":{"line":29,"column":20},"end":{"line":29,"column":66}},"type":"binary-expr","locations":[{"start":{"line":29,"column":20},"end":{"line":29,"column":34}},{"start":{"line":29,"column":38},"end":{"line":29,"column":66}}]},"1":{"loc":{"start":{"line":30,"column":8},"end":{"line":32,"column":null}},"type":"if","locations":[{"start":{"line":30,"column":8},"end":{"line":32,"column":null}}]},"2":{"loc":{"start":{"line":30,"column":12},"end":{"line":30,"column":58}},"type":"binary-expr","locations":[{"start":{"line":30,"column":12},"end":{"line":30,"column":26}},{"start":{"line":30,"column":30},"end":{"line":30,"column":58}}]},"3":{"loc":{"start":{"line":57,"column":8},"end":{"line":59,"column":null}},"type":"if","locations":[{"start":{"line":57,"column":8},"end":{"line":59,"column":null}}]},"4":{"loc":{"start":{"line":80,"column":8},"end":{"line":82,"column":null}},"type":"if","locations":[{"start":{"line":80,"column":8},"end":{"line":82,"column":null}}]},"5":{"loc":{"start":{"line":83,"column":24},"end":{"line":83,"column":55}},"type":"cond-expr","locations":[{"start":{"line":83,"column":37},"end":{"line":83,"column":41}},{"start":{"line":83,"column":44},"end":{"line":83,"column":55}}]},"6":{"loc":{"start":{"line":84,"column":31},"end":{"line":84,"column":83}},"type":"cond-expr","locations":[{"start":{"line":84,"column":51},"end":{"line":84,"column":62}},{"start":{"line":84,"column":65},"end":{"line":84,"column":83}}]},"7":{"loc":{"start":{"line":102,"column":8},"end":{"line":104,"column":null}},"type":"if","locations":[{"start":{"line":102,"column":8},"end":{"line":104,"column":null}}]},"8":{"loc":{"start":{"line":102,"column":12},"end":{"line":102,"column":58}},"type":"binary-expr","locations":[{"start":{"line":102,"column":12},"end":{"line":102,"column":26}},{"start":{"line":102,"column":30},"end":{"line":102,"column":58}}]},"9":{"loc":{"start":{"line":110,"column":8},"end":{"line":112,"column":null}},"type":"if","locations":[{"start":{"line":110,"column":8},"end":{"line":112,"column":null}}]},"10":{"loc":{"start":{"line":137,"column":20},"end":{"line":139,"column":null}},"type":"if","locations":[{"start":{"line":137,"column":20},"end":{"line":139,"column":null}}]},"11":{"loc":{"start":{"line":155,"column":12},"end":{"line":156,"column":null}},"type":"if","locations":[{"start":{"line":155,"column":12},"end":{"line":156,"column":null}}]},"12":{"loc":{"start":{"line":155,"column":16},"end":{"line":155,"column":61}},"type":"binary-expr","locations":[{"start":{"line":155,"column":16},"end":{"line":155,"column":40}},{"start":{"line":155,"column":44},"end":{"line":155,"column":61}}]},"13":{"loc":{"start":{"line":162,"column":8},"end":{"line":167,"column":null}},"type":"if","locations":[{"start":{"line":162,"column":8},"end":{"line":167,"column":null}},{"start":{"line":165,"column":15},"end":{"line":167,"column":null}}]},"14":{"loc":{"start":{"line":176,"column":8},"end":{"line":177,"column":null}},"type":"if","locations":[{"start":{"line":176,"column":8},"end":{"line":177,"column":null}}]},"15":{"loc":{"start":{"line":179,"column":8},"end":{"line":180,"column":null}},"type":"if","locations":[{"start":{"line":179,"column":8},"end":{"line":180,"column":null}}]},"16":{"loc":{"start":{"line":183,"column":8},"end":{"line":184,"column":null}},"type":"if","locations":[{"start":{"line":183,"column":8},"end":{"line":184,"column":null}}]},"17":{"loc":{"start":{"line":198,"column":8},"end":{"line":199,"column":null}},"type":"if","locations":[{"start":{"line":198,"column":8},"end":{"line":199,"column":null}}]},"18":{"loc":{"start":{"line":201,"column":8},"end":{"line":202,"column":null}},"type":"if","locations":[{"start":{"line":201,"column":8},"end":{"line":202,"column":null}}]},"19":{"loc":{"start":{"line":205,"column":8},"end":{"line":206,"column":null}},"type":"if","locations":[{"start":{"line":205,"column":8},"end":{"line":206,"column":null}}]},"20":{"loc":{"start":{"line":220,"column":8},"end":{"line":221,"column":null}},"type":"if","locations":[{"start":{"line":220,"column":8},"end":{"line":221,"column":null}}]},"21":{"loc":{"start":{"line":223,"column":8},"end":{"line":224,"column":null}},"type":"if","locations":[{"start":{"line":223,"column":8},"end":{"line":224,"column":null}}]},"22":{"loc":{"start":{"line":227,"column":8},"end":{"line":228,"column":null}},"type":"if","locations":[{"start":{"line":227,"column":8},"end":{"line":228,"column":null}}]},"23":{"loc":{"start":{"line":242,"column":8},"end":{"line":244,"column":null}},"type":"if","locations":[{"start":{"line":242,"column":8},"end":{"line":244,"column":null}}]},"24":{"loc":{"start":{"line":242,"column":12},"end":{"line":242,"column":58}},"type":"binary-expr","locations":[{"start":{"line":242,"column":12},"end":{"line":242,"column":26}},{"start":{"line":242,"column":30},"end":{"line":242,"column":58}}]}},"s":{"0":1,"1":1,"2":1,"3":1,"4":2,"5":2,"6":2,"7":2,"8":0,"9":0,"10":1,"11":2,"12":2,"13":2,"14":2,"15":0,"16":2,"17":2,"18":0,"19":1,"20":4,"21":4,"22":4,"23":4,"24":3,"25":1,"26":2,"27":2,"28":1,"29":2,"30":1,"31":3,"32":3,"33":3,"34":3,"35":3,"36":1,"37":2,"38":2,"39":2,"40":2,"41":0,"42":1,"43":4,"44":4,"45":4,"46":2,"47":2,"48":2,"49":1,"50":1,"51":1,"52":0,"53":1,"54":4,"55":4,"56":4,"57":4,"58":4,"59":4,"60":0,"61":8,"62":4,"63":1,"64":4,"65":4,"66":4,"67":4,"68":4,"69":4,"70":4,"71":4,"72":8,"73":3,"74":8,"75":4,"76":3,"77":2,"78":1,"79":1,"80":1,"81":4,"82":4,"83":4,"84":4,"85":1,"86":3,"87":3,"88":1,"89":2,"90":4,"91":2,"92":2,"93":1,"94":1,"95":2,"96":1,"97":1,"98":0,"99":1,"100":4,"101":4,"102":4,"103":4,"104":1,"105":3,"106":3,"107":1,"108":2,"109":4,"110":2,"111":2,"112":1,"113":1,"114":2,"115":1,"116":1,"117":0,"118":1,"119":4,"120":4,"121":4,"122":4,"123":1,"124":3,"125":3,"126":1,"127":2,"128":4,"129":2,"130":2,"131":1,"132":1,"133":2,"134":1,"135":1,"136":0,"137":0,"138":1,"139":4,"140":4,"141":4,"142":2,"143":2,"144":2,"145":2,"146":2,"147":0,"148":1},"f":{"0":2,"1":2,"2":2,"3":2,"4":4,"5":4,"6":3,"7":3,"8":4,"9":4,"10":4,"11":4,"12":4,"13":4,"14":0,"15":8,"16":4,"17":4,"18":4,"19":4,"20":8,"21":4,"22":4,"23":4,"24":2,"25":4,"26":4,"27":4,"28":2,"29":4,"30":4,"31":4,"32":2,"33":4,"34":4,"35":2},"b":{"0":[2,2],"1":[0],"2":[2,2],"3":[1],"4":[1],"5":[1,1],"6":[1,1],"7":[2],"8":[4,3],"9":[1],"10":[1],"11":[3],"12":[8,7],"13":[3,1],"14":[1],"15":[1],"16":[1],"17":[1],"18":[1],"19":[1],"20":[1],"21":[1],"22":[1],"23":[2],"24":[4,3]}}
,"D:\\ClaseCuarto\\SegundoCuatri\\TFG\\AudienceResponseSystem\\restapi\\controllers\\gameController.ts": {"path":"D:\\ClaseCuarto\\SegundoCuatri\\TFG\\AudienceResponseSystem\\restapi\\controllers\\gameController.ts","statementMap":{"0":{"start":{"line":2,"column":0},"end":{"line":2,"column":46}},"1":{"start":{"line":5,"column":0},"end":{"line":5,"column":44}},"2":{"start":{"line":7,"column":20},"end":{"line":46,"column":null}},"3":{"start":{"line":7,"column":77},"end":{"line":46,"column":null}},"4":{"start":{"line":8,"column":4},"end":{"line":45,"column":null}},"5":{"start":{"line":9,"column":8},"end":{"line":11,"column":null}},"6":{"start":{"line":10,"column":12},"end":{"line":10,"column":null}},"7":{"start":{"line":12,"column":21},"end":{"line":40,"column":10}},"8":{"start":{"line":41,"column":8},"end":{"line":41,"column":null}},"9":{"start":{"line":43,"column":8},"end":{"line":43,"column":null}},"10":{"start":{"line":44,"column":8},"end":{"line":44,"column":null}},"11":{"start":{"line":52,"column":39},"end":{"line":123,"column":null}},"12":{"start":{"line":52,"column":120},"end":{"line":123,"column":null}},"13":{"start":{"line":53,"column":4},"end":{"line":122,"column":null}},"14":{"start":{"line":54,"column":8},"end":{"line":54,"column":null}},"15":{"start":{"line":55,"column":8},"end":{"line":57,"column":null}},"16":{"start":{"line":56,"column":12},"end":{"line":56,"column":null}},"17":{"start":{"line":58,"column":35},"end":{"line":58,"column":37}},"18":{"start":{"line":59,"column":8},"end":{"line":63,"column":null}},"19":{"start":{"line":60,"column":12},"end":{"line":60,"column":null}},"20":{"start":{"line":62,"column":12},"end":{"line":62,"column":null}},"21":{"start":{"line":62,"column":52},"end":{"line":62,"column":62}},"22":{"start":{"line":65,"column":8},"end":{"line":67,"column":null}},"23":{"start":{"line":66,"column":12},"end":{"line":66,"column":null}},"24":{"start":{"line":69,"column":28},"end":{"line":75,"column":10}},"25":{"start":{"line":76,"column":37},"end":{"line":76,"column":72}},"26":{"start":{"line":76,"column":60},"end":{"line":76,"column":71}},"27":{"start":{"line":77,"column":21},"end":{"line":117,"column":10}},"28":{"start":{"line":118,"column":8},"end":{"line":118,"column":null}},"29":{"start":{"line":120,"column":8},"end":{"line":120,"column":null}},"30":{"start":{"line":121,"column":8},"end":{"line":121,"column":null}},"31":{"start":{"line":125,"column":19},"end":{"line":186,"column":null}},"32":{"start":{"line":125,"column":76},"end":{"line":186,"column":null}},"33":{"start":{"line":126,"column":4},"end":{"line":185,"column":null}},"34":{"start":{"line":127,"column":87},"end":{"line":127,"column":95}},"35":{"start":{"line":129,"column":8},"end":{"line":131,"column":null}},"36":{"start":{"line":130,"column":12},"end":{"line":130,"column":null}},"37":{"start":{"line":133,"column":21},"end":{"line":133,"column":72}},"38":{"start":{"line":134,"column":8},"end":{"line":135,"column":null}},"39":{"start":{"line":135,"column":12},"end":{"line":135,"column":null}},"40":{"start":{"line":137,"column":23},"end":{"line":137,"column":78}},"41":{"start":{"line":138,"column":8},"end":{"line":139,"column":null}},"42":{"start":{"line":139,"column":12},"end":{"line":139,"column":null}},"43":{"start":{"line":142,"column":8},"end":{"line":153,"column":null}},"44":{"start":{"line":154,"column":26},"end":{"line":180,"column":10}},"45":{"start":{"line":181,"column":8},"end":{"line":181,"column":null}},"46":{"start":{"line":183,"column":8},"end":{"line":183,"column":null}},"47":{"start":{"line":184,"column":8},"end":{"line":184,"column":null}},"48":{"start":{"line":188,"column":20},"end":{"line":238,"column":null}},"49":{"start":{"line":188,"column":77},"end":{"line":238,"column":null}},"50":{"start":{"line":189,"column":4},"end":{"line":237,"column":null}},"51":{"start":{"line":190,"column":8},"end":{"line":192,"column":null}},"52":{"start":{"line":191,"column":12},"end":{"line":191,"column":null}},"53":{"start":{"line":194,"column":8},"end":{"line":196,"column":null}},"54":{"start":{"line":195,"column":12},"end":{"line":195,"column":null}},"55":{"start":{"line":197,"column":21},"end":{"line":197,"column":86}},"56":{"start":{"line":198,"column":8},"end":{"line":199,"column":null}},"57":{"start":{"line":199,"column":12},"end":{"line":199,"column":null}},"58":{"start":{"line":200,"column":27},"end":{"line":231,"column":10}},"59":{"start":{"line":233,"column":8},"end":{"line":233,"column":null}},"60":{"start":{"line":235,"column":8},"end":{"line":235,"column":null}},"61":{"start":{"line":236,"column":8},"end":{"line":236,"column":null}},"62":{"start":{"line":240,"column":22},"end":{"line":274,"column":null}},"63":{"start":{"line":240,"column":79},"end":{"line":274,"column":null}},"64":{"start":{"line":241,"column":4},"end":{"line":273,"column":null}},"65":{"start":{"line":242,"column":8},"end":{"line":243,"column":null}},"66":{"start":{"line":243,"column":12},"end":{"line":243,"column":null}},"67":{"start":{"line":244,"column":42},"end":{"line":244,"column":50}},"68":{"start":{"line":245,"column":34},"end":{"line":249,"column":11}},"69":{"start":{"line":245,"column":79},"end":{"line":249,"column":10}},"70":{"start":{"line":250,"column":44},"end":{"line":250,"column":46}},"71":{"start":{"line":251,"column":8},"end":{"line":253,"column":null}},"72":{"start":{"line":252,"column":12},"end":{"line":252,"column":null}},"73":{"start":{"line":254,"column":36},"end":{"line":262,"column":11}},"74":{"start":{"line":254,"column":77},"end":{"line":262,"column":10}},"75":{"start":{"line":263,"column":8},"end":{"line":265,"column":null}},"76":{"start":{"line":266,"column":8},"end":{"line":268,"column":null}},"77":{"start":{"line":269,"column":8},"end":{"line":269,"column":null}},"78":{"start":{"line":271,"column":8},"end":{"line":271,"column":null}},"79":{"start":{"line":272,"column":8},"end":{"line":272,"column":null}},"80":{"start":{"line":276,"column":30},"end":{"line":331,"column":null}},"81":{"start":{"line":276,"column":87},"end":{"line":331,"column":null}},"82":{"start":{"line":277,"column":4},"end":{"line":330,"column":null}},"83":{"start":{"line":278,"column":8},"end":{"line":280,"column":null}},"84":{"start":{"line":279,"column":12},"end":{"line":279,"column":null}},"85":{"start":{"line":281,"column":21},"end":{"line":281,"column":88}},"86":{"start":{"line":282,"column":8},"end":{"line":283,"column":null}},"87":{"start":{"line":283,"column":12},"end":{"line":283,"column":null}},"88":{"start":{"line":284,"column":23},"end":{"line":324,"column":10}},"89":{"start":{"line":325,"column":8},"end":{"line":325,"column":null}},"90":{"start":{"line":326,"column":8},"end":{"line":326,"column":null}},"91":{"start":{"line":328,"column":8},"end":{"line":328,"column":null}},"92":{"start":{"line":329,"column":8},"end":{"line":329,"column":null}},"93":{"start":{"line":333,"column":19},"end":{"line":351,"column":null}},"94":{"start":{"line":333,"column":76},"end":{"line":351,"column":null}},"95":{"start":{"line":334,"column":4},"end":{"line":350,"column":null}},"96":{"start":{"line":335,"column":8},"end":{"line":337,"column":null}},"97":{"start":{"line":336,"column":12},"end":{"line":336,"column":null}},"98":{"start":{"line":338,"column":21},"end":{"line":338,"column":86}},"99":{"start":{"line":339,"column":8},"end":{"line":340,"column":null}},"100":{"start":{"line":340,"column":12},"end":{"line":340,"column":null}},"101":{"start":{"line":341,"column":8},"end":{"line":345,"column":null}},"102":{"start":{"line":346,"column":8},"end":{"line":346,"column":null}},"103":{"start":{"line":348,"column":8},"end":{"line":348,"column":null}},"104":{"start":{"line":349,"column":8},"end":{"line":349,"column":null}},"105":{"start":{"line":353,"column":0},"end":{"line":361,"column":null}}},"fnMap":{"0":{"name":"(anonymous_8)","decl":{"start":{"line":7,"column":20},"end":{"line":7,"column":27}},"loc":{"start":{"line":7,"column":77},"end":{"line":46,"column":null}}},"1":{"name":"(anonymous_9)","decl":{"start":{"line":7,"column":77},"end":{"line":7,"column":null}},"loc":{"start":{"line":7,"column":77},"end":{"line":46,"column":1}}},"2":{"name":"(anonymous_10)","decl":{"start":{"line":52,"column":39},"end":{"line":52,"column":46}},"loc":{"start":{"line":52,"column":120},"end":{"line":123,"column":null}}},"3":{"name":"(anonymous_11)","decl":{"start":{"line":52,"column":120},"end":{"line":52,"column":null}},"loc":{"start":{"line":52,"column":120},"end":{"line":123,"column":1}}},"4":{"name":"(anonymous_12)","decl":{"start":{"line":62,"column":46},"end":{"line":62,"column":48}},"loc":{"start":{"line":62,"column":52},"end":{"line":62,"column":62}}},"5":{"name":"(anonymous_13)","decl":{"start":{"line":76,"column":55},"end":{"line":76,"column":56}},"loc":{"start":{"line":76,"column":60},"end":{"line":76,"column":71}}},"6":{"name":"(anonymous_14)","decl":{"start":{"line":125,"column":19},"end":{"line":125,"column":26}},"loc":{"start":{"line":125,"column":76},"end":{"line":186,"column":null}}},"7":{"name":"(anonymous_15)","decl":{"start":{"line":125,"column":76},"end":{"line":125,"column":null}},"loc":{"start":{"line":125,"column":76},"end":{"line":186,"column":1}}},"8":{"name":"(anonymous_16)","decl":{"start":{"line":188,"column":20},"end":{"line":188,"column":27}},"loc":{"start":{"line":188,"column":77},"end":{"line":238,"column":null}}},"9":{"name":"(anonymous_17)","decl":{"start":{"line":188,"column":77},"end":{"line":188,"column":null}},"loc":{"start":{"line":188,"column":77},"end":{"line":238,"column":1}}},"10":{"name":"(anonymous_18)","decl":{"start":{"line":240,"column":22},"end":{"line":240,"column":29}},"loc":{"start":{"line":240,"column":79},"end":{"line":274,"column":null}}},"11":{"name":"(anonymous_19)","decl":{"start":{"line":240,"column":79},"end":{"line":240,"column":null}},"loc":{"start":{"line":240,"column":79},"end":{"line":274,"column":1}}},"12":{"name":"(anonymous_20)","decl":{"start":{"line":245,"column":50},"end":{"line":245,"column":51}},"loc":{"start":{"line":245,"column":79},"end":{"line":249,"column":10}}},"13":{"name":"(anonymous_21)","decl":{"start":{"line":251,"column":28},"end":{"line":251,"column":29}},"loc":{"start":{"line":251,"column":47},"end":{"line":253,"column":9}}},"14":{"name":"(anonymous_22)","decl":{"start":{"line":254,"column":54},"end":{"line":254,"column":55}},"loc":{"start":{"line":254,"column":77},"end":{"line":262,"column":10}}},"15":{"name":"(anonymous_23)","decl":{"start":{"line":276,"column":30},"end":{"line":276,"column":37}},"loc":{"start":{"line":276,"column":87},"end":{"line":331,"column":null}}},"16":{"name":"(anonymous_24)","decl":{"start":{"line":276,"column":87},"end":{"line":276,"column":null}},"loc":{"start":{"line":276,"column":87},"end":{"line":331,"column":1}}},"17":{"name":"(anonymous_25)","decl":{"start":{"line":333,"column":19},"end":{"line":333,"column":26}},"loc":{"start":{"line":333,"column":76},"end":{"line":351,"column":null}}},"18":{"name":"(anonymous_26)","decl":{"start":{"line":333,"column":76},"end":{"line":333,"column":null}},"loc":{"start":{"line":333,"column":76},"end":{"line":351,"column":1}}}},"branchMap":{"0":{"loc":{"start":{"line":9,"column":8},"end":{"line":11,"column":null}},"type":"if","locations":[{"start":{"line":9,"column":8},"end":{"line":11,"column":null}}]},"1":{"loc":{"start":{"line":9,"column":12},"end":{"line":9,"column":58}},"type":"binary-expr","locations":[{"start":{"line":9,"column":12},"end":{"line":9,"column":26}},{"start":{"line":9,"column":30},"end":{"line":9,"column":58}}]},"2":{"loc":{"start":{"line":55,"column":8},"end":{"line":57,"column":null}},"type":"if","locations":[{"start":{"line":55,"column":8},"end":{"line":57,"column":null}}]},"3":{"loc":{"start":{"line":59,"column":8},"end":{"line":63,"column":null}},"type":"if","locations":[{"start":{"line":59,"column":8},"end":{"line":63,"column":null}},{"start":{"line":61,"column":15},"end":{"line":63,"column":null}}]},"4":{"loc":{"start":{"line":65,"column":8},"end":{"line":67,"column":null}},"type":"if","locations":[{"start":{"line":65,"column":8},"end":{"line":67,"column":null}}]},"5":{"loc":{"start":{"line":129,"column":8},"end":{"line":131,"column":null}},"type":"if","locations":[{"start":{"line":129,"column":8},"end":{"line":131,"column":null}}]},"6":{"loc":{"start":{"line":129,"column":11},"end":{"line":129,"column":93}},"type":"binary-expr","locations":[{"start":{"line":129,"column":11},"end":{"line":129,"column":19}},{"start":{"line":129,"column":23},"end":{"line":129,"column":33}},{"start":{"line":129,"column":37},"end":{"line":129,"column":42}},{"start":{"line":129,"column":46},"end":{"line":129,"column":52}},{"start":{"line":129,"column":56},"end":{"line":129,"column":78}},{"start":{"line":129,"column":82},"end":{"line":129,"column":93}}]},"7":{"loc":{"start":{"line":134,"column":8},"end":{"line":135,"column":null}},"type":"if","locations":[{"start":{"line":134,"column":8},"end":{"line":135,"column":null}}]},"8":{"loc":{"start":{"line":138,"column":8},"end":{"line":139,"column":null}},"type":"if","locations":[{"start":{"line":138,"column":8},"end":{"line":139,"column":null}}]},"9":{"loc":{"start":{"line":190,"column":8},"end":{"line":192,"column":null}},"type":"if","locations":[{"start":{"line":190,"column":8},"end":{"line":192,"column":null}}]},"10":{"loc":{"start":{"line":190,"column":12},"end":{"line":190,"column":58}},"type":"binary-expr","locations":[{"start":{"line":190,"column":12},"end":{"line":190,"column":26}},{"start":{"line":190,"column":30},"end":{"line":190,"column":58}}]},"11":{"loc":{"start":{"line":194,"column":8},"end":{"line":196,"column":null}},"type":"if","locations":[{"start":{"line":194,"column":8},"end":{"line":196,"column":null}}]},"12":{"loc":{"start":{"line":194,"column":12},"end":{"line":194,"column":45}},"type":"binary-expr","locations":[{"start":{"line":194,"column":12},"end":{"line":194,"column":26}},{"start":{"line":194,"column":30},"end":{"line":194,"column":45}}]},"13":{"loc":{"start":{"line":198,"column":8},"end":{"line":199,"column":null}},"type":"if","locations":[{"start":{"line":198,"column":8},"end":{"line":199,"column":null}}]},"14":{"loc":{"start":{"line":242,"column":8},"end":{"line":243,"column":null}},"type":"if","locations":[{"start":{"line":242,"column":8},"end":{"line":243,"column":null}}]},"15":{"loc":{"start":{"line":278,"column":8},"end":{"line":280,"column":null}},"type":"if","locations":[{"start":{"line":278,"column":8},"end":{"line":280,"column":null}}]},"16":{"loc":{"start":{"line":278,"column":12},"end":{"line":278,"column":58}},"type":"binary-expr","locations":[{"start":{"line":278,"column":12},"end":{"line":278,"column":26}},{"start":{"line":278,"column":30},"end":{"line":278,"column":58}}]},"17":{"loc":{"start":{"line":282,"column":8},"end":{"line":283,"column":null}},"type":"if","locations":[{"start":{"line":282,"column":8},"end":{"line":283,"column":null}}]},"18":{"loc":{"start":{"line":335,"column":8},"end":{"line":337,"column":null}},"type":"if","locations":[{"start":{"line":335,"column":8},"end":{"line":337,"column":null}}]},"19":{"loc":{"start":{"line":335,"column":12},"end":{"line":335,"column":58}},"type":"binary-expr","locations":[{"start":{"line":335,"column":12},"end":{"line":335,"column":26}},{"start":{"line":335,"column":30},"end":{"line":335,"column":58}}]},"20":{"loc":{"start":{"line":339,"column":8},"end":{"line":340,"column":null}},"type":"if","locations":[{"start":{"line":339,"column":8},"end":{"line":340,"column":null}}]}},"s":{"0":1,"1":1,"2":1,"3":4,"4":4,"5":4,"6":2,"7":2,"8":2,"9":0,"10":0,"11":1,"12":3,"13":3,"14":3,"15":3,"16":1,"17":2,"18":2,"19":0,"20":2,"21":2,"22":2,"23":1,"24":1,"25":1,"26":3,"27":1,"28":1,"29":0,"30":0,"31":1,"32":5,"33":5,"34":5,"35":5,"36":4,"37":5,"38":4,"39":2,"40":4,"41":4,"42":3,"43":4,"44":4,"45":1,"46":4,"47":4,"48":1,"49":4,"50":4,"51":4,"52":2,"53":2,"54":0,"55":2,"56":2,"57":1,"58":1,"59":1,"60":0,"61":0,"62":1,"63":3,"64":3,"65":3,"66":1,"67":2,"68":2,"69":3,"70":2,"71":2,"72":3,"73":2,"74":3,"75":2,"76":1,"77":1,"78":1,"79":1,"80":1,"81":5,"82":5,"83":5,"84":2,"85":3,"86":3,"87":1,"88":2,"89":2,"90":2,"91":0,"92":0,"93":1,"94":4,"95":4,"96":4,"97":2,"98":2,"99":2,"100":1,"101":1,"102":1,"103":0,"104":0,"105":1},"f":{"0":4,"1":4,"2":3,"3":3,"4":2,"5":3,"6":5,"7":5,"8":4,"9":4,"10":3,"11":3,"12":3,"13":3,"14":3,"15":5,"16":5,"17":4,"18":4},"b":{"0":[2],"1":[4,3],"2":[1],"3":[0,2],"4":[1],"5":[4],"6":[5,4,1,1,1,1],"7":[2],"8":[3],"9":[2],"10":[4,3],"11":[0],"12":[2,2],"13":[1],"14":[1],"15":[2],"16":[5,4],"17":[1],"18":[2],"19":[4,3],"20":[1]}}
,"D:\\ClaseCuarto\\SegundoCuatri\\TFG\\AudienceResponseSystem\\restapi\\controllers\\questionController.ts": {"path":"D:\\ClaseCuarto\\SegundoCuatri\\TFG\\AudienceResponseSystem\\restapi\\controllers\\questionController.ts","statementMap":{"0":{"start":{"line":3,"column":0},"end":{"line":3,"column":44}},"1":{"start":{"line":4,"column":0},"end":{"line":4,"column":41}},"2":{"start":{"line":6,"column":0},"end":{"line":6,"column":42}},"3":{"start":{"line":7,"column":0},"end":{"line":7,"column":36}},"4":{"start":{"line":13,"column":21},"end":{"line":31,"column":null}},"5":{"start":{"line":13,"column":78},"end":{"line":31,"column":null}},"6":{"start":{"line":14,"column":4},"end":{"line":30,"column":null}},"7":{"start":{"line":15,"column":21},"end":{"line":26,"column":10}},"8":{"start":{"line":27,"column":8},"end":{"line":27,"column":null}},"9":{"start":{"line":29,"column":8},"end":{"line":29,"column":null}},"10":{"start":{"line":33,"column":27},"end":{"line":59,"column":null}},"11":{"start":{"line":33,"column":84},"end":{"line":59,"column":null}},"12":{"start":{"line":34,"column":4},"end":{"line":58,"column":null}},"13":{"start":{"line":35,"column":19},"end":{"line":39,"column":10}},"14":{"start":{"line":40,"column":21},"end":{"line":54,"column":10}},"15":{"start":{"line":55,"column":8},"end":{"line":55,"column":44}},"16":{"start":{"line":57,"column":8},"end":{"line":57,"column":43}},"17":{"start":{"line":61,"column":24},"end":{"line":82,"column":null}},"18":{"start":{"line":61,"column":81},"end":{"line":82,"column":null}},"19":{"start":{"line":62,"column":4},"end":{"line":81,"column":null}},"20":{"start":{"line":63,"column":21},"end":{"line":77,"column":10}},"21":{"start":{"line":78,"column":8},"end":{"line":78,"column":44}},"22":{"start":{"line":80,"column":8},"end":{"line":80,"column":43}},"23":{"start":{"line":84,"column":23},"end":{"line":135,"column":null}},"24":{"start":{"line":84,"column":80},"end":{"line":135,"column":null}},"25":{"start":{"line":85,"column":4},"end":{"line":134,"column":null}},"26":{"start":{"line":86,"column":96},"end":{"line":86,"column":104}},"27":{"start":{"line":87,"column":8},"end":{"line":87,"column":null}},"28":{"start":{"line":88,"column":8},"end":{"line":89,"column":null}},"29":{"start":{"line":89,"column":12},"end":{"line":89,"column":null}},"30":{"start":{"line":90,"column":21},"end":{"line":94,"column":10}},"31":{"start":{"line":96,"column":8},"end":{"line":98,"column":null}},"32":{"start":{"line":97,"column":12},"end":{"line":97,"column":null}},"33":{"start":{"line":99,"column":8},"end":{"line":100,"column":null}},"34":{"start":{"line":100,"column":12},"end":{"line":100,"column":null}},"35":{"start":{"line":101,"column":8},"end":{"line":102,"column":null}},"36":{"start":{"line":102,"column":12},"end":{"line":102,"column":null}},"37":{"start":{"line":103,"column":29},"end":{"line":103,"column":30}},"38":{"start":{"line":104,"column":8},"end":{"line":107,"column":null}},"39":{"start":{"line":105,"column":12},"end":{"line":106,"column":null}},"40":{"start":{"line":106,"column":16},"end":{"line":106,"column":null}},"41":{"start":{"line":109,"column":24},"end":{"line":109,"column":68}},"42":{"start":{"line":110,"column":8},"end":{"line":111,"column":null}},"43":{"start":{"line":111,"column":12},"end":{"line":111,"column":null}},"44":{"start":{"line":114,"column":8},"end":{"line":128,"column":null}},"45":{"start":{"line":129,"column":8},"end":{"line":129,"column":null}},"46":{"start":{"line":130,"column":8},"end":{"line":130,"column":93}},"47":{"start":{"line":132,"column":8},"end":{"line":132,"column":null}},"48":{"start":{"line":133,"column":8},"end":{"line":133,"column":null}},"49":{"start":{"line":138,"column":18},"end":{"line":138,"column":20}},"50":{"start":{"line":139,"column":4},"end":{"line":165,"column":null}},"51":{"start":{"line":141,"column":12},"end":{"line":144,"column":null}},"52":{"start":{"line":142,"column":16},"end":{"line":142,"column":null}},"53":{"start":{"line":143,"column":17},"end":{"line":144,"column":null}},"54":{"start":{"line":144,"column":16},"end":{"line":144,"column":null}},"55":{"start":{"line":145,"column":12},"end":{"line":145,"column":18}},"56":{"start":{"line":148,"column":12},"end":{"line":151,"column":null}},"57":{"start":{"line":149,"column":16},"end":{"line":149,"column":null}},"58":{"start":{"line":150,"column":17},"end":{"line":151,"column":null}},"59":{"start":{"line":151,"column":16},"end":{"line":151,"column":null}},"60":{"start":{"line":152,"column":12},"end":{"line":152,"column":18}},"61":{"start":{"line":155,"column":12},"end":{"line":158,"column":null}},"62":{"start":{"line":156,"column":16},"end":{"line":156,"column":null}},"63":{"start":{"line":157,"column":17},"end":{"line":158,"column":null}},"64":{"start":{"line":158,"column":16},"end":{"line":158,"column":null}},"65":{"start":{"line":159,"column":12},"end":{"line":159,"column":18}},"66":{"start":{"line":162,"column":12},"end":{"line":162,"column":null}},"67":{"start":{"line":163,"column":12},"end":{"line":163,"column":17}},"68":{"start":{"line":166,"column":4},"end":{"line":166,"column":null}},"69":{"start":{"line":169,"column":23},"end":{"line":186,"column":null}},"70":{"start":{"line":169,"column":80},"end":{"line":186,"column":null}},"71":{"start":{"line":170,"column":4},"end":{"line":185,"column":null}},"72":{"start":{"line":171,"column":8},"end":{"line":173,"column":null}},"73":{"start":{"line":172,"column":12},"end":{"line":172,"column":null}},"74":{"start":{"line":174,"column":25},"end":{"line":174,"column":99}},"75":{"start":{"line":175,"column":8},"end":{"line":176,"column":null}},"76":{"start":{"line":176,"column":12},"end":{"line":176,"column":null}},"77":{"start":{"line":177,"column":8},"end":{"line":181,"column":null}},"78":{"start":{"line":182,"column":8},"end":{"line":182,"column":null}},"79":{"start":{"line":184,"column":8},"end":{"line":184,"column":null}},"80":{"start":{"line":188,"column":24},"end":{"line":247,"column":null}},"81":{"start":{"line":188,"column":81},"end":{"line":247,"column":null}},"82":{"start":{"line":189,"column":4},"end":{"line":246,"column":null}},"83":{"start":{"line":190,"column":8},"end":{"line":192,"column":null}},"84":{"start":{"line":191,"column":12},"end":{"line":191,"column":null}},"85":{"start":{"line":193,"column":19},"end":{"line":197,"column":10}},"86":{"start":{"line":198,"column":8},"end":{"line":200,"column":null}},"87":{"start":{"line":199,"column":12},"end":{"line":199,"column":null}},"88":{"start":{"line":201,"column":21},"end":{"line":208,"column":10}},"89":{"start":{"line":209,"column":8},"end":{"line":209,"column":null}},"90":{"start":{"line":211,"column":42},"end":{"line":226,"column":10}},"91":{"start":{"line":212,"column":12},"end":{"line":225,"column":null}},"92":{"start":{"line":227,"column":45},"end":{"line":240,"column":11}},"93":{"start":{"line":241,"column":20},"end":{"line":241,"column":47}},"94":{"start":{"line":242,"column":8},"end":{"line":242,"column":41}},"95":{"start":{"line":244,"column":8},"end":{"line":244,"column":null}},"96":{"start":{"line":245,"column":8},"end":{"line":245,"column":null}},"97":{"start":{"line":249,"column":24},"end":{"line":278,"column":null}},"98":{"start":{"line":249,"column":81},"end":{"line":278,"column":null}},"99":{"start":{"line":250,"column":4},"end":{"line":252,"column":null}},"100":{"start":{"line":251,"column":8},"end":{"line":251,"column":null}},"101":{"start":{"line":253,"column":17},"end":{"line":253,"column":86}},"102":{"start":{"line":254,"column":4},"end":{"line":255,"column":null}},"103":{"start":{"line":255,"column":8},"end":{"line":255,"column":null}},"104":{"start":{"line":256,"column":4},"end":{"line":277,"column":null}},"105":{"start":{"line":257,"column":21},"end":{"line":257,"column":42}},"106":{"start":{"line":258,"column":8},"end":{"line":276,"column":null}},"107":{"start":{"line":259,"column":45},"end":{"line":259,"column":47}},"108":{"start":{"line":260,"column":12},"end":{"line":275,"column":null}},"109":{"start":{"line":262,"column":20},"end":{"line":262,"column":null}},"110":{"start":{"line":265,"column":20},"end":{"line":265,"column":null}},"111":{"start":{"line":268,"column":20},"end":{"line":270,"column":null}},"112":{"start":{"line":269,"column":24},"end":{"line":269,"column":null}},"113":{"start":{"line":271,"column":20},"end":{"line":274,"column":25}},"114":{"start":{"line":271,"column":32},"end":{"line":274,"column":22}},"115":{"start":{"line":272,"column":24},"end":{"line":272,"column":null}},"116":{"start":{"line":273,"column":24},"end":{"line":273,"column":null}},"117":{"start":{"line":281,"column":4},"end":{"line":334,"column":null}},"118":{"start":{"line":282,"column":60},"end":{"line":282,"column":62}},"119":{"start":{"line":283,"column":31},"end":{"line":283,"column":36}},"120":{"start":{"line":284,"column":33},"end":{"line":284,"column":38}},"121":{"start":{"line":285,"column":8},"end":{"line":319,"column":null}},"122":{"start":{"line":286,"column":12},"end":{"line":288,"column":null}},"123":{"start":{"line":287,"column":16},"end":{"line":287,"column":null}},"124":{"start":{"line":289,"column":36},"end":{"line":289,"column":38}},"125":{"start":{"line":290,"column":12},"end":{"line":290,"column":null}},"126":{"start":{"line":291,"column":12},"end":{"line":291,"column":null}},"127":{"start":{"line":291,"column":43},"end":{"line":291,"column":null}},"128":{"start":{"line":292,"column":12},"end":{"line":292,"column":null}},"129":{"start":{"line":292,"column":43},"end":{"line":292,"column":null}},"130":{"start":{"line":293,"column":12},"end":{"line":293,"column":null}},"131":{"start":{"line":293,"column":43},"end":{"line":293,"column":null}},"132":{"start":{"line":294,"column":33},"end":{"line":294,"column":34}},"133":{"start":{"line":295,"column":12},"end":{"line":298,"column":null}},"134":{"start":{"line":296,"column":16},"end":{"line":297,"column":null}},"135":{"start":{"line":297,"column":20},"end":{"line":297,"column":null}},"136":{"start":{"line":300,"column":12},"end":{"line":301,"column":null}},"137":{"start":{"line":301,"column":16},"end":{"line":301,"column":null}},"138":{"start":{"line":303,"column":12},"end":{"line":318,"column":null}},"139":{"start":{"line":321,"column":8},"end":{"line":330,"column":null}},"140":{"start":{"line":322,"column":12},"end":{"line":324,"column":null}},"141":{"start":{"line":323,"column":16},"end":{"line":323,"column":null}},"142":{"start":{"line":325,"column":12},"end":{"line":325,"column":null}},"143":{"start":{"line":326,"column":15},"end":{"line":330,"column":null}},"144":{"start":{"line":327,"column":12},"end":{"line":327,"column":null}},"145":{"start":{"line":329,"column":12},"end":{"line":329,"column":null}},"146":{"start":{"line":332,"column":8},"end":{"line":332,"column":null}},"147":{"start":{"line":333,"column":8},"end":{"line":333,"column":null}},"148":{"start":{"line":337,"column":23},"end":{"line":395,"column":null}},"149":{"start":{"line":337,"column":80},"end":{"line":395,"column":null}},"150":{"start":{"line":338,"column":4},"end":{"line":394,"column":null}},"151":{"start":{"line":339,"column":83},"end":{"line":339,"column":91}},"152":{"start":{"line":340,"column":25},"end":{"line":344,"column":10}},"153":{"start":{"line":345,"column":8},"end":{"line":346,"column":null}},"154":{"start":{"line":346,"column":12},"end":{"line":346,"column":null}},"155":{"start":{"line":347,"column":8},"end":{"line":348,"column":null}},"156":{"start":{"line":348,"column":12},"end":{"line":348,"column":null}},"157":{"start":{"line":350,"column":31},"end":{"line":350,"column":85}},"158":{"start":{"line":351,"column":28},"end":{"line":351,"column":70}},"159":{"start":{"line":352,"column":24},"end":{"line":352,"column":57}},"160":{"start":{"line":353,"column":31},"end":{"line":353,"column":85}},"161":{"start":{"line":354,"column":29},"end":{"line":354,"column":30}},"162":{"start":{"line":355,"column":12},"end":{"line":358,"column":null}},"163":{"start":{"line":356,"column":16},"end":{"line":357,"column":null}},"164":{"start":{"line":357,"column":20},"end":{"line":357,"column":null}},"165":{"start":{"line":359,"column":22},"end":{"line":359,"column":77}},"166":{"start":{"line":360,"column":8},"end":{"line":360,"column":null}},"167":{"start":{"line":361,"column":8},"end":{"line":362,"column":null}},"168":{"start":{"line":362,"column":12},"end":{"line":362,"column":null}},"169":{"start":{"line":364,"column":8},"end":{"line":375,"column":null}},"170":{"start":{"line":376,"column":8},"end":{"line":388,"column":null}},"171":{"start":{"line":377,"column":12},"end":{"line":377,"column":null}},"172":{"start":{"line":378,"column":12},"end":{"line":387,"column":null}},"173":{"start":{"line":379,"column":16},"end":{"line":385,"column":null}},"174":{"start":{"line":390,"column":8},"end":{"line":390,"column":null}},"175":{"start":{"line":392,"column":8},"end":{"line":392,"column":null}},"176":{"start":{"line":393,"column":8},"end":{"line":393,"column":null}},"177":{"start":{"line":397,"column":29},"end":{"line":425,"column":null}},"178":{"start":{"line":397,"column":86},"end":{"line":425,"column":null}},"179":{"start":{"line":398,"column":4},"end":{"line":424,"column":null}},"180":{"start":{"line":399,"column":8},"end":{"line":401,"column":null}},"181":{"start":{"line":400,"column":12},"end":{"line":400,"column":null}},"182":{"start":{"line":402,"column":30},"end":{"line":419,"column":10}},"183":{"start":{"line":420,"column":25},"end":{"line":420,"column":80}},"184":{"start":{"line":420,"column":62},"end":{"line":420,"column":79}},"185":{"start":{"line":421,"column":8},"end":{"line":421,"column":null}},"186":{"start":{"line":423,"column":8},"end":{"line":423,"column":96}},"187":{"start":{"line":427,"column":33},"end":{"line":441,"column":null}},"188":{"start":{"line":427,"column":90},"end":{"line":441,"column":null}},"189":{"start":{"line":428,"column":4},"end":{"line":440,"column":null}},"190":{"start":{"line":429,"column":8},"end":{"line":436,"column":null}},"191":{"start":{"line":437,"column":8},"end":{"line":437,"column":null}},"192":{"start":{"line":439,"column":8},"end":{"line":439,"column":null}},"193":{"start":{"line":444,"column":0},"end":{"line":455,"column":null}}},"fnMap":{"0":{"name":"(anonymous_8)","decl":{"start":{"line":13,"column":21},"end":{"line":13,"column":28}},"loc":{"start":{"line":13,"column":78},"end":{"line":31,"column":null}}},"1":{"name":"(anonymous_9)","decl":{"start":{"line":13,"column":78},"end":{"line":13,"column":null}},"loc":{"start":{"line":13,"column":78},"end":{"line":31,"column":1}}},"2":{"name":"(anonymous_10)","decl":{"start":{"line":33,"column":27},"end":{"line":33,"column":34}},"loc":{"start":{"line":33,"column":84},"end":{"line":59,"column":null}}},"3":{"name":"(anonymous_11)","decl":{"start":{"line":33,"column":84},"end":{"line":33,"column":null}},"loc":{"start":{"line":33,"column":84},"end":{"line":59,"column":1}}},"4":{"name":"(anonymous_12)","decl":{"start":{"line":61,"column":24},"end":{"line":61,"column":31}},"loc":{"start":{"line":61,"column":81},"end":{"line":82,"column":null}}},"5":{"name":"(anonymous_13)","decl":{"start":{"line":61,"column":81},"end":{"line":61,"column":null}},"loc":{"start":{"line":61,"column":81},"end":{"line":82,"column":1}}},"6":{"name":"(anonymous_14)","decl":{"start":{"line":84,"column":23},"end":{"line":84,"column":30}},"loc":{"start":{"line":84,"column":80},"end":{"line":135,"column":null}}},"7":{"name":"(anonymous_15)","decl":{"start":{"line":84,"column":80},"end":{"line":84,"column":null}},"loc":{"start":{"line":84,"column":80},"end":{"line":135,"column":1}}},"8":{"name":"(anonymous_16)","decl":{"start":{"line":104,"column":24},"end":{"line":104,"column":25}},"loc":{"start":{"line":104,"column":43},"end":{"line":107,"column":9}}},"9":{"name":"checkQuestion","decl":{"start":{"line":137,"column":9},"end":{"line":137,"column":22}},"loc":{"start":{"line":137,"column":71},"end":{"line":167,"column":1}}},"10":{"name":"(anonymous_18)","decl":{"start":{"line":169,"column":23},"end":{"line":169,"column":30}},"loc":{"start":{"line":169,"column":80},"end":{"line":186,"column":null}}},"11":{"name":"(anonymous_19)","decl":{"start":{"line":169,"column":80},"end":{"line":169,"column":null}},"loc":{"start":{"line":169,"column":80},"end":{"line":186,"column":1}}},"12":{"name":"(anonymous_20)","decl":{"start":{"line":188,"column":24},"end":{"line":188,"column":31}},"loc":{"start":{"line":188,"column":81},"end":{"line":247,"column":null}}},"13":{"name":"(anonymous_21)","decl":{"start":{"line":188,"column":81},"end":{"line":188,"column":null}},"loc":{"start":{"line":188,"column":81},"end":{"line":247,"column":1}}},"14":{"name":"(anonymous_22)","decl":{"start":{"line":211,"column":53},"end":{"line":211,"column":54}},"loc":{"start":{"line":212,"column":12},"end":{"line":225,"column":null}}},"15":{"name":"(anonymous_23)","decl":{"start":{"line":249,"column":24},"end":{"line":249,"column":31}},"loc":{"start":{"line":249,"column":81},"end":{"line":278,"column":null}}},"16":{"name":"(anonymous_24)","decl":{"start":{"line":249,"column":81},"end":{"line":249,"column":null}},"loc":{"start":{"line":249,"column":81},"end":{"line":278,"column":1}}},"17":{"name":"(anonymous_25)","decl":{"start":{"line":256,"column":23},"end":{"line":256,"column":33}},"loc":{"start":{"line":256,"column":48},"end":{"line":277,"column":5}}},"18":{"name":"(anonymous_26)","decl":{"start":{"line":258,"column":24},"end":{"line":258,"column":34}},"loc":{"start":{"line":258,"column":52},"end":{"line":276,"column":9}}},"19":{"name":"(anonymous_27)","decl":{"start":{"line":261,"column":29},"end":{"line":261,"column":34}},"loc":{"start":{"line":261,"column":37},"end":{"line":263,"column":17}}},"20":{"name":"(anonymous_28)","decl":{"start":{"line":264,"column":28},"end":{"line":264,"column":31}},"loc":{"start":{"line":264,"column":34},"end":{"line":266,"column":17}}},"21":{"name":"(anonymous_29)","decl":{"start":{"line":267,"column":27},"end":{"line":267,"column":28}},"loc":{"start":{"line":267,"column":48},"end":{"line":275,"column":17}}},"22":{"name":"(anonymous_30)","decl":{"start":{"line":271,"column":21},"end":{"line":271,"column":30}},"loc":{"start":{"line":271,"column":32},"end":{"line":274,"column":22}}},"23":{"name":"(anonymous_31)","decl":{"start":{"line":271,"column":32},"end":{"line":271,"column":null}},"loc":{"start":{"line":271,"column":32},"end":{"line":274,"column":21}}},"24":{"name":"addQuestion","decl":{"start":{"line":280,"column":15},"end":{"line":280,"column":26}},"loc":{"start":{"line":280,"column":83},"end":{"line":335,"column":null}}},"25":{"name":"(anonymous_34)","decl":{"start":{"line":285,"column":26},"end":{"line":285,"column":34}},"loc":{"start":{"line":285,"column":37},"end":{"line":319,"column":9}}},"26":{"name":"(anonymous_35)","decl":{"start":{"line":295,"column":28},"end":{"line":295,"column":29}},"loc":{"start":{"line":295,"column":47},"end":{"line":298,"column":13}}},"27":{"name":"(anonymous_36)","decl":{"start":{"line":337,"column":23},"end":{"line":337,"column":30}},"loc":{"start":{"line":337,"column":80},"end":{"line":395,"column":null}}},"28":{"name":"(anonymous_37)","decl":{"start":{"line":337,"column":80},"end":{"line":337,"column":null}},"loc":{"start":{"line":337,"column":80},"end":{"line":395,"column":1}}},"29":{"name":"(anonymous_38)","decl":{"start":{"line":355,"column":28},"end":{"line":355,"column":29}},"loc":{"start":{"line":355,"column":47},"end":{"line":358,"column":13}}},"30":{"name":"(anonymous_39)","decl":{"start":{"line":397,"column":29},"end":{"line":397,"column":36}},"loc":{"start":{"line":397,"column":86},"end":{"line":425,"column":null}}},"31":{"name":"(anonymous_40)","decl":{"start":{"line":397,"column":86},"end":{"line":397,"column":null}},"loc":{"start":{"line":397,"column":86},"end":{"line":425,"column":1}}},"32":{"name":"(anonymous_41)","decl":{"start":{"line":420,"column":43},"end":{"line":420,"column":44}},"loc":{"start":{"line":420,"column":62},"end":{"line":420,"column":79}}},"33":{"name":"(anonymous_42)","decl":{"start":{"line":427,"column":33},"end":{"line":427,"column":40}},"loc":{"start":{"line":427,"column":90},"end":{"line":441,"column":null}}},"34":{"name":"(anonymous_43)","decl":{"start":{"line":427,"column":90},"end":{"line":427,"column":null}},"loc":{"start":{"line":427,"column":90},"end":{"line":441,"column":1}}}},"branchMap":{"0":{"loc":{"start":{"line":88,"column":8},"end":{"line":89,"column":null}},"type":"if","locations":[{"start":{"line":88,"column":8},"end":{"line":89,"column":null}}]},"1":{"loc":{"start":{"line":88,"column":12},"end":{"line":88,"column":93}},"type":"binary-expr","locations":[{"start":{"line":88,"column":12},"end":{"line":88,"column":24}},{"start":{"line":88,"column":28},"end":{"line":88,"column":36}},{"start":{"line":88,"column":40},"end":{"line":88,"column":45}},{"start":{"line":88,"column":49},"end":{"line":88,"column":61}},{"start":{"line":88,"column":65},"end":{"line":88,"column":73}},{"start":{"line":88,"column":77},"end":{"line":88,"column":93}}]},"2":{"loc":{"start":{"line":96,"column":8},"end":{"line":98,"column":null}},"type":"if","locations":[{"start":{"line":96,"column":8},"end":{"line":98,"column":null}}]},"3":{"loc":{"start":{"line":99,"column":8},"end":{"line":100,"column":null}},"type":"if","locations":[{"start":{"line":99,"column":8},"end":{"line":100,"column":null}}]},"4":{"loc":{"start":{"line":101,"column":8},"end":{"line":102,"column":null}},"type":"if","locations":[{"start":{"line":101,"column":8},"end":{"line":102,"column":null}}]},"5":{"loc":{"start":{"line":105,"column":12},"end":{"line":106,"column":null}},"type":"if","locations":[{"start":{"line":105,"column":12},"end":{"line":106,"column":null}}]},"6":{"loc":{"start":{"line":110,"column":8},"end":{"line":111,"column":null}},"type":"if","locations":[{"start":{"line":110,"column":8},"end":{"line":111,"column":null}}]},"7":{"loc":{"start":{"line":139,"column":4},"end":{"line":165,"column":null}},"type":"switch","locations":[{"start":{"line":140,"column":8},"end":{"line":146,"column":null}},{"start":{"line":147,"column":8},"end":{"line":153,"column":null}},{"start":{"line":154,"column":8},"end":{"line":160,"column":null}},{"start":{"line":161,"column":8},"end":{"line":164,"column":null}}]},"8":{"loc":{"start":{"line":141,"column":12},"end":{"line":144,"column":null}},"type":"if","locations":[{"start":{"line":141,"column":12},"end":{"line":144,"column":null}},{"start":{"line":143,"column":17},"end":{"line":144,"column":null}}]},"9":{"loc":{"start":{"line":143,"column":17},"end":{"line":144,"column":null}},"type":"if","locations":[{"start":{"line":143,"column":17},"end":{"line":144,"column":null}}]},"10":{"loc":{"start":{"line":148,"column":12},"end":{"line":151,"column":null}},"type":"if","locations":[{"start":{"line":148,"column":12},"end":{"line":151,"column":null}},{"start":{"line":150,"column":17},"end":{"line":151,"column":null}}]},"11":{"loc":{"start":{"line":150,"column":17},"end":{"line":151,"column":null}},"type":"if","locations":[{"start":{"line":150,"column":17},"end":{"line":151,"column":null}}]},"12":{"loc":{"start":{"line":155,"column":12},"end":{"line":158,"column":null}},"type":"if","locations":[{"start":{"line":155,"column":12},"end":{"line":158,"column":null}},{"start":{"line":157,"column":17},"end":{"line":158,"column":null}}]},"13":{"loc":{"start":{"line":157,"column":17},"end":{"line":158,"column":null}},"type":"if","locations":[{"start":{"line":157,"column":17},"end":{"line":158,"column":null}}]},"14":{"loc":{"start":{"line":171,"column":8},"end":{"line":173,"column":null}},"type":"if","locations":[{"start":{"line":171,"column":8},"end":{"line":173,"column":null}}]},"15":{"loc":{"start":{"line":171,"column":12},"end":{"line":171,"column":58}},"type":"binary-expr","locations":[{"start":{"line":171,"column":12},"end":{"line":171,"column":26}},{"start":{"line":171,"column":30},"end":{"line":171,"column":58}}]},"16":{"loc":{"start":{"line":175,"column":8},"end":{"line":176,"column":null}},"type":"if","locations":[{"start":{"line":175,"column":8},"end":{"line":176,"column":null}}]},"17":{"loc":{"start":{"line":190,"column":8},"end":{"line":192,"column":null}},"type":"if","locations":[{"start":{"line":190,"column":8},"end":{"line":192,"column":null}}]},"18":{"loc":{"start":{"line":190,"column":12},"end":{"line":190,"column":58}},"type":"binary-expr","locations":[{"start":{"line":190,"column":12},"end":{"line":190,"column":26}},{"start":{"line":190,"column":30},"end":{"line":190,"column":58}}]},"19":{"loc":{"start":{"line":198,"column":8},"end":{"line":200,"column":null}},"type":"if","locations":[{"start":{"line":198,"column":8},"end":{"line":200,"column":null}}]},"20":{"loc":{"start":{"line":219,"column":28},"end":{"line":219,"column":102}},"type":"cond-expr","locations":[{"start":{"line":219,"column":59},"end":{"line":219,"column":90}},{"start":{"line":219,"column":93},"end":{"line":219,"column":102}}]},"21":{"loc":{"start":{"line":220,"column":27},"end":{"line":220,"column":111}},"type":"cond-expr","locations":[{"start":{"line":220,"column":58},"end":{"line":220,"column":99}},{"start":{"line":220,"column":102},"end":{"line":220,"column":111}}]},"22":{"loc":{"start":{"line":221,"column":28},"end":{"line":221,"column":102}},"type":"cond-expr","locations":[{"start":{"line":221,"column":59},"end":{"line":221,"column":90}},{"start":{"line":221,"column":93},"end":{"line":221,"column":102}}]},"23":{"loc":{"start":{"line":222,"column":27},"end":{"line":222,"column":111}},"type":"cond-expr","locations":[{"start":{"line":222,"column":58},"end":{"line":222,"column":99}},{"start":{"line":222,"column":102},"end":{"line":222,"column":111}}]},"24":{"loc":{"start":{"line":223,"column":28},"end":{"line":223,"column":102}},"type":"cond-expr","locations":[{"start":{"line":223,"column":59},"end":{"line":223,"column":90}},{"start":{"line":223,"column":93},"end":{"line":223,"column":102}}]},"25":{"loc":{"start":{"line":224,"column":27},"end":{"line":224,"column":111}},"type":"cond-expr","locations":[{"start":{"line":224,"column":58},"end":{"line":224,"column":99}},{"start":{"line":224,"column":102},"end":{"line":224,"column":111}}]},"26":{"loc":{"start":{"line":250,"column":4},"end":{"line":252,"column":null}},"type":"if","locations":[{"start":{"line":250,"column":4},"end":{"line":252,"column":null}}]},"27":{"loc":{"start":{"line":250,"column":8},"end":{"line":250,"column":54}},"type":"binary-expr","locations":[{"start":{"line":250,"column":8},"end":{"line":250,"column":22}},{"start":{"line":250,"column":26},"end":{"line":250,"column":54}}]},"28":{"loc":{"start":{"line":254,"column":4},"end":{"line":255,"column":null}},"type":"if","locations":[{"start":{"line":254,"column":4},"end":{"line":255,"column":null}}]},"29":{"loc":{"start":{"line":268,"column":20},"end":{"line":270,"column":null}},"type":"if","locations":[{"start":{"line":268,"column":20},"end":{"line":270,"column":null}}]},"30":{"loc":{"start":{"line":286,"column":12},"end":{"line":288,"column":null}},"type":"if","locations":[{"start":{"line":286,"column":12},"end":{"line":288,"column":null}}]},"31":{"loc":{"start":{"line":286,"column":16},"end":{"line":286,"column":111}},"type":"binary-expr","locations":[{"start":{"line":286,"column":16},"end":{"line":286,"column":42}},{"start":{"line":286,"column":46},"end":{"line":286,"column":65}},{"start":{"line":286,"column":69},"end":{"line":286,"column":88}},{"start":{"line":286,"column":92},"end":{"line":286,"column":111}}]},"32":{"loc":{"start":{"line":291,"column":12},"end":{"line":291,"column":null}},"type":"if","locations":[{"start":{"line":291,"column":12},"end":{"line":291,"column":null}}]},"33":{"loc":{"start":{"line":292,"column":12},"end":{"line":292,"column":null}},"type":"if","locations":[{"start":{"line":292,"column":12},"end":{"line":292,"column":null}}]},"34":{"loc":{"start":{"line":293,"column":12},"end":{"line":293,"column":null}},"type":"if","locations":[{"start":{"line":293,"column":12},"end":{"line":293,"column":null}}]},"35":{"loc":{"start":{"line":296,"column":16},"end":{"line":297,"column":null}},"type":"if","locations":[{"start":{"line":296,"column":16},"end":{"line":297,"column":null}}]},"36":{"loc":{"start":{"line":300,"column":12},"end":{"line":301,"column":null}},"type":"if","locations":[{"start":{"line":300,"column":12},"end":{"line":301,"column":null}}]},"37":{"loc":{"start":{"line":300,"column":16},"end":{"line":300,"column":106}},"type":"binary-expr","locations":[{"start":{"line":300,"column":16},"end":{"line":300,"column":83}},{"start":{"line":300,"column":87},"end":{"line":300,"column":106}}]},"38":{"loc":{"start":{"line":321,"column":8},"end":{"line":330,"column":null}},"type":"if","locations":[{"start":{"line":321,"column":8},"end":{"line":330,"column":null}},{"start":{"line":326,"column":15},"end":{"line":330,"column":null}}]},"39":{"loc":{"start":{"line":321,"column":12},"end":{"line":321,"column":52}},"type":"binary-expr","locations":[{"start":{"line":321,"column":12},"end":{"line":321,"column":29}},{"start":{"line":321,"column":33},"end":{"line":321,"column":52}}]},"40":{"loc":{"start":{"line":326,"column":15},"end":{"line":330,"column":null}},"type":"if","locations":[{"start":{"line":326,"column":15},"end":{"line":330,"column":null}},{"start":{"line":328,"column":15},"end":{"line":330,"column":null}}]},"41":{"loc":{"start":{"line":345,"column":8},"end":{"line":346,"column":null}},"type":"if","locations":[{"start":{"line":345,"column":8},"end":{"line":346,"column":null}}]},"42":{"loc":{"start":{"line":347,"column":8},"end":{"line":348,"column":null}},"type":"if","locations":[{"start":{"line":347,"column":8},"end":{"line":348,"column":null}}]},"43":{"loc":{"start":{"line":350,"column":31},"end":{"line":350,"column":85}},"type":"cond-expr","locations":[{"start":{"line":350,"column":51},"end":{"line":350,"column":62}},{"start":{"line":350,"column":65},"end":{"line":350,"column":85}}]},"44":{"loc":{"start":{"line":351,"column":28},"end":{"line":351,"column":70}},"type":"cond-expr","locations":[{"start":{"line":351,"column":44},"end":{"line":351,"column":51}},{"start":{"line":351,"column":54},"end":{"line":351,"column":70}}]},"45":{"loc":{"start":{"line":352,"column":24},"end":{"line":352,"column":57}},"type":"cond-expr","locations":[{"start":{"line":352,"column":37},"end":{"line":352,"column":41}},{"start":{"line":352,"column":44},"end":{"line":352,"column":57}}]},"46":{"loc":{"start":{"line":353,"column":31},"end":{"line":353,"column":85}},"type":"cond-expr","locations":[{"start":{"line":353,"column":51},"end":{"line":353,"column":62}},{"start":{"line":353,"column":65},"end":{"line":353,"column":85}}]},"47":{"loc":{"start":{"line":356,"column":16},"end":{"line":357,"column":null}},"type":"if","locations":[{"start":{"line":356,"column":16},"end":{"line":357,"column":null}}]},"48":{"loc":{"start":{"line":361,"column":8},"end":{"line":362,"column":null}},"type":"if","locations":[{"start":{"line":361,"column":8},"end":{"line":362,"column":null}}]},"49":{"loc":{"start":{"line":361,"column":12},"end":{"line":361,"column":95}},"type":"binary-expr","locations":[{"start":{"line":361,"column":12},"end":{"line":361,"column":73}},{"start":{"line":361,"column":77},"end":{"line":361,"column":95}}]},"50":{"loc":{"start":{"line":376,"column":8},"end":{"line":388,"column":null}},"type":"if","locations":[{"start":{"line":376,"column":8},"end":{"line":388,"column":null}}]},"51":{"loc":{"start":{"line":399,"column":8},"end":{"line":401,"column":null}},"type":"if","locations":[{"start":{"line":399,"column":8},"end":{"line":401,"column":null}}]},"52":{"loc":{"start":{"line":399,"column":12},"end":{"line":399,"column":58}},"type":"binary-expr","locations":[{"start":{"line":399,"column":12},"end":{"line":399,"column":26}},{"start":{"line":399,"column":30},"end":{"line":399,"column":58}}]}},"s":{"0":1,"1":1,"2":1,"3":1,"4":1,"5":2,"6":2,"7":2,"8":2,"9":0,"10":1,"11":2,"12":2,"13":2,"14":2,"15":2,"16":0,"17":1,"18":2,"19":2,"20":2,"21":2,"22":0,"23":1,"24":16,"25":16,"26":16,"27":16,"28":16,"29":1,"30":15,"31":15,"32":1,"33":14,"34":1,"35":13,"36":1,"37":12,"38":12,"39":38,"40":13,"41":12,"42":12,"43":10,"44":2,"45":2,"46":1,"47":1,"48":1,"49":26,"50":26,"51":11,"52":4,"53":7,"54":2,"55":11,"56":7,"57":2,"58":5,"59":2,"60":7,"61":4,"62":1,"63":3,"64":1,"65":4,"66":4,"67":4,"68":26,"69":1,"70":4,"71":4,"72":4,"73":2,"74":2,"75":2,"76":1,"77":1,"78":1,"79":0,"80":1,"81":3,"82":3,"83":3,"84":0,"85":3,"86":3,"87":1,"88":2,"89":2,"90":2,"91":2,"92":2,"93":2,"94":2,"95":0,"96":0,"97":1,"98":4,"99":4,"100":0,"101":4,"102":4,"103":3,"104":4,"105":4,"106":4,"107":4,"108":4,"109":0,"110":8,"111":4,"112":1,"113":4,"114":4,"115":4,"116":4,"117":4,"118":4,"119":4,"120":4,"121":4,"122":8,"123":2,"124":8,"125":8,"126":8,"127":7,"128":8,"129":4,"130":8,"131":5,"132":8,"133":8,"134":24,"135":9,"136":8,"137":4,"138":8,"139":4,"140":2,"141":3,"142":2,"143":2,"144":1,"145":1,"146":0,"147":0,"148":1,"149":5,"150":5,"151":5,"152":5,"153":5,"154":1,"155":4,"156":1,"157":3,"158":3,"159":3,"160":3,"161":3,"162":3,"163":8,"164":3,"165":3,"166":3,"167":3,"168":1,"169":2,"170":2,"171":2,"172":2,"173":6,"174":2,"175":0,"176":0,"177":1,"178":4,"179":4,"180":4,"181":2,"182":2,"183":2,"184":2,"185":2,"186":0,"187":1,"188":4,"189":4,"190":4,"191":1,"192":3,"193":1},"f":{"0":2,"1":2,"2":2,"3":2,"4":2,"5":2,"6":16,"7":16,"8":38,"9":26,"10":4,"11":4,"12":3,"13":3,"14":2,"15":4,"16":4,"17":4,"18":4,"19":0,"20":8,"21":4,"22":4,"23":4,"24":4,"25":8,"26":24,"27":5,"28":5,"29":8,"30":4,"31":4,"32":2,"33":4,"34":4},"b":{"0":[1],"1":[16,16,15,15,15,15],"2":[1],"3":[1],"4":[1],"5":[13],"6":[10],"7":[11,7,4,4],"8":[4,7],"9":[2],"10":[2,5],"11":[2],"12":[1,3],"13":[1],"14":[2],"15":[4,3],"16":[1],"17":[0],"18":[3,3],"19":[1],"20":[2,0],"21":[2,0],"22":[0,2],"23":[0,2],"24":[0,2],"25":[0,2],"26":[0],"27":[4,4],"28":[3],"29":[1],"30":[2],"31":[8,7,7,7],"32":[7],"33":[4],"34":[5],"35":[9],"36":[4],"37":[8,4],"38":[2,2],"39":[4,3],"40":[1,1],"41":[1],"42":[1],"43":[1,2],"44":[1,2],"45":[1,2],"46":[1,2],"47":[3],"48":[1],"49":[3,2],"50":[2],"51":[2],"52":[4,3]}}
,"D:\\ClaseCuarto\\SegundoCuatri\\TFG\\AudienceResponseSystem\\restapi\\controllers\\surveyController.ts": {"path":"D:\\ClaseCuarto\\SegundoCuatri\\TFG\\AudienceResponseSystem\\restapi\\controllers\\surveyController.ts","statementMap":{"0":{"start":{"line":4,"column":0},"end":{"line":4,"column":44}},"1":{"start":{"line":6,"column":19},"end":{"line":29,"column":null}},"2":{"start":{"line":6,"column":76},"end":{"line":29,"column":null}},"3":{"start":{"line":7,"column":4},"end":{"line":28,"column":null}},"4":{"start":{"line":9,"column":21},"end":{"line":24,"column":10}},"5":{"start":{"line":25,"column":8},"end":{"line":25,"column":null}},"6":{"start":{"line":27,"column":8},"end":{"line":27,"column":null}},"7":{"start":{"line":32,"column":25},"end":{"line":66,"column":null}},"8":{"start":{"line":32,"column":82},"end":{"line":66,"column":null}},"9":{"start":{"line":33,"column":4},"end":{"line":65,"column":null}},"10":{"start":{"line":34,"column":8},"end":{"line":36,"column":null}},"11":{"start":{"line":35,"column":12},"end":{"line":35,"column":null}},"12":{"start":{"line":37,"column":19},"end":{"line":41,"column":10}},"13":{"start":{"line":42,"column":21},"end":{"line":61,"column":10}},"14":{"start":{"line":62,"column":8},"end":{"line":62,"column":null}},"15":{"start":{"line":64,"column":8},"end":{"line":64,"column":null}},"16":{"start":{"line":68,"column":23},"end":{"line":97,"column":null}},"17":{"start":{"line":68,"column":80},"end":{"line":97,"column":null}},"18":{"start":{"line":69,"column":4},"end":{"line":96,"column":null}},"19":{"start":{"line":70,"column":8},"end":{"line":72,"column":null}},"20":{"start":{"line":71,"column":12},"end":{"line":71,"column":null}},"21":{"start":{"line":73,"column":21},"end":{"line":92,"column":10}},"22":{"start":{"line":93,"column":8},"end":{"line":93,"column":null}},"23":{"start":{"line":95,"column":8},"end":{"line":95,"column":null}},"24":{"start":{"line":99,"column":21},"end":{"line":141,"column":null}},"25":{"start":{"line":99,"column":78},"end":{"line":141,"column":null}},"26":{"start":{"line":100,"column":4},"end":{"line":140,"column":null}},"27":{"start":{"line":101,"column":64},"end":{"line":101,"column":72}},"28":{"start":{"line":103,"column":8},"end":{"line":105,"column":null}},"29":{"start":{"line":104,"column":12},"end":{"line":104,"column":null}},"30":{"start":{"line":107,"column":8},"end":{"line":109,"column":null}},"31":{"start":{"line":108,"column":12},"end":{"line":108,"column":null}},"32":{"start":{"line":111,"column":21},"end":{"line":115,"column":10}},"33":{"start":{"line":116,"column":8},"end":{"line":118,"column":null}},"34":{"start":{"line":117,"column":12},"end":{"line":117,"column":null}},"35":{"start":{"line":120,"column":8},"end":{"line":126,"column":null}},"36":{"start":{"line":128,"column":30},"end":{"line":128,"column":79}},"37":{"start":{"line":129,"column":56},"end":{"line":133,"column":11}},"38":{"start":{"line":129,"column":95},"end":{"line":133,"column":10}},"39":{"start":{"line":135,"column":8},"end":{"line":135,"column":null}},"40":{"start":{"line":136,"column":8},"end":{"line":136,"column":null}},"41":{"start":{"line":138,"column":8},"end":{"line":138,"column":null}},"42":{"start":{"line":139,"column":8},"end":{"line":139,"column":null}},"43":{"start":{"line":143,"column":27},"end":{"line":177,"column":null}},"44":{"start":{"line":143,"column":84},"end":{"line":177,"column":null}},"45":{"start":{"line":144,"column":4},"end":{"line":176,"column":null}},"46":{"start":{"line":145,"column":8},"end":{"line":147,"column":null}},"47":{"start":{"line":146,"column":12},"end":{"line":146,"column":null}},"48":{"start":{"line":148,"column":29},"end":{"line":171,"column":10}},"49":{"start":{"line":172,"column":23},"end":{"line":172,"column":71}},"50":{"start":{"line":172,"column":57},"end":{"line":172,"column":70}},"51":{"start":{"line":173,"column":8},"end":{"line":173,"column":null}},"52":{"start":{"line":175,"column":8},"end":{"line":175,"column":null}},"53":{"start":{"line":179,"column":21},"end":{"line":237,"column":null}},"54":{"start":{"line":179,"column":78},"end":{"line":237,"column":null}},"55":{"start":{"line":180,"column":4},"end":{"line":236,"column":null}},"56":{"start":{"line":181,"column":51},"end":{"line":181,"column":59}},"57":{"start":{"line":182,"column":8},"end":{"line":184,"column":null}},"58":{"start":{"line":183,"column":12},"end":{"line":183,"column":null}},"59":{"start":{"line":186,"column":8},"end":{"line":188,"column":null}},"60":{"start":{"line":187,"column":12},"end":{"line":187,"column":null}},"61":{"start":{"line":190,"column":23},"end":{"line":190,"column":76}},"62":{"start":{"line":191,"column":8},"end":{"line":193,"column":null}},"63":{"start":{"line":192,"column":12},"end":{"line":192,"column":null}},"64":{"start":{"line":195,"column":56},"end":{"line":199,"column":11}},"65":{"start":{"line":195,"column":95},"end":{"line":199,"column":10}},"66":{"start":{"line":200,"column":8},"end":{"line":208,"column":null}},"67":{"start":{"line":209,"column":8},"end":{"line":213,"column":null}},"68":{"start":{"line":214,"column":8},"end":{"line":231,"column":null}},"69":{"start":{"line":215,"column":12},"end":{"line":230,"column":null}},"70":{"start":{"line":232,"column":8},"end":{"line":232,"column":null}},"71":{"start":{"line":234,"column":8},"end":{"line":234,"column":null}},"72":{"start":{"line":235,"column":8},"end":{"line":235,"column":null}},"73":{"start":{"line":239,"column":21},"end":{"line":258,"column":null}},"74":{"start":{"line":239,"column":78}
[...]
lumn":8},"end":{"line":40,"column":44}},"19":{"start":{"line":42,"column":8},"end":{"line":42,"column":null}},"20":{"start":{"line":46,"column":19},"end":{"line":74,"column":2}},"21":{"start":{"line":46,"column":76},"end":{"line":74,"column":2}},"22":{"start":{"line":47,"column":4},"end":{"line":73,"column":null}},"23":{"start":{"line":48,"column":45},"end":{"line":48,"column":53}},"24":{"start":{"line":49,"column":29},"end":{"line":53,"column":10}},"25":{"start":{"line":55,"column":8},"end":{"line":57,"column":null}},"26":{"start":{"line":56,"column":12},"end":{"line":56,"column":77}},"27":{"start":{"line":59,"column":21},"end":{"line":59,"column":43}},"28":{"start":{"line":60,"column":21},"end":{"line":60,"column":54}},"29":{"start":{"line":62,"column":8},"end":{"line":66,"column":null}},"30":{"start":{"line":67,"column":8},"end":{"line":67,"column":null}},"31":{"start":{"line":69,"column":8},"end":{"line":69,"column":81}},"32":{"start":{"line":72,"column":8},"end":{"line":72,"column":null}},"33":{"start":{"line":76,"column":14},"end":{"line":105,"column":2}},"34":{"start":{"line":76,"column":71},"end":{"line":105,"column":2}},"35":{"start":{"line":77,"column":4},"end":{"line":104,"column":null}},"36":{"start":{"line":78,"column":21},"end":{"line":82,"column":10}},"37":{"start":{"line":83,"column":8},"end":{"line":85,"column":null}},"38":{"start":{"line":84,"column":12},"end":{"line":84,"column":89}},"39":{"start":{"line":87,"column":24},"end":{"line":87,"column":78}},"40":{"start":{"line":89,"column":8},"end":{"line":91,"column":null}},"41":{"start":{"line":90,"column":12},"end":{"line":90,"column":89}},"42":{"start":{"line":92,"column":23},"end":{"line":92,"column":30}},"43":{"start":{"line":93,"column":22},"end":{"line":93,"column":62}},"44":{"start":{"line":94,"column":8},"end":{"line":101,"column":11}},"45":{"start":{"line":103,"column":8},"end":{"line":103,"column":null}},"46":{"start":{"line":108,"column":4},"end":{"line":118,"column":null}},"47":{"start":{"line":110,"column":12},"end":{"line":110,"column":32}},"48":{"start":{"line":113,"column":12},"end":{"line":113,"column":null}},"49":{"start":{"line":116,"column":12},"end":{"line":116,"column":30}},"50":{"start":{"line":121,"column":19},"end":{"line":151,"column":null}},"51":{"start":{"line":121,"column":76},"end":{"line":151,"column":null}},"52":{"start":{"line":122,"column":4},"end":{"line":150,"column":null}},"53":{"start":{"line":123,"column":49},"end":{"line":123,"column":57}},"54":{"start":{"line":124,"column":21},"end":{"line":128,"column":10}},"55":{"start":{"line":129,"column":8},"end":{"line":131,"column":null}},"56":{"start":{"line":130,"column":12},"end":{"line":130,"column":78}},"57":{"start":{"line":132,"column":28},"end":{"line":132,"column":69}},"58":{"start":{"line":133,"column":24},"end":{"line":133,"column":53}},"59":{"start":{"line":134,"column":21},"end":{"line":134,"column":43}},"60":{"start":{"line":135,"column":21},"end":{"line":135,"column":54}},"61":{"start":{"line":136,"column":8},"end":{"line":145,"column":null}},"62":{"start":{"line":146,"column":8},"end":{"line":146,"column":null}},"63":{"start":{"line":149,"column":8},"end":{"line":149,"column":null}},"64":{"start":{"line":153,"column":19},"end":{"line":176,"column":null}},"65":{"start":{"line":153,"column":76},"end":{"line":176,"column":null}},"66":{"start":{"line":154,"column":4},"end":{"line":175,"column":null}},"67":{"start":{"line":155,"column":8},"end":{"line":157,"column":null}},"68":{"start":{"line":156,"column":12},"end":{"line":156,"column":null}},"69":{"start":{"line":158,"column":21},"end":{"line":162,"column":10}},"70":{"start":{"line":163,"column":8},"end":{"line":165,"column":null}},"71":{"start":{"line":164,"column":12},"end":{"line":164,"column":78}},"72":{"start":{"line":166,"column":8},"end":{"line":170,"column":null}},"73":{"start":{"line":171,"column":8},"end":{"line":171,"column":null}},"74":{"start":{"line":173,"column":8},"end":{"line":173,"column":null}},"75":{"start":{"line":174,"column":8},"end":{"line":174,"column":null}},"76":{"start":{"line":178,"column":20},"end":{"line":204,"column":null}},"77":{"start":{"line":178,"column":58},"end":{"line":204,"column":null}},"78":{"start":{"line":179,"column":4},"end":{"line":202,"column":null}},"79":{"start":{"line":180,"column":21},"end":{"line":180,"column":42}},"80":{"start":{"line":181,"column":8},"end":{"line":201,"column":11}},"81":{"start":{"line":182,"column":34},"end":{"line":182,"column":36}},"82":{"start":{"line":183,"column":12},"end":{"line":200,"column":19}},"83":{"start":{"line":185,"column":20},"end":{"line":185,"column":null}},"84":{"start":{"line":188,"column":20},"end":{"line":188,"column":null}},"85":{"start":{"line":191,"column":20},"end":{"line":193,"column":null}},"86":{"start":{"line":192,"column":24},"end":{"line":192,"column":null}},"87":{"start":{"line":195,"column":20},"end":{"line":198,"column":25}},"88":{"start":{"line":195,"column":32},"end":{"line":198,"column":22}},"89":{"start":{"line":196,"column":24},"end":{"line":196,"column":null}},"90":{"start":{"line":197,"column":24},"end":{"line":197,"column":null}},"91":{"start":{"line":207,"column":4},"end":{"line":232,"column":null}},"92":{"start":{"line":209,"column":21},"end":{"line":209,"column":43}},"93":{"start":{"line":210,"column":21},"end":{"line":210,"column":59}},"94":{"start":{"line":211,"column":52},"end":{"line":211,"column":54}},"95":{"start":{"line":212,"column":31},"end":{"line":212,"column":36}},"96":{"start":{"line":213,"column":8},"end":{"line":222,"column":null}},"97":{"start":{"line":214,"column":12},"end":{"line":215,"column":null}},"98":{"start":{"line":215,"column":16},"end":{"line":215,"column":null}},"99":{"start":{"line":216,"column":12},"end":{"line":216,"column":null}},"100":{"start":{"line":217,"column":12},"end":{"line":221,"column":null}},"101":{"start":{"line":223,"column":8},"end":{"line":228,"column":null}},"102":{"start":{"line":224,"column":12},"end":{"line":224,"column":null}},"103":{"start":{"line":225,"column":12},"end":{"line":225,"column":null}},"104":{"start":{"line":227,"column":12},"end":{"line":227,"column":null}},"105":{"start":{"line":230,"column":8},"end":{"line":230,"column":null}},"106":{"start":{"line":231,"column":8},"end":{"line":231,"column":null}},"107":{"start":{"line":235,"column":25},"end":{"line":259,"column":null}},"108":{"start":{"line":235,"column":82},"end":{"line":259,"column":null}},"109":{"start":{"line":236,"column":4},"end":{"line":258,"column":null}},"110":{"start":{"line":237,"column":8},"end":{"line":239,"column":null}},"111":{"start":{"line":238,"column":12},"end":{"line":238,"column":null}},"112":{"start":{"line":240,"column":28},"end":{"line":253,"column":10}},"113":{"start":{"line":254,"column":22},"end":{"line":254,"column":63}},"114":{"start":{"line":254,"column":53},"end":{"line":254,"column":62}},"115":{"start":{"line":255,"column":8},"end":{"line":255,"column":null}},"116":{"start":{"line":257,"column":8},"end":{"line":257,"column":null}},"117":{"start":{"line":261,"column":23},"end":{"line":293,"column":null}},"118":{"start":{"line":261,"column":80},"end":{"line":293,"column":null}},"119":{"start":{"line":262,"column":4},"end":{"line":292,"column":null}},"120":{"start":{"line":263,"column":21},"end":{"line":267,"column":10}},"121":{"start":{"line":268,"column":8},"end":{"line":270,"column":null}},"122":{"start":{"line":269,"column":12},"end":{"line":269,"column":78}},"123":{"start":{"line":271,"column":24},"end":{"line":271,"column":84}},"124":{"start":{"line":272,"column":8},"end":{"line":272,"column":null}},"125":{"start":{"line":273,"column":8},"end":{"line":275,"column":null}},"126":{"start":{"line":274,"column":12},"end":{"line":274,"column":76}},"127":{"start":{"line":277,"column":28},"end":{"line":277,"column":48}},"128":{"start":{"line":278,"column":21},"end":{"line":278,"column":43}},"129":{"start":{"line":279,"column":21},"end":{"line":279,"column":57}},"130":{"start":{"line":280,"column":8},"end":{"line":287,"column":null}},"131":{"start":{"line":288,"column":8},"end":{"line":288,"column":null}},"132":{"start":{"line":290,"column":8},"end":{"line":290,"column":null}},"133":{"start":{"line":291,"column":8},"end":{"line":291,"column":null}},"134":{"start":{"line":295,"column":29},"end":{"line":309,"column":null}},"135":{"start":{"line":295,"column":86},"end":{"line":309,"column":null}},"136":{"start":{"line":296,"column":4},"end":{"line":308,"column":null}},"137":{"start":{"line":297,"column":8},"end":{"line":304,"column":null}},"138":{"start":{"line":305,"column":8},"end":{"line":305,"column":null}},"139":{"start":{"line":307,"column":8},"end":{"line":307,"column":null}},"140":{"start":{"line":311,"column":0},"end":{"line":322,"column":null}}},"fnMap":{"0":{"name":"(anonymous_8)","decl":{"start":{"line":10,"column":17},"end":{"line":10,"column":24}},"loc":{"start":{"line":10,"column":74},"end":{"line":23,"column":null}}},"1":{"name":"(anonymous_9)","decl":{"start":{"line":10,"column":74},"end":{"line":10,"column":null}},"loc":{"start":{"line":10,"column":74},"end":{"line":23,"column":1}}},"2":{"name":"(anonymous_10)","decl":{"start":{"line":25,"column":16},"end":{"line":25,"column":23}},"loc":{"start":{"line":25,"column":73},"end":{"line":44,"column":null}}},"3":{"name":"(anonymous_11)","decl":{"start":{"line":25,"column":73},"end":{"line":25,"column":null}},"loc":{"start":{"line":25,"column":73},"end":{"line":44,"column":1}}},"4":{"name":"(anonymous_12)","decl":{"start":{"line":46,"column":19},"end":{"line":46,"column":26}},"loc":{"start":{"line":46,"column":76},"end":{"line":74,"column":2}}},"5":{"name":"(anonymous_13)","decl":{"start":{"line":46,"column":76},"end":{"line":46,"column":null}},"loc":{"start":{"line":46,"column":76},"end":{"line":74,"column":1}}},"6":{"name":"(anonymous_14)","decl":{"start":{"line":76,"column":14},"end":{"line":76,"column":21}},"loc":{"start":{"line":76,"column":71},"end":{"line":105,"column":2}}},"7":{"name":"(anonymous_15)","decl":{"start":{"line":76,"column":71},"end":{"line":76,"column":null}},"loc":{"start":{"line":76,"column":71},"end":{"line":105,"column":1}}},"8":{"name":"getRole","decl":{"start":{"line":107,"column":9},"end":{"line":107,"column":16}},"loc":{"start":{"line":107,"column":29},"end":{"line":119,"column":1}}},"9":{"name":"(anonymous_17)","decl":{"start":{"line":121,"column":19},"end":{"line":121,"column":26}},"loc":{"start":{"line":121,"column":76},"end":{"line":151,"column":null}}},"10":{"name":"(anonymous_18)","decl":{"start":{"line":121,"column":76},"end":{"line":121,"column":null}},"loc":{"start":{"line":121,"column":76},"end":{"line":151,"column":1}}},"11":{"name":"(anonymous_19)","decl":{"start":{"line":153,"column":19},"end":{"line":153,"column":26}},"loc":{"start":{"line":153,"column":76},"end":{"line":176,"column":null}}},"12":{"name":"(anonymous_20)","decl":{"start":{"line":153,"column":76},"end":{"line":153,"column":null}},"loc":{"start":{"line":153,"column":76},"end":{"line":176,"column":1}}},"13":{"name":"(anonymous_21)","decl":{"start":{"line":178,"column":20},"end":{"line":178,"column":27}},"loc":{"start":{"line":178,"column":58},"end":{"line":204,"column":null}}},"14":{"name":"(anonymous_22)","decl":{"start":{"line":178,"column":58},"end":{"line":178,"column":null}},"loc":{"start":{"line":178,"column":58},"end":{"line":204,"column":1}}},"15":{"name":"(anonymous_23)","decl":{"start":{"line":179,"column":23},"end":{"line":179,"column":33}},"loc":{"start":{"line":179,"column":48},"end":{"line":202,"column":5}}},"16":{"name":"(anonymous_24)","decl":{"start":{"line":181,"column":24},"end":{"line":181,"column":34}},"loc":{"start":{"line":181,"column":52},"end":{"line":201,"column":9}}},"17":{"name":"(anonymous_25)","decl":{"start":{"line":184,"column":29},"end":{"line":184,"column":34}},"loc":{"start":{"line":184,"column":37},"end":{"line":186,"column":17}}},"18":{"name":"(anonymous_26)","decl":{"start":{"line":187,"column":28},"end":{"line":187,"column":31}},"loc":{"start":{"line":187,"column":34},"end":{"line":189,"column":17}}},"19":{"name":"(anonymous_27)","decl":{"start":{"line":190,"column":27},"end":{"line":190,"column":28}},"loc":{"start":{"line":190,"column":48},"end":{"line":200,"column":17}}},"20":{"name":"(anonymous_28)","decl":{"start":{"line":195,"column":21},"end":{"line":195,"column":30}},"loc":{"start":{"line":195,"column":32},"end":{"line":198,"column":22}}},"21":{"name":"(anonymous_29)","decl":{"start":{"line":195,"column":32},"end":{"line":195,"column":null}},"loc":{"start":{"line":195,"column":32},"end":{"line":198,"column":21}}},"22":{"name":"addUsers","decl":{"start":{"line":206,"column":15},"end":{"line":206,"column":23}},"loc":{"start":{"line":206,"column":52},"end":{"line":233,"column":null}}},"23":{"name":"(anonymous_32)","decl":{"start":{"line":213,"column":22},"end":{"line":213,"column":26}},"loc":{"start":{"line":213,"column":29},"end":{"line":222,"column":9}}},"24":{"name":"(anonymous_33)","decl":{"start":{"line":235,"column":25},"end":{"line":235,"column":32}},"loc":{"start":{"line":235,"column":82},"end":{"line":259,"column":null}}},"25":{"name":"(anonymous_34)","decl":{"start":{"line":235,"column":82},"end":{"line":235,"column":null}},"loc":{"start":{"line":235,"column":82},"end":{"line":259,"column":1}}},"26":{"name":"(anonymous_35)","decl":{"start":{"line":254,"column":38},"end":{"line":254,"column":39}},"loc":{"start":{"line":254,"column":53},"end":{"line":254,"column":62}}},"27":{"name":"(anonymous_36)","decl":{"start":{"line":261,"column":23},"end":{"line":261,"column":30}},"loc":{"start":{"line":261,"column":80},"end":{"line":293,"column":null}}},"28":{"name":"(anonymous_37)","decl":{"start":{"line":261,"column":80},"end":{"line":261,"column":null}},"loc":{"start":{"line":261,"column":80},"end":{"line":293,"column":1}}},"29":{"name":"(anonymous_38)","decl":{"start":{"line":295,"column":29},"end":{"line":295,"column":36}},"loc":{"start":{"line":295,"column":86},"end":{"line":309,"column":null}}},"30":{"name":"(anonymous_39)","decl":{"start":{"line":295,"column":86},"end":{"line":295,"column":null}},"loc":{"start":{"line":295,"column":86},"end":{"line":309,"column":1}}}},"branchMap":{"0":{"loc":{"start":{"line":27,"column":8},"end":{"line":29,"column":null}},"type":"if","locations":[{"start":{"line":27,"column":8},"end":{"line":29,"column":null}}]},"1":{"loc":{"start":{"line":27,"column":12},"end":{"line":27,"column":58}},"type":"binary-expr","locations":[{"start":{"line":27,"column":12},"end":{"line":27,"column":26}},{"start":{"line":27,"column":30},"end":{"line":27,"column":58}}]},"2":{"loc":{"start":{"line":55,"column":8},"end":{"line":57,"column":null}},"type":"if","locations":[{"start":{"line":55,"column":8},"end":{"line":57,"column":null}}]},"3":{"loc":{"start":{"line":83,"column":8},"end":{"line":85,"column":null}},"type":"if","locations":[{"start":{"line":83,"column":8},"end":{"line":85,"column":null}}]},"4":{"loc":{"start":{"line":89,"column":8},"end":{"line":91,"column":null}},"type":"if","locations":[{"start":{"line":89,"column":8},"end":{"line":91,"column":null}}]},"5":{"loc":{"start":{"line":108,"column":4},"end":{"line":118,"column":null}},"type":"switch","locations":[{"start":{"line":109,"column":8},"end":{"line":111,"column":null}},{"start":{"line":112,"column":8},"end":{"line":114,"column":null}},{"start":{"line":115,"column":8},"end":{"line":117,"column":null}}]},"6":{"loc":{"start":{"line":129,"column":8},"end":{"line":131,"column":null}},"type":"if","locations":[{"start":{"line":129,"column":8},"end":{"line":131,"column":null}}]},"7":{"loc":{"start":{"line":132,"column":28},"end":{"line":132,"column":69}},"type":"cond-expr","locations":[{"start":{"line":132,"column":45},"end":{"line":132,"column":53}},{"start":{"line":132,"column":56},"end":{"line":132,"column":69}}]},"8":{"loc":{"start":{"line":133,"column":24},"end":{"line":133,"column":53}},"type":"cond-expr","locations":[{"start":{"line":133,"column":37},"end":{"line":133,"column":41}},{"start":{"line":133,"column":44},"end":{"line":133,"column":53}}]},"9":{"loc":{"start":{"line":142,"column":26},"end":{"line":142,"column":59}},"type":"cond-expr","locations":[{"start":{"line":142,"column":43},"end":{"line":142,"column":47}},{"start":{"line":142,"column":50},"end":{"line":142,"column":59}}]},"10":{"loc":{"start":{"line":155,"column":8},"end":{"line":157,"column":null}},"type":"if","locations":[{"start":{"line":155,"column":8},"end":{"line":157,"column":null}}]},"11":{"loc":{"start":{"line":155,"column":12},"end":{"line":155,"column":58}},"type":"binary-expr","locations":[{"start":{"line":155,"column":12},"end":{"line":155,"column":26}},{"start":{"line":155,"column":30},"end":{"line":155,"column":58}}]},"12":{"loc":{"start":{"line":163,"column":8},"end":{"line":165,"column":null}},"type":"if","locations":[{"start":{"line":163,"column":8},"end":{"line":165,"column":null}}]},"13":{"loc":{"start":{"line":191,"column":20},"end":{"line":193,"column":null}},"type":"if","locations":[{"start":{"line":191,"column":20},"end":{"line":193,"column":null}}]},"14":{"loc":{"start":{"line":214,"column":12},"end":{"line":215,"column":null}},"type":"if","locations":[{"start":{"line":214,"column":12},"end":{"line":215,"column":null}}]},"15":{"loc":{"start":{"line":214,"column":16},"end":{"line":214,"column":54}},"type":"binary-expr","locations":[{"start":{"line":214,"column":16},"end":{"line":214,"column":35}},{"start":{"line":214,"column":39},"end":{"line":214,"column":54}}]},"16":{"loc":{"start":{"line":223,"column":8},"end":{"line":228,"column":null}},"type":"if","locations":[{"start":{"line":223,"column":8},"end":{"line":228,"column":null}},{"start":{"line":226,"column":15},"end":{"line":228,"column":null}}]},"17":{"loc":{"start":{"line":237,"column":8},"end":{"line":239,"column":null}},"type":"if","locations":[{"start":{"line":237,"column":8},"end":{"line":239,"column":null}}]},"18":{"loc":{"start":{"line":237,"column":12},"end":{"line":237,"column":58}},"type":"binary-expr","locations":[{"start":{"line":237,"column":12},"end":{"line":237,"column":26}},{"start":{"line":237,"column":30},"end":{"line":237,"column":58}}]},"19":{"loc":{"start":{"line":268,"column":8},"end":{"line":270,"column":null}},"type":"if","locations":[{"start":{"line":268,"column":8},"end":{"line":270,"column":null}}]},"20":{"loc":{"start":{"line":273,"column":8},"end":{"line":275,"column":null}},"type":"if","locations":[{"start":{"line":273,"column":8},"end":{"line":275,"column":null}}]}},"s":{"0":1,"1":1,"2":1,"3":1,"4":1,"5":1,"6":1,"7":2,"8":2,"9":2,"10":2,"11":0,"12":1,"13":2,"14":2,"15":2,"16":0,"17":2,"18":2,"19":0,"20":1,"21":6,"22":6,"23":6,"24":6,"25":5,"26":1,"27":4,"28":4,"29":3,"30":3,"31":3,"32":2,"33":1,"34":4,"35":4,"36":4,"37":4,"38":2,"39":2,"40":2,"41":1,"42":1,"43":1,"44":1,"45":0,"46":9,"47":4,"48":1,"49":4,"50":1,"51":3,"52":3,"53":3,"54":3,"55":3,"56":1,"57":2,"58":2,"59":2,"60":2,"61":2,"62":2,"63":0,"64":1,"65":4,"66":4,"67":4,"68":2,"69":2,"70":2,"71":1,"72":1,"73":1,"74":0,"75":0,"76":1,"77":4,"78":4,"79":4,"80":4,"81":4,"82":4,"83":0,"84":8,"85":4,"86":1,"87":4,"88":4,"89":4,"90":4,"91":4,"92":4,"93":4,"94":4,"95":4,"96":4,"97":8,"98":3,"99":8,"100":8,"101":4,"102":3,"103":2,"104":1,"105":1,"106":1,"107":1,"108":4,"109":4,"110":4,"111":2,"112":2,"113":2,"114":2,"115":2,"116":0,"117":1,"118":5,"119":5,"120":5,"121":4,"122":1,"123":3,"124":2,"125":2,"126":1,"127":1,"128":1,"129":1,"130":1,"131":1,"132":2,"133":2,"134":1,"135":4,"136":4,"137":4,"138":1,"139":3,"140":1},"f":{"0":2,"1":2,"2":2,"3":2,"4":6,"5":6,"6":4,"7":4,"8":9,"9":3,"10":3,"11":4,"12":4,"13":4,"14":4,"15":4,"16":4,"17":0,"18":8,"19":4,"20":4,"21":4,"22":4,"23":8,"24":4,"25":4,"26":2,"27":5,"28":5,"29":4,"30":4},"b":{"0":[0],"1":[2,2],"2":[1],"3":[2],"4":[1],"5":[4,1,4],"6":[1],"7":[1,1],"8":[1,1],"9":[1,1],"10":[2],"11":[4,3],"12":[1],"13":[1],"14":[3],"15":[8,7],"16":[3,1],"17":[2],"18":[4,3],"19":[1],"20":[1]}}
}
