{"D:\\ClaseCuarto\\SegundoCuatri\\TFG\\AudienceResponseSystem\\restapi\\controllers\\courseController.ts": {"path":"D:\\ClaseCuarto\\SegundoCuatri\\TFG\\AudienceResponseSystem\\restapi\\controllers\\courseController.ts","statementMap":{"0":{"start":{"line":3,"column":0},"end":{"line":3,"column":42}},"1":{"start":{"line":4,"column":0},"end":{"line":4,"column":36}},"2":{"start":{"line":9,"column":0},"end":{"line":9,"column":44}},"3":{"start":{"line":11,"column":19},"end":{"line":25,"column":null}},"4":{"start":{"line":11,"column":76},"end":{"line":25,"column":null}},"5":{"start":{"line":12,"column":4},"end":{"line":24,"column":null}},"6":{"start":{"line":13,"column":21},"end":{"line":19,"column":10}},"7":{"start":{"line":20,"column":8},"end":{"line":20,"column":null}},"8":{"start":{"line":22,"column":8},"end":{"line":22,"column":null}},"9":{"start":{"line":23,"column":8},"end":{"line":23,"column":null}},"10":{"start":{"line":27,"column":18},"end":{"line":46,"column":null}},"11":{"start":{"line":27,"column":75},"end":{"line":46,"column":null}},"12":{"start":{"line":28,"column":4},"end":{"line":45,"column":null}},"13":{"start":{"line":29,"column":8},"end":{"line":31,"column":null}},"14":{"start":{"line":30,"column":12},"end":{"line":30,"column":null}},"15":{"start":{"line":32,"column":21},"end":{"line":41,"column":10}},"16":{"start":{"line":42,"column":8},"end":{"line":42,"column":null}},"17":{"start":{"line":44,"column":8},"end":{"line":44,"column":null}},"18":{"start":{"line":48,"column":21},"end":{"line":69,"column":null}},"19":{"start":{"line":48,"column":78},"end":{"line":69,"column":null}},"20":{"start":{"line":49,"column":4},"end":{"line":68,"column":null}},"21":{"start":{"line":50,"column":38},"end":{"line":50,"column":46}},"22":{"start":{"line":51,"column":31},"end":{"line":55,"column":10}},"23":{"start":{"line":56,"column":8},"end":{"line":58,"column":null}},"24":{"start":{"line":57,"column":12},"end":{"line":57,"column":null}},"25":{"start":{"line":60,"column":8},"end":{"line":63,"column":null}},"26":{"start":{"line":64,"column":8},"end":{"line":64,"column":null}},"27":{"start":{"line":65,"column":8},"end":{"line":65,"column":null}},"28":{"start":{"line":67,"column":8},"end":{"line":67,"column":null}},"29":{"start":{"line":71,"column":21},"end":{"line":97,"column":null}},"30":{"start":{"line":71,"column":78},"end":{"line":97,"column":null}},"31":{"start":{"line":72,"column":4},"end":{"line":96,"column":null}},"32":{"start":{"line":73,"column":42},"end":{"line":73,"column":50}},"33":{"start":{"line":74,"column":23},"end":{"line":78,"column":10}},"34":{"start":{"line":79,"column":8},"end":{"line":81,"column":null}},"35":{"start":{"line":80,"column":12},"end":{"line":80,"column":null}},"36":{"start":{"line":82,"column":24},"end":{"line":82,"column":55}},"37":{"start":{"line":83,"column":31},"end":{"line":83,"column":83}},"38":{"start":{"line":84,"column":8},"end":{"line":92,"column":null}},"39":{"start":{"line":93,"column":8},"end":{"line":93,"column":null}},"40":{"start":{"line":95,"column":8},"end":{"line":95,"column":null}},"41":{"start":{"line":99,"column":21},"end":{"line":121,"column":null}},"42":{"start":{"line":99,"column":78},"end":{"line":121,"column":null}},"43":{"start":{"line":100,"column":4},"end":{"line":120,"column":null}},"44":{"start":{"line":101,"column":8},"end":{"line":103,"column":null}},"45":{"start":{"line":102,"column":12},"end":{"line":102,"column":null}},"46":{"start":{"line":104,"column":23},"end":{"line":108,"column":10}},"47":{"start":{"line":109,"column":8},"end":{"line":111,"column":null}},"48":{"start":{"line":110,"column":12},"end":{"line":110,"column":null}},"49":{"start":{"line":112,"column":8},"end":{"line":116,"column":null}},"50":{"start":{"line":117,"column":8},"end":{"line":117,"column":null}},"51":{"start":{"line":119,"column":8},"end":{"line":119,"column":null}},"52":{"start":{"line":123,"column":22},"end":{"line":147,"column":null}},"53":{"start":{"line":123,"column":79},"end":{"line":147,"column":null}},"54":{"start":{"line":124,"column":4},"end":{"line":146,"column":null}},"55":{"start":{"line":125,"column":21},"end":{"line":125,"column":42}},"56":{"start":{"line":126,"column":8},"end":{"line":145,"column":null}},"57":{"start":{"line":127,"column":38},"end":{"line":127,"column":40}},"58":{"start":{"line":128,"column":12},"end":{"line":144,"column":null}},"59":{"start":{"line":130,"column":20},"end":{"line":130,"column":null}},"60":{"start":{"line":133,"column":20},"end":{"line":133,"column":null}},"61":{"start":{"line":136,"column":20},"end":{"line":138,"column":null}},"62":{"start":{"line":137,"column":24},"end":{"line":137,"column":null}},"63":{"start":{"line":140,"column":20},"end":{"line":143,"column":25}},"64":{"start":{"line":140,"column":32},"end":{"line":143,"column":22}},"65":{"start":{"line":141,"column":24},"end":{"line":141,"column":null}},"66":{"start":{"line":142,"column":24},"end":{"line":142,"column":null}},"67":{"start":{"line":150,"column":4},"end":{"line":169,"column":null}},"68":{"start":{"line":151,"column":56},"end":{"line":151,"column":58}},"69":{"start":{"line":152,"column":31},"end":{"line":152,"column":36}},"70":{"start":{"line":153,"column":8},"end":{"line":160,"column":null}},"71":{"start":{"line":154,"column":12},"end":{"line":155,"column":null}},"72":{"start":{"line":155,"column":16},"end":{"line":155,"column":null}},"73":{"start":{"line":156,"column":12},"end":{"line":159,"column":null}},"74":{"start":{"line":161,"column":8},"end":{"line":166,"column":null}},"75":{"start":{"line":162,"column":12},"end":{"line":162,"column":null}},"76":{"start":{"line":163,"column":12},"end":{"line":163,"column":null}},"77":{"start":{"line":165,"column":12},"end":{"line":165,"column":null}},"78":{"start":{"line":168,"column":8},"end":{"line":168,"column":null}},"79":{"start":{"line":172,"column":17},"end":{"line":192,"column":null}},"80":{"start":{"line":172,"column":74},"end":{"line":192,"column":null}},"81":{"start":{"line":173,"column":4},"end":{"line":191,"column":null}},"82":{"start":{"line":174,"column":37},"end":{"line":174,"column":45}},"83":{"start":{"line":175,"column":8},"end":{"line":176,"column":null}},"84":{"start":{"line":176,"column":12},"end":{"line":176,"column":null}},"85":{"start":{"line":177,"column":23},"end":{"line":177,"column":82}},"86":{"start":{"line":178,"column":8},"end":{"line":179,"column":null}},"87":{"start":{"line":179,"column":12},"end":{"line":179,"column":null}},"88":{"start":{"line":180,"column":26},"end":{"line":180,"column":62}},"89":{"start":{"line":180,"column":53},"end":{"line":180,"column":60}},"90":{"start":{"line":181,"column":27},"end":{"line":181,"column":91}},"91":{"start":{"line":182,"column":8},"end":{"line":183,"column":null}},"92":{"start":{"line":183,"column":12},"end":{"line":183,"column":null}},"93":{"start":{"line":184,"column":28},"end":{"line":184,"column":88}},"94":{"start":{"line":184,"column":55},"end":{"line":184,"column":86}},"95":{"start":{"line":185,"column":8},"end":{"line":187,"column":null}},"96":{"start":{"line":188,"column":8},"end":{"line":188,"column":null}},"97":{"start":{"line":190,"column":8},"end":{"line":190,"column":105}},"98":{"start":{"line":194,"column":19},"end":{"line":214,"column":null}},"99":{"start":{"line":194,"column":76},"end":{"line":214,"column":null}},"100":{"start":{"line":195,"column":4},"end":{"line":213,"column":null}},"101":{"start":{"line":196,"column":39},"end":{"line":196,"column":47}},"102":{"start":{"line":197,"column":8},"end":{"line":198,"column":null}},"103":{"start":{"line":198,"column":12},"end":{"line":198,"column":null}},"104":{"start":{"line":199,"column":23},"end":{"line":199,"column":82}},"105":{"start":{"line":200,"column":8},"end":{"line":201,"column":null}},"106":{"start":{"line":201,"column":12},"end":{"line":201,"column":null}},"107":{"start":{"line":202,"column":28},"end":{"line":202,"column":72}},"108":{"start":{"line":202,"column":61},"end":{"line":202,"column":70}},"109":{"start":{"line":203,"column":29},"end":{"line":203,"column":97}},"110":{"start":{"line":204,"column":8},"end":{"line":205,"column":null}},"111":{"start":{"line":205,"column":12},"end":{"line":205,"column":null}},"112":{"start":{"line":206,"column":29},"end":{"line":206,"column":99}},"113":{"start":{"line":206,"column":62},"end":{"line":206,"column":97}},"114":{"start":{"line":207,"column":8},"end":{"line":209,"column":null}},"115":{"start":{"line":210,"column":8},"end":{"line":210,"column":null}},"116":{"start":{"line":212,"column":8},"end":{"line":212,"column":110}},"117":{"start":{"line":216,"column":21},"end":{"line":237,"column":null}},"118":{"start":{"line":216,"column":78},"end":{"line":237,"column":null}},"119":{"start":{"line":217,"column":4},"end":{"line":236,"column":null}},"120":{"start":{"line":218,"column":41},"end":{"line":218,"column":49}},"121":{"start":{"line":219,"column":8},"end":{"line":220,"column":null}},"122":{"start":{"line":220,"column":12},"end":{"line":220,"column":null}},"123":{"start":{"line":221,"column":23},"end":{"line":221,"column":82}},"124":{"start":{"line":222,"column":8},"end":{"line":223,"column":null}},"125":{"start":{"line":223,"column":12},"end":{"line":223,"column":null}},"126":{"start":{"line":224,"column":30},"end":{"line":224,"column":82}},"127":{"start":{"line":224,"column":69},"end":{"line":224,"column":80}},"128":{"start":{"line":225,"column":31},"end":{"line":225,"column":103}},"129":{"start":{"line":226,"column":8},"end":{"line":227,"column":null}},"130":{"start":{"line":227,"column":12},"end":{"line":227,"column":null}},"131":{"start":{"line":228,"column":31},"end":{"line":228,"column":111}},"132":{"start":{"line":228,"column":70},"end":{"line":228,"column":109}},"133":{"start":{"line":229,"column":8},"end":{"line":231,"column":null}},"134":{"start":{"line":232,"column":8},"end":{"line":232,"column":null}},"135":{"start":{"line":234,"column":8},"end":{"line":234,"column":null}},"136":{"start":{"line":235,"column":8},"end":{"line":235,"column":106}},"137":{"start":{"line":239,"column":25},"end":{"line":263,"column":null}},"138":{"start":{"line":239,"column":82},"end":{"line":263,"column":null}},"139":{"start":{"line":240,"column":4},"end":{"line":262,"column":null}},"140":{"start":{"line":241,"column":8},"end":{"line":243,"column":null}},"141":{"start":{"line":242,"column":12},"end":{"line":242,"column":null}},"142":{"start":{"line":244,"column":28},"end":{"line":257,"column":10}},"143":{"start":{"line":258,"column":24},"end":{"line":258,"column":71}},"144":{"start":{"line":258,"column":57},"end":{"line":258,"column":70}},"145":{"start":{"line":259,"column":8},"end":{"line":259,"column":null}},"146":{"start":{"line":261,"column":8},"end":{"line":261,"column":43}},"147":{"start":{"line":265,"column":0},"end":{"line":276,"column":null}}},"fnMap":{"0":{"name":"(anonymous_8)","decl":{"start":{"line":11,"column":19},"end":{"line":11,"column":26}},"loc":{"start":{"line":11,"column":76},"end":{"line":25,"column":null}}},"1":{"name":"(anonymous_9)","decl":{"start":{"line":11,"column":76},"end":{"line":11,"column":null}},"loc":{"start":{"line":11,"column":76},"end":{"line":25,"column":1}}},"2":{"name":"(anonymous_10)","decl":{"start":{"line":27,"column":18},"end":{"line":27,"column":25}},"loc":{"start":{"line":27,"column":75},"end":{"line":46,"column":null}}},"3":{"name":"(anonymous_11)","decl":{"start":{"line":27,"column":75},"end":{"line":27,"column":null}},"loc":{"start":{"line":27,"column":75},"end":{"line":46,"column":1}}},"4":{"name":"(anonymous_12)","decl":{"start":{"line":48,"column":21},"end":{"line":48,"column":28}},"loc":{"start":{"line":48,"column":78},"end":{"line":69,"column":null}}},"5":{"name":"(anonymous_13)","decl":{"start":{"line":48,"column":78},"end":{"line":48,"column":null}},"loc":{"start":{"line":48,"column":78},"end":{"line":69,"column":1}}},"6":{"name":"(anonymous_14)","decl":{"start":{"line":71,"column":21},"end":{"line":71,"column":28}},"loc":{"start":{"line":71,"column":78},"end":{"line":97,"column":null}}},"7":{"name":"(anonymous_15)","decl":{"start":{"line":71,"column":78},"end":{"line":71,"column":null}},"loc":{"start":{"line":71,"column":78},"end":{"line":97,"column":1}}},"8":{"name":"(anonymous_16)","decl":{"start":{"line":99,"column":21},"end":{"line":99,"column":28}},"loc":{"start":{"line":99,"column":78},"end":{"line":121,"column":null}}},"9":{"name":"(anonymous_17)","decl":{"start":{"line":99,"column":78},"end":{"line":99,"column":null}},"loc":{"start":{"line":99,"column":78},"end":{"line":121,"column":1}}},"10":{"name":"(anonymous_18)","decl":{"start":{"line":123,"column":22},"end":{"line":123,"column":29}},"loc":{"start":{"line":123,"column":79},"end":{"line":147,"column":null}}},"11":{"name":"(anonymous_19)","decl":{"start":{"line":123,"column":79},"end":{"line":123,"column":null}},"loc":{"start":{"line":123,"column":79},"end":{"line":147,"column":1}}},"12":{"name":"(anonymous_20)","decl":{"start":{"line":124,"column":23},"end":{"line":124,"column":33}},"loc":{"start":{"line":124,"column":48},"end":{"line":146,"column":5}}},"13":{"name":"(anonymous_21)","decl":{"start":{"line":126,"column":24},"end":{"line":126,"column":34}},"loc":{"start":{"line":126,"column":52},"end":{"line":145,"column":9}}},"14":{"name":"(anonymous_22)","decl":{"start":{"line":129,"column":29},"end":{"line":129,"column":34}},"loc":{"start":{"line":129,"column":37},"end":{"line":131,"column":17}}},"15":{"name":"(anonymous_23)","decl":{"start":{"line":132,"column":28},"end":{"line":132,"column":31}},"loc":{"start":{"line":132,"column":34},"end":{"line":134,"column":17}}},"16":{"name":"(anonymous_24)","decl":{"start":{"line":135,"column":27},"end":{"line":135,"column":28}},"loc":{"start":{"line":135,"column":48},"end":{"line":144,"column":17}}},"17":{"name":"(anonymous_25)","decl":{"start":{"line":140,"column":21},"end":{"line":140,"column":30}},"loc":{"start":{"line":140,"column":32},"end":{"line":143,"column":22}}},"18":{"name":"(anonymous_26)","decl":{"start":{"line":140,"column":32},"end":{"line":140,"column":null}},"loc":{"start":{"line":140,"column":32},"end":{"line":143,"column":21}}},"19":{"name":"addCourses","decl":{"start":{"line":149,"column":15},"end":{"line":149,"column":25}},"loc":{"start":{"line":149,"column":58},"end":{"line":170,"column":null}}},"20":{"name":"(anonymous_29)","decl":{"start":{"line":153,"column":24},"end":{"line":153,"column":30}},"loc":{"start":{"line":153,"column":33},"end":{"line":160,"column":9}}},"21":{"name":"(anonymous_30)","decl":{"start":{"line":172,"column":17},"end":{"line":172,"column":24}},"loc":{"start":{"line":172,"column":74},"end":{"line":192,"column":null}}},"22":{"name":"(anonymous_31)","decl":{"start":{"line":172,"column":74},"end":{"line":172,"column":null}},"loc":{"start":{"line":172,"column":74},"end":{"line":192,"column":1}}},"23":{"name":"(anonymous_32)","decl":{"start":{"line":180,"column":36},"end":{"line":180,"column":37}},"loc":{"start":{"line":180,"column":53},"end":{"line":180,"column":60}}},"24":{"name":"(anonymous_33)","decl":{"start":{"line":184,"column":38},"end":{"line":184,"column":39}},"loc":{"start":{"line":184,"column":55},"end":{"line":184,"column":86}}},"25":{"name":"(anonymous_34)","decl":{"start":{"line":194,"column":19},"end":{"line":194,"column":26}},"loc":{"start":{"line":194,"column":76},"end":{"line":214,"column":null}}},"26":{"name":"(anonymous_35)","decl":{"start":{"line":194,"column":76},"end":{"line":194,"column":null}},"loc":{"start":{"line":194,"column":76},"end":{"line":214,"column":1}}},"27":{"name":"(anonymous_36)","decl":{"start":{"line":202,"column":40},"end":{"line":202,"column":41}},"loc":{"start":{"line":202,"column":61},"end":{"line":202,"column":70}}},"28":{"name":"(anonymous_37)","decl":{"start":{"line":206,"column":41},"end":{"line":206,"column":42}},"loc":{"start":{"line":206,"column":62},"end":{"line":206,"column":97}}},"29":{"name":"(anonymous_38)","decl":{"start":{"line":216,"column":21},"end":{"line":216,"column":28}},"loc":{"start":{"line":216,"column":78},"end":{"line":237,"column":null}}},"30":{"name":"(anonymous_39)","decl":{"start":{"line":216,"column":78},"end":{"line":216,"column":null}},"loc":{"start":{"line":216,"column":78},"end":{"line":237,"column":1}}},"31":{"name":"(anonymous_40)","decl":{"start":{"line":224,"column":44},"end":{"line":224,"column":45}},"loc":{"start":{"line":224,"column":69},"end":{"line":224,"column":80}}},"32":{"name":"(anonymous_41)","decl":{"start":{"line":228,"column":45},"end":{"line":228,"column":46}},"loc":{"start":{"line":228,"column":70},"end":{"line":228,"column":109}}},"33":{"name":"(anonymous_42)","decl":{"start":{"line":239,"column":25},"end":{"line":239,"column":32}},"loc":{"start":{"line":239,"column":82},"end":{"line":263,"column":null}}},"34":{"name":"(anonymous_43)","decl":{"start":{"line":239,"column":82},"end":{"line":239,"column":null}},"loc":{"start":{"line":239,"column":82},"end":{"line":263,"column":1}}},"35":{"name":"(anonymous_44)","decl":{"start":{"line":258,"column":40},"end":{"line":258,"column":41}},"loc":{"start":{"line":258,"column":57},"end":{"line":258,"column":70}}}},"branchMap":{"0":{"loc":{"start":{"line":29,"column":8},"end":{"line":31,"column":null}},"type":"if","locations":[{"start":{"line":29,"column":8},"end":{"line":31,"column":null}}]},"1":{"loc":{"start":{"line":29,"column":12},"end":{"line":29,"column":58}},"type":"binary-expr","locations":[{"start":{"line":29,"column":12},"end":{"line":29,"column":26}},{"start":{"line":29,"column":30},"end":{"line":29,"column":58}}]},"2":{"loc":{"start":{"line":56,"column":8},"end":{"line":58,"column":null}},"type":"if","locations":[{"start":{"line":56,"column":8},"end":{"line":58,"column":null}}]},"3":{"loc":{"start":{"line":79,"column":8},"end":{"line":81,"column":null}},"type":"if","locations":[{"start":{"line":79,"column":8},"end":{"line":81,"column":null}}]},"4":{"loc":{"start":{"line":82,"column":24},"end":{"line":82,"column":55}},"type":"cond-expr","locations":[{"start":{"line":82,"column":37},"end":{"line":82,"column":41}},{"start":{"line":82,"column":44},"end":{"line":82,"column":55}}]},"5":{"loc":{"start":{"line":83,"column":31},"end":{"line":83,"column":83}},"type":"cond-expr","locations":[{"start":{"line":83,"column":51},"end":{"line":83,"column":62}},{"start":{"line":83,"column":65},"end":{"line":83,"column":83}}]},"6":{"loc":{"start":{"line":101,"column":8},"end":{"line":103,"column":null}},"type":"if","locations":[{"start":{"line":101,"column":8},"end":{"line":103,"column":null}}]},"7":{"loc":{"start":{"line":101,"column":12},"end":{"line":101,"column":58}},"type":"binary-expr","locations":[{"start":{"line":101,"column":12},"end":{"line":101,"column":26}},{"start":{"line":101,"column":30},"end":{"line":101,"column":58}}]},"8":{"loc":{"start":{"line":109,"column":8},"end":{"line":111,"column":null}},"type":"if","locations":[{"start":{"line":109,"column":8},"end":{"line":111,"column":null}}]},"9":{"loc":{"start":{"line":136,"column":20},"end":{"line":138,"column":null}},"type":"if","locations":[{"start":{"line":136,"column":20},"end":{"line":138,"column":null}}]},"10":{"loc":{"start":{"line":154,"column":12},"end":{"line":155,"column":null}},"type":"if","locations":[{"start":{"line":154,"column":12},"end":{"line":155,"column":null}}]},"11":{"loc":{"start":{"line":154,"column":16},"end":{"line":154,"column":61}},"type":"binary-expr","locations":[{"start":{"line":154,"column":16},"end":{"line":154,"column":40}},{"start":{"line":154,"column":44},"end":{"line":154,"column":61}}]},"12":{"loc":{"start":{"line":161,"column":8},"end":{"line":166,"column":null}},"type":"if","locations":[{"start":{"line":161,"column":8},"end":{"line":166,"column":null}},{"start":{"line":164,"column":15},"end":{"line":166,"column":null}}]},"13":{"loc":{"start":{"line":175,"column":8},"end":{"line":176,"column":null}},"type":"if","locations":[{"start":{"line":175,"column":8},"end":{"line":176,"column":null}}]},"14":{"loc":{"start":{"line":178,"column":8},"end":{"line":179,"column":null}},"type":"if","locations":[{"start":{"line":178,"column":8},"end":{"line":179,"column":null}}]},"15":{"loc":{"start":{"line":182,"column":8},"end":{"line":183,"column":null}},"type":"if","locations":[{"start":{"line":182,"column":8},"end":{"line":183,"column":null}}]},"16":{"loc":{"start":{"line":197,"column":8},"end":{"line":198,"column":null}},"type":"if","locations":[{"start":{"line":197,"column":8},"end":{"line":198,"column":null}}]},"17":{"loc":{"start":{"line":200,"column":8},"end":{"line":201,"column":null}},"type":"if","locations":[{"start":{"line":200,"column":8},"end":{"line":201,"column":null}}]},"18":{"loc":{"start":{"line":204,"column":8},"end":{"line":205,"column":null}},"type":"if","locations":[{"start":{"line":204,"column":8},"end":{"line":205,"column":null}}]},"19":{"loc":{"start":{"line":219,"column":8},"end":{"line":220,"column":null}},"type":"if","locations":[{"start":{"line":219,"column":8},"end":{"line":220,"column":null}}]},"20":{"loc":{"start":{"line":222,"column":8},"end":{"line":223,"column":null}},"type":"if","locations":[{"start":{"line":222,"column":8},"end":{"line":223,"column":null}}]},"21":{"loc":{"start":{"line":226,"column":8},"end":{"line":227,"column":null}},"type":"if","locations":[{"start":{"line":226,"column":8},"end":{"line":227,"column":null}}]},"22":{"loc":{"start":{"line":241,"column":8},"end":{"line":243,"column":null}},"type":"if","locations":[{"start":{"line":241,"column":8},"end":{"line":243,"column":null}}]},"23":{"loc":{"start":{"line":241,"column":12},"end":{"line":241,"column":58}},"type":"binary-expr","locations":[{"start":{"line":241,"column":12},"end":{"line":241,"column":26}},{"start":{"line":241,"column":30},"end":{"line":241,"column":58}}]}},"s":{"0":1,"1":1,"2":1,"3":1,"4":2,"5":2,"6":2,"7":2,"8":0,"9":0,"10":1,"11":2,"12":2,"13":2,"14":0,"15":2,"16":2,"17":0,"18":1,"19":4,"20":4,"21":4,"22":4,"23":3,"24":1,"25":2,"26":2,"27":1,"28":2,"29":1,"30":3,"31":3,"32":3,"33":3,"34":3,"35":1,"36":2,"37":2,"38":2,"39":2,"40":0,"41":1,"42":4,"43":4,"44":4,"45":2,"46":2,"47":2,"48":1,"49":1,"50":1,"51":0,"52":1,"53":4,"54":4,"55":4,"56":4,"57":4,"58":4,"59":0,"60":8,"61":4,"62":1,"63":4,"64":4,"65":4,"66":4,"67":4,"68":4,"69":4,"70":4,"71":8,"72":3,"73":8,"74":4,"75":3,"76":2,"77":1,"78":1,"79":1,"80":4,"81":4,"82":4,"83":4,"84":1,"85":3,"86":3,"87":1,"88":2,"89":4,"90":2,"91":2,"92":1,"93":1,"94":2,"95":1,"96":1,"97":0,"98":1,"99":4,"100":4,"101":4,"102":4,"103":1,"104":3,"105":3,"106":1,"107":2,"108":4,"109":2,"110":2,"111":1,"112":1,"113":2,"114":1,"115":1,"116":0,"117":1,"118":4,"119":4,"120":4,"121":4,"122":1,"123":3,"124":3,"125":1,"126":2,"127":4,"128":2,"129":2,"130":1,"131":1,"132":2,"133":1,"134":1,"135":0,"136":0,"137":1,"138":4,"139":4,"140":4,"141":2,"142":2,"143":2,"144":2,"145":2,"146":0,"147":1},"f":{"0":2,"1":2,"2":2,"3":2,"4":4,"5":4,"6":3,"7":3,"8":4,"9":4,"10":4,"11":4,"12":4,"13":4,"14":0,"15":8,"16":4,"17":4,"18":4,"19":4,"20":8,"21":4,"22":4,"23":4,"24":2,"25":4,"26":4,"27":4,"28":2,"29":4,"30":4,"31":4,"32":2,"33":4,"34":4,"35":2},"b":{"0":[0],"1":[2,2],"2":[1],"3":[1],"4":[1,1],"5":[1,1],"6":[2],"7":[4,3],"8":[1],"9":[1],"10":[3],"11":[8,7],"12":[3,1],"13":[1],"14":[1],"15":[1],"16":[1],"17":[1],"18":[1],"19":[1],"20":[1],"21":[1],"22":[2],"23":[4,3]}}
,"D:\\ClaseCuarto\\SegundoCuatri\\TFG\\AudienceResponseSystem\\restapi\\controllers\\gameController.ts": {"path":"D:\\ClaseCuarto\\SegundoCuatri\\TFG\\AudienceResponseSystem\\restapi\\controllers\\gameController.ts","statementMap":{"0":{"start":{"line":2,"column":0},"end":{"line":2,"column":46}},"1":{"start":{"line":6,"column":0},"end":{"line":6,"column":44}},"2":{"start":{"line":8,"column":20},"end":{"line":47,"column":null}},"3":{"start":{"line":8,"column":77},"end":{"line":47,"column":null}},"4":{"start":{"line":9,"column":4},"end":{"line":46,"column":null}},"5":{"start":{"line":10,"column":8},"end":{"line":12,"column":null}},"6":{"start":{"line":11,"column":12},"end":{"line":11,"column":null}},"7":{"start":{"line":13,"column":21},"end":{"line":41,"column":10}},"8":{"start":{"line":42,"column":8},"end":{"line":42,"column":null}},"9":{"start":{"line":44,"column":8},"end":{"line":44,"column":null}},"10":{"start":{"line":45,"column":8},"end":{"line":45,"column":null}},"11":{"start":{"line":53,"column":39},"end":{"line":123,"column":null}},"12":{"start":{"line":53,"column":120},"end":{"line":123,"column":null}},"13":{"start":{"line":54,"column":4},"end":{"line":122,"column":null}},"14":{"start":{"line":55,"column":8},"end":{"line":57,"column":null}},"15":{"start":{"line":56,"column":12},"end":{"line":56,"column":null}},"16":{"start":{"line":58,"column":35},"end":{"line":58,"column":37}},"17":{"start":{"line":59,"column":8},"end":{"line":63,"column":null}},"18":{"start":{"line":60,"column":12},"end":{"line":60,"column":null}},"19":{"start":{"line":62,"column":12},"end":{"line":62,"column":null}},"20":{"start":{"line":62,"column":52},"end":{"line":62,"column":62}},"21":{"start":{"line":65,"column":8},"end":{"line":67,"column":null}},"22":{"start":{"line":66,"column":12},"end":{"line":66,"column":null}},"23":{"start":{"line":69,"column":28},"end":{"line":75,"column":10}},"24":{"start":{"line":76,"column":37},"end":{"line":76,"column":72}},"25":{"start":{"line":76,"column":60},"end":{"line":76,"column":71}},"26":{"start":{"line":77,"column":21},"end":{"line":117,"column":10}},"27":{"start":{"line":118,"column":8},"end":{"line":118,"column":null}},"28":{"start":{"line":120,"column":8},"end":{"line":120,"column":null}},"29":{"start":{"line":121,"column":8},"end":{"line":121,"column":null}},"30":{"start":{"line":125,"column":19},"end":{"line":195,"column":null}},"31":{"start":{"line":125,"column":76},"end":{"line":195,"column":null}},"32":{"start":{"line":126,"column":4},"end":{"line":194,"column":null}},"33":{"start":{"line":128,"column":98},"end":{"line":128,"column":106}},"34":{"start":{"line":130,"column":8},"end":{"line":132,"column":null}},"35":{"start":{"line":131,"column":12},"end":{"line":131,"column":null}},"36":{"start":{"line":134,"column":21},"end":{"line":134,"column":76}},"37":{"start":{"line":135,"column":8},"end":{"line":136,"column":null}},"38":{"start":{"line":136,"column":12},"end":{"line":136,"column":null}},"39":{"start":{"line":138,"column":23},"end":{"line":138,"column":82}},"40":{"start":{"line":139,"column":8},"end":{"line":140,"column":null}},"41":{"start":{"line":140,"column":12},"end":{"line":140,"column":null}},"42":{"start":{"line":142,"column":23},"end":{"line":142,"column":83}},"43":{"start":{"line":143,"column":8},"end":{"line":144,"column":null}},"44":{"start":{"line":144,"column":12},"end":{"line":144,"column":null}},"45":{"start":{"line":147,"column":8},"end":{"line":161,"column":null}},"46":{"start":{"line":162,"column":26},"end":{"line":188,"column":10}},"47":{"start":{"line":190,"column":8},"end":{"line":190,"column":null}},"48":{"start":{"line":192,"column":8},"end":{"line":192,"column":null}},"49":{"start":{"line":193,"column":8},"end":{"line":193,"column":null}},"50":{"start":{"line":197,"column":20},"end":{"line":248,"column":null}},"51":{"start":{"line":197,"column":77},"end":{"line":248,"column":null}},"52":{"start":{"line":198,"column":4},"end":{"line":247,"column":null}},"53":{"start":{"line":199,"column":8},"end":{"line":199,"column":null}},"54":{"start":{"line":200,"column":8},"end":{"line":202,"column":null}},"55":{"start":{"line":201,"column":12},"end":{"line":201,"column":null}},"56":{"start":{"line":204,"column":8},"end":{"line":206,"column":null}},"57":{"start":{"line":205,"column":12},"end":{"line":205,"column":null}},"58":{"start":{"line":207,"column":21},"end":{"line":207,"column":88}},"59":{"start":{"line":208,"column":8},"end":{"line":209,"column":null}},"60":{"start":{"line":209,"column":12},"end":{"line":209,"column":null}},"61":{"start":{"line":210,"column":27},"end":{"line":241,"column":10}},"62":{"start":{"line":243,"column":8},"end":{"line":243,"column":null}},"63":{"start":{"line":245,"column":8},"end":{"line":245,"column":null}},"64":{"start":{"line":246,"column":8},"end":{"line":246,"column":null}},"65":{"start":{"line":250,"column":22},"end":{"line":310,"column":null}},"66":{"start":{"line":250,"column":79},"end":{"line":310,"column":null}},"67":{"start":{"line":251,"column":4},"end":{"line":309,"column":null}},"68":{"start":{"line":252,"column":8},"end":{"line":253,"column":null}},"69":{"start":{"line":253,"column":12},"end":{"line":253,"column":null}},"70":{"start":{"line":255,"column":42},"end":{"line":255,"column":50}},"71":{"start":{"line":256,"column":21},"end":{"line":274,"column":10}},"72":{"start":{"line":275,"column":34},"end":{"line":285,"column":10}},"73":{"start":{"line":276,"column":26},"end":{"line":276,"column":73}},"74":{"start":{"line":277,"column":12},"end":{"line":284,"column":null}},"75":{"start":{"line":286,"column":44},"end":{"line":286,"column":46}},"76":{"start":{"line":287,"column":8},"end":{"line":289,"column":null}},"77":{"start":{"line":288,"column":12},"end":{"line":288,"column":null}},"78":{"start":{"line":290,"column":36},"end":{"line":298,"column":11}},"79":{"start":{"line":290,"column":77},"end":{"line":298,"column":10}},"80":{"start":{"line":299,"column":8},"end":{"line":301,"column":null}},"81":{"start":{"line":302,"column":8},"end":{"line":304,"column":null}},"82":{"start":{"line":305,"column":8},"end":{"line":305,"column":null}},"83":{"start":{"line":307,"column":8},"end":{"line":307,"column":null}},"84":{"start":{"line":308,"column":8},"end":{"line":308,"column":null}},"85":{"start":{"line":314,"column":25},"end":{"line":314,"column":26}},"86":{"start":{"line":315,"column":23},"end":{"line":315,"column":24}},"87":{"start":{"line":316,"column":4},"end":{"line":328,"column":7}},"88":{"start":{"line":318,"column":27},"end":{"line":318,"column":97}},"89":{"start":{"line":318,"column":64},"end":{"line":318,"column":96}},"90":{"start":{"line":319,"column":8},"end":{"line":327,"column":null}},"91":{"start":{"line":320,"column":26},"end":{"line":320,"column":46}},"92":{"start":{"line":321,"column":12},"end":{"line":325,"column":null}},"93":{"start":{"line":322,"column":35},"end":{"line":322,"column":95}},"94":{"start":{"line":322,"column":58},"end":{"line":322,"column":95}},"95":{"start":{"line":323,"column":16},"end":{"line":323,"column":96}},"96":{"start":{"line":324,"column":16},"end":{"line":324,"column":91}},"97":{"start":{"line":329,"column":4},"end":{"line":332,"column":null}},"98":{"start":{"line":335,"column":30},"end":{"line":377,"column":null}},"99":{"start":{"line":335,"column":87},"end":{"line":377,"column":null}},"100":{"start":{"line":336,"column":4},"end":{"line":376,"column":null}},"101":{"start":{"line":337,"column":8},"end":{"line":339,"column":null}},"102":{"start":{"line":338,"column":12},"end":{"line":338,"column":null}},"103":{"start":{"line":340,"column":21},"end":{"line":340,"column":91}},"104":{"start":{"line":341,"column":8},"end":{"line":342,"column":null}},"105":{"start":{"line":342,"column":12},"end":{"line":342,"column":null}},"106":{"start":{"line":343,"column":23},"end":{"line":370,"column":10}},"107":{"start":{"line":371,"column":8},"end":{"line":371,"column":null}},"108":{"start":{"line":372,"column":8},"end":{"line":372,"column":null}},"109":{"start":{"line":374,"column":8},"end":{"line":374,"column":null}},"110":{"start":{"line":375,"column":8},"end":{"line":375,"column":null}},"111":{"start":{"line":380,"column":29},"end":{"line":420,"column":null}},"112":{"start":{"line":380,"column":86},"end":{"line":420,"column":null}},"113":{"start":{"line":381,"column":4},"end":{"line":419,"column":null}},"114":{"start":{"line":382,"column":8},"end":{"line":384,"column":null}},"115":{"start":{"line":383,"column":12},"end":{"line":383,"column":null}},"116":{"start":{"line":385,"column":21},"end":{"line":385,"column":96}},"117":{"start":{"line":386,"column":8},"end":{"line":387,"column":null}},"118":{"start":{"line":387,"column":12},"end":{"line":387,"column":null}},"119":{"start":{"line":388,"column":23},"end":{"line":415,"column":10}},"120":{"start":{"line":416,"column":8},"end":{"line":416,"column":null}},"121":{"start":{"line":418,"column":8},"end":{"line":418,"column":null}},"122":{"start":{"line":423,"column":25},"end":{"line":450,"column":null}},"123":{"start":{"line":423,"column":82},"end":{"line":450,"column":null}},"124":{"start":{"line":424,"column":4},"end":{"line":449,"column":null}},"125":{"start":{"line":425,"column":8},"end":{"line":427,"column":null}},"126":{"start":{"line":426,"column":12},"end":{"line":426,"column":null}},"127":{"start":{"line":428,"column":23},"end":{"line":428,"column":95}},"128":{"start":{"line":429,"column":8},"end":{"line":430,"column":null}},"129":{"start":{"line":430,"column":12},"end":{"line":430,"column":null}},"130":{"start":{"line":431,"column":23},"end":{"line":444,"column":10}},"131":{"start":{"line":445,"column":8},"end":{"line":445,"column":null}},"132":{"start":{"line":447,"column":8},"end":{"line":447,"column":null}},"133":{"start":{"line":448,"column":8},"end":{"line":448,"column":null}},"134":{"start":{"line":452,"column":39},"end":{"line":505,"column":null}},"135":{"start":{"line":452,"column":96},"end":{"line":505,"column":null}},"136":{"start":{"line":453,"column":4},"end":{"line":504,"column":null}},"137":{"start":{"line":454,"column":8},"end":{"line":456,"column":null}},"138":{"start":{"line":455,"column":12},"end":{"line":455,"column":null}},"139":{"start":{"line":457,"column":8},"end":{"line":459,"column":null}},"140":{"start":{"line":458,"column":12},"end":{"line":458,"column":null}},"141":{"start":{"line":460,"column":21},"end":{"line":460,"column":96}},"142":{"start":{"line":461,"column":8},"end":{"line":462,"column":null}},"143":{"start":{"line":462,"column":12},"end":{"line":462,"column":null}},"144":{"start":{"line":463,"column":23},"end":{"line":463,"column":102}},"145":{"start":{"line":464,"column":8},"end":{"line":465,"column":null}},"146":{"start":{"line":465,"column":12},"end":{"line":465,"column":null}},"147":{"start":{"line":467,"column":23},"end":{"line":498,"column":10}},"148":{"start":{"line":499,"column":8},"end":{"line":499,"column":null}},"149":{"start":{"line":500,"column":8},"end":{"line":500,"column":null}},"150":{"start":{"line":502,"column":8},"end":{"line":502,"column":null}},"151":{"start":{"line":503,"column":8},"end":{"line":503,"column":null}},"152":{"start":{"line":507,"column":35},"end":{"line":572,"column":null}},"153":{"start":{"line":507,"column":92},"end":{"line":572,"column":null}},"154":{"start":{"line":508,"column":4},"end":{"line":571,"column":null}},"155":{"start":{"line":509,"column":8},"end":{"line":511,"column":null}},"156":{"start":{"line":510,"column":12},"end":{"line":510,"column":null}},"157":{"start":{"line":512,"column":8},"end":{"line":514,"column":null}},"158":{"start":{"line":513,"column":12},"end":{"line":513,"column":null}},"159":{"start":{"line":515,"column":21},"end":{"line":515,"column":96}},"160":{"start":{"line":516,"column":8},"end":{"line":517,"column":null}},"161":{"start":{"line":517,"column":12},"end":{"line":517,"column":null}},"162":{"start":{"line":518,"column":21},"end":{"line":518,"column":96}},"163":{"start":{"line":519,"column":8},"end":{"line":520,"column":null}},"164":{"start":{"line":520,"column":12},"end":{"line":520,"column":null}},"165":{"start":{"line":522,"column":23},"end":{"line":565,"column":10}},"166":{"start":{"line":566,"column":8},"end":{"line":566,"column":null}},"167":{"start":{"line":567,"column":8},"end":{"line":567,"column":null}},"168":{"start":{"line":569,"column":8},"end":{"line":569,"column":null}},"169":{"start":{"line":570,"column":8},"end":{"line":570,"column":null}},"170":{"start":{"line":574,"column":19},"end":{"line":592,"column":null}},"171":{"start":{"line":574,"column":76},"end":{"line":592,"column":null}},"172":{"start":{"line":575,"column":4},"end":{"line":591,"column":null}},"173":{"start":{"line":576,"column":8},"end":{"line":578,"column":null}},"174":{"start":{"line":577,"column":12},"end":{"line":577,"column":null}},"175":{"start":{"line":579,"column":21},"end":{"line":579,"column":90}},"176":{"start":{"line":580,"column":8},"end":{"line":581,"column":null}},"177":{"start":{"line":581,"column":12},"end":{"line":581,"column":null}},"178":{"start":{"line":582,"column":8},"end":{"line":586,"column":null}},"179":{"start":{"line":587,"column":8},"end":{"line":587,"column":null}},"180":{"start":{"line":589,"column":8},"end":{"line":589,"column":null}},"181":{"start":{"line":590,"column":8},"end":{"line":590,"column":null}},"182":{"start":{"line":594,"column":0},"end":{"line":606,"column":null}}},"fnMap":{"0":{"name":"(anonymous_8)","decl":{"start":{"line":8,"column":20},"end":{"line":8,"column":27}},"loc":{"start":{"line":8,"column":77},"end":{"line":47,"column":null}}},"1":{"name":"(anonymous_9)","decl":{"start":{"line":8,"column":77},"end":{"line":8,"column":null}},"loc":{"start":{"line":8,"column":77},"end":{"line":47,"column":1}}},"2":{"name":"(anonymous_10)","decl":{"start":{"line":53,"column":39},"end":{"line":53,"column":46}},"loc":{"start":{"line":53,"column":120},"end":{"line":123,"column":null}}},"3":{"name":"(anonymous_11)","decl":{"start":{"line":53,"column":120},"end":{"line":53,"column":null}},"loc":{"start":{"line":53,"column":120},"end":{"line":123,"column":1}}},"4":{"name":"(anonymous_12)","decl":{"start":{"line":62,"column":46},"end":{"line":62,"column":48}},"loc":{"start":{"line":62,"column":52},"end":{"line":62,"column":62}}},"5":{"name":"(anonymous_13)","decl":{"start":{"line":76,"column":55},"end":{"line":76,"column":56}},"loc":{"start":{"line":76,"column":60},"end":{"line":76,"column":71}}},"6":{"name":"(anonymous_14)","decl":{"start":{"line":125,"column":19},"end":{"line":125,"column":26}},"loc":{"start":{"line":125,"column":76},"end":{"line":195,"column":null}}},"7":{"name":"(anonymous_15)","decl":{"start":{"line":125,"column":76},"end":{"line":125,"column":null}},"loc":{"start":{"line":125,"column":76},"end":{"line":195,"column":1}}},"8":{"name":"(anonymous_16)","decl":{"start":{"line":197,"column":20},"end":{"line":197,"column":27}},"loc":{"start":{"line":197,"column":77},"end":{"line":248,"column":null}}},"9":{"name":"(anonymous_17)","decl":{"start":{"line":197,"column":77},"end":{"line":197,"column":null}},"loc":{"start":{"line":197,"column":77},"end":{"line":248,"column":1}}},"10":{"name":"(anonymous_18)","decl":{"start":{"line":250,"column":22},"end":{"line":250,"column":29}},"loc":{"start":{"line":250,"column":79},"end":{"line":310,"column":null}}},"11":{"name":"(anonymous_19)","decl":{"start":{"line":250,"column":79},"end":{"line":250,"column":null}},"loc":{"start":{"line":250,"column":79},"end":{"line":310,"column":1}}},"12":{"name":"(anonymous_20)","decl":{"start":{"line":275,"column":50},"end":{"line":275,"column":51}},"loc":{"start":{"line":275,"column":77},"end":{"line":285,"column":9}}},"13":{"name":"(anonymous_21)","decl":{"start":{"line":287,"column":28},"end":{"line":287,"column":29}},"loc":{"start":{"line":287,"column":47},"end":{"line":289,"column":9}}},"14":{"name":"(anonymous_22)","decl":{"start":{"line":290,"column":54},"end":{"line":290,"column":55}},"loc":{"start":{"line":290,"column":77},"end":{"line":298,"column":10}}},"15":{"name":"getCorrectAndIncorrectAnswers","decl":{"start":{"line":313,"column":9},"end":{"line":313,"column":38}},"loc":{"start":{"line":313,"column":72},"end":{"line":333,"column":1}}},"16":{"name":"(anonymous_24)","decl":{"start":{"line":316,"column":40},"end":{"line":316,"column":41}},"loc":{"start":{"line":316,"column":63},"end":{"line":328,"column":5}}},"17":{"name":"(anonymous_25)","decl":{"start":{"line":318,"column":58},"end":{"line":318,"column":60}},"loc":{"start":{"line":318,"column":64},"end":{"line":318,"column":96}}},"18":{"name":"(anonymous_26)","decl":{"start":{"line":322,"column":48},"end":{"line":322,"column":54}},"loc":{"start":{"line":322,"column":58},"end":{"line":322,"column":95}}},"19":{"name":"(anonymous_27)","decl":{"start":{"line":335,"column":30},"end":{"line":335,"column":37}},"loc":{"start":{"line":335,"column":87},"end":{"line":377,"column":null}}},"20":{"name":"(anonymous_28)","decl":{"start":{"line":335,"column":87},"end":{"line":335,"column":null}},"loc":{"start":{"line":335,"column":87},"end":{"line":377,"column":1}}},"21":{"name":"(anonymous_29)","decl":{"start":{"line":380,"column":29},"end":{"line":380,"column":36}},"loc":{"start":{"line":380,"column":86},"end":{"line":420,"column":null}}},"22":{"name":"(anonymous_30)","decl":{"start":{"line":380,"column":86},"end":{"line":380,"column":null}},"loc":{"start":{"line":380,"column":86},"end":{"line":420,"column":1}}},"23":{"name":"(anonymous_31)","decl":{"start":{"line":423,"column":25},"end":{"line":423,"column":32}},"loc":{"start":{"line":423,"column":82},"end":{"line":450,"column":null}}},"24":{"name":"(anonymous_32)","decl":{"start":{"line":423,"column":82},"end":{"line":423,"column":null}},"loc":{"start":{"line":423,"column":82},"end":{"line":450,"column":1}}},"25":{"name":"(anonymous_33)","decl":{"start":{"line":452,"column":39},"end":{"line":452,"column":46}},"loc":{"start":{"line":452,"column":96},"end":{"line":505,"column":null}}},"26":{"name":"(anonymous_34)","decl":{"start":{"line":452,"column":96},"end":{"line":452,"column":null}},"loc":{"start":{"line":452,"column":96},"end":{"line":505,"column":1}}},"27":{"name":"(anonymous_35)","decl":{"start":{"line":507,"column":35},"end":{"line":507,"column":42}},"loc":{"start":{"line":507,"column":92},"end":{"line":572,"column":null}}},"28":{"name":"(anonymous_36)","decl":{"start":{"line":507,"column":92},"end":{"line":507,"column":null}},"loc":{"start":{"line":507,"column":92},"end":{"line":572,"column":1}}},"29":{"name":"(anonymous_37)","decl":{"start":{"line":574,"column":19},"end":{"line":574,"column":26}},"loc":{"start":{"line":574,"column":76},"end":{"line":592,"column":null}}},"30":{"name":"(anonymous_38)","decl":{"start":{"line":574,"column":76},"end":{"line":574,"column":null}},"loc":{"start":{"line":574,"column":76},"end":{"line":592,"column":1}}}},"branchMap":{"0":{"loc":{"start":{"line":10,"column":8},"end":{"line":12,"column":null}},"type":"if","locations":[{"start":{"line":10,"column":8},"end":{"line":12,"column":null}}]},"1":{"loc":{"start":{"line":10,"column":12},"end":{"line":10,"column":58}},"type":"binary-expr","locations":[{"start":{"line":10,"column":12},"end":{"line":10,"column":26}},{"start":{"line":10,"column":30},"end":{"line":10,"column":58}}]},"2":{"loc":{"start":{"line":55,"column":8},"end":{"line":57,"column":null}},"type":"if","locations":[{"start":{"line":55,"column":8},"end":{"line":57,"column":null}}]},"3":{"loc":{"start":{"line":59,"column":8},"end":{"line":63,"column":null}},"type":"if","locations":[{"start":{"line":59,"column":8},"end":{"line":63,"column":null}},{"start":{"line":61,"column":15},"end":{"line":63,"column":null}}]},"4":{"loc":{"start":{"line":65,"column":8},"end":{"line":67,"column":null}},"type":"if","locations":[{"start":{"line":65,"column":8},"end":{"line":67,"column":null}}]},"5":{"loc":{"start":{"line":130,"column":8},"end":{"line":132,"column":null}},"type":"if","locations":[{"start":{"line":130,"column":8},"end":{"line":132,"column":null}}]},"6":{"loc":{"start":{"line":130,"column":12},"end":{"line":130,"column":120}},"type":"binary-expr","locations":[{"start":{"line":130,"column":12},"end":{"line":130,"column":20}},{"start":{"line":130,"column":24},"end":{"line":130,"column":34}},{"start":{"line":130,"column":38},"end":{"line":130,"column":43}},{"start":{"line":130,"column":47},"end":{"line":130,"column":53}},{"start":{"line":130,"column":57},"end":{"line":130,"column":91}},{"start":{"line":130,"column":95},"end":{"line":130,"column":106}},{"start":{"line":130,"column":110},"end":{"line":130,"column":120}}]},"7":{"loc":{"start":{"line":135,"column":8},"end":{"line":136,"column":null}},"type":"if","locations":[{"start":{"line":135,"column":8},"end":{"line":136,"column":null}}]},"8":{"loc":{"start":{"line":139,"column":8},"end":{"line":140,"column":null}},"type":"if","locations":[{"start":{"line":139,"column":8},"end":{"line":140,"column":null}}]},"9":{"loc":{"start":{"line":143,"column":8},"end":{"line":144,"column":null}},"type":"if","locations":[{"start":{"line":143,"column":8},"end":{"line":144,"column":null}}]},"10":{"loc":{"start":{"line":200,"column":8},"end":{"line":202,"column":null}},"type":"if","locations":[{"start":{"line":200,"column":8},"end":{"line":202,"column":null}}]},"11":{"loc":{"start":{"line":200,"column":12},"end":{"line":200,"column":54}},"type":"binary-expr","locations":[{"start":{"line":200,"column":12},"end":{"line":200,"column":24}},{"start":{"line":200,"column":28},"end":{"line":200,"column":54}}]},"12":{"loc":{"start":{"line":204,"column":8},"end":{"line":206,"column":null}},"type":"if","locations":[{"start":{"line":204,"column":8},"end":{"line":206,"column":null}}]},"13":{"loc":{"start":{"line":204,"column":12},"end":{"line":204,"column":43}},"type":"binary-expr","locations":[{"start":{"line":204,"column":12},"end":{"line":204,"column":24}},{"start":{"line":204,"column":28},"end":{"line":204,"column":43}}]},"14":{"loc":{"start":{"line":208,"column":8},"end":{"line":209,"column":null}},"type":"if","locations":[{"start":{"line":208,"column":8},"end":{"line":209,"column":null}}]},"15":{"loc":{"start":{"line":252,"column":8},"end":{"line":253,"column":null}},"type":"if","locations":[{"start":{"line":252,"column":8},"end":{"line":253,"column":null}}]},"16":{"loc":{"start":{"line":281,"column":40},"end":{"line":281,"column":76}},"type":"cond-expr","locations":[{"start":{"line":281,"column":52},"end":{"line":281,"column":54}},{"start":{"line":281,"column":52},"end":{"line":281,"column":76}}]},"17":{"loc":{"start":{"line":281,"column":40},"end":{"line":281,"column":54}},"type":"binary-expr","locations":[{"start":{"line":281,"column":40},"end":{"line":281,"column":54}},{"start":{"line":281,"column":52},"end":{"line":281,"column":54}}]},"18":{"loc":{"start":{"line":281,"column":40},"end":{"line":281,"column":52}},"type":"cond-expr","locations":[{"start":{"line":281,"column":44},"end":{"line":281,"column":46}},{"start":{"line":281,"column":40},"end":{"line":281,"column":52}}]},"19":{"loc":{"start":{"line":281,"column":40},"end":{"line":281,"column":46}},"type":"binary-expr","locations":[{"start":{"line":281,"column":40},"end":{"line":281,"column":46}},{"start":{"line":281,"column":40},"end":{"line":281,"column":46}}]},"20":{"loc":{"start":{"line":319,"column":8},"end":{"line":327,"column":null}},"type":"if","locations":[{"start":{"line":319,"column":8},"end":{"line":327,"column":null}}]},"21":{"loc":{"start":{"line":319,"column":12},"end":{"line":319,"column":65}},"type":"binary-expr","locations":[{"start":{"line":319,"column":12},"end":{"line":319,"column":37}},{"start":{"line":319,"column":41},"end":{"line":319,"column":63}}]},"22":{"loc":{"start":{"line":319,"column":41},"end":{"line":319,"column":63}},"type":"cond-expr","locations":[{"start":{"line":319,"column":53},"end":{"line":319,"column":55}},{"start":{"line":319,"column":41},"end":{"line":319,"column":63}}]},"23":{"loc":{"start":{"line":319,"column":41},"end":{"line":319,"column":55}},"type":"binary-expr","locations":[{"start":{"line":319,"column":41},"end":{"line":319,"column":55}},{"start":{"line":319,"column":41},"end":{"line":319,"column":55}}]},"24":{"loc":{"start":{"line":320,"column":26},"end":{"line":320,"column":46}},"type":"cond-expr","locations":[{"start":{"line":320,"column":37},"end":{"line":320,"column":39}},{"start":{"line":320,"column":37},"end":{"line":320,"column":46}}]},"25":{"loc":{"start":{"line":320,"column":26},"end":{"line":320,"column":39}},"type":"binary-expr","locations":[{"start":{"line":320,"column":26},"end":{"line":320,"column":39}},{"start":{"line":320,"column":37},"end":{"line":320,"column":39}}]},"26":{"loc":{"start":{"line":321,"column":12},"end":{"line":325,"column":null}},"type":"if","locations":[{"start":{"line":321,"column":12},"end":{"line":325,"column":null}}]},"27":{"loc":{"start":{"line":322,"column":71},"end":{"line":322,"column":94}},"type":"cond-expr","locations":[{"start":{"line":322,"column":83},"end":{"line":322,"column":85}},{"start":{"line":322,"column":71},"end":{"line":322,"column":94}}]},"28":{"loc":{"start":{"line":322,"column":71},"end":{"line":322,"column":85}},"type":"binary-expr","locations":[{"start":{"line":322,"column":71},"end":{"line":322,"column":85}},{"start":{"line":322,"column":71},"end":{"line":322,"column":85}}]},"29":{"loc":{"start":{"line":323,"column":33},"end":{"line":323,"column":95}},"type":"cond-expr","locations":[{"start":{"line":323,"column":60},"end":{"line":323,"column":78}},{"start":{"line":323,"column":81},"end":{"line":323,"column":95}}]},"30":{"loc":{"start":{"line":323,"column":33},"end":{"line":323,"column":57}},"type":"cond-expr","locations":[{"start":{"line":323,"column":45},"end":{"line":323,"column":47}},{"start":{"line":323,"column":33},"end":{"line":323,"column":57}}]},"31":{"loc":{"start":{"line":323,"column":33},"end":{"line":323,"column":47}},"type":"binary-expr","locations":[{"start":{"line":323,"column":33},"end":{"line":323,"column":47}},{"start":{"line":323,"column":33},"end":{"line":323,"column":47}}]},"32":{"loc":{"start":{"line":324,"column":31},"end":{"line":324,"column":90}},"type":"cond-expr","locations":[{"start":{"line":324,"column":59},"end":{"line":324,"column":75}},{"start":{"line":324,"column":78},"end":{"line":324,"column":90}}]},"33":{"loc":{"start":{"line":324,"column":32},"end":{"line":324,"column":56}},"type":"cond-expr","locations":[{"start":{"line":324,"column":44},"end":{"line":324,"column":46}},{"start":{"line":324,"column":32},"end":{"line":324,"column":56}}]},"34":{"loc":{"start":{"line":324,"column":32},"end":{"line":324,"column":46}},"type":"binary-expr","locations":[{"start":{"line":324,"column":32},"end":{"line":324,"column":46}},{"start":{"line":324,"column":32},"end":{"line":324,"column":46}}]},"35":{"loc":{"start":{"line":337,"column":8},"end":{"line":339,"column":null}},"type":"if","locations":[{"start":{"line":337,"column":8},"end":{"line":339,"column":null}}]},"36":{"loc":{"start":{"line":337,"column":12},"end":{"line":337,"column":58}},"type":"binary-expr","locations":[{"start":{"line":337,"column":12},"end":{"line":337,"column":26}},{"start":{"line":337,"column":30},"end":{"line":337,"column":58}}]},"37":{"loc":{"start":{"line":341,"column":8},"end":{"line":342,"column":null}},"type":"if","locations":[{"start":{"line":341,"column":8},"end":{"line":342,"column":null}}]},"38":{"loc":{"start":{"line":382,"column":8},"end":{"line":384,"column":null}},"type":"if","locations":[{"start":{"line":382,"column":8},"end":{"line":384,"column":null}}]},"39":{"loc":{"start":{"line":382,"column":12},"end":{"line":382,"column":68}},"type":"binary-expr","locations":[{"start":{"line":382,"column":12},"end":{"line":382,"column":31}},{"start":{"line":382,"column":35},"end":{"line":382,"column":68}}]},"40":{"loc":{"start":{"line":386,"column":8},"end":{"line":387,"column":null}},"type":"if","locations":[{"start":{"line":386,"column":8},"end":{"line":387,"column":null}}]},"41":{"loc":{"start":{"line":425,"column":8},"end":{"line":427,"column":null}},"type":"if","locations":[{"start":{"line":425,"column":8},"end":{"line":427,"column":null}}]},"42":{"loc":{"start":{"line":425,"column":12},"end":{"line":425,"column":58}},"type":"binary-expr","locations":[{"start":{"line":425,"column":12},"end":{"line":425,"column":26}},{"start":{"line":425,"column":30},"end":{"line":425,"column":58}}]},"43":{"loc":{"start":{"line":429,"column":8},"end":{"line":430,"column":null}},"type":"if","locations":[{"start":{"line":429,"column":8},"end":{"line":430,"column":null}}]},"44":{"loc":{"start":{"line":454,"column":8},"end":{"line":456,"column":null}},"type":"if","locations":[{"start":{"line":454,"column":8},"end":{"line":456,"column":null}}]},"45":{"loc":{"start":{"line":454,"column":12},"end":{"line":454,"column":68}},"type":"binary-expr","locations":[{"start":{"line":454,"column":12},"end":{"line":454,"column":31}},{"start":{"line":454,"column":35},"end":{"line":454,"column":68}}]},"46":{"loc":{"start":{"line":457,"column":8},"end":{"line":459,"column":null}},"type":"if","locations":[{"start":{"line":457,"column":8},"end":{"line":459,"column":null}}]},"47":{"loc":{"start":{"line":457,"column":12},"end":{"line":457,"column":72}},"type":"binary-expr","locations":[{"start":{"line":457,"column":12},"end":{"line":457,"column":33}},{"start":{"line":457,"column":37},"end":{"line":457,"column":72}}]},"48":{"loc":{"start":{"line":461,"column":8},"end":{"line":462,"column":null}},"type":"if","locations":[{"start":{"line":461,"column":8},"end":{"line":462,"column":null}}]},"49":{"loc":{"start":{"line":464,"column":8},"end":{"line":465,"column":null}},"type":"if","locations":[{"start":{"line":464,"column":8},"end":{"line":465,"column":null}}]},"50":{"loc":{"start":{"line":509,"column":8},"end":{"line":511,"column":null}},"type":"if","locations":[{"start":{"line":509,"column":8},"end":{"line":511,"column":null}}]},"51":{"loc":{"start":{"line":509,"column":12},"end":{"line":509,"column":68}},"type":"binary-expr","locations":[{"start":{"line":509,"column":12},"end":{"line":509,"column":31}},{"start":{"line":509,"column":35},"end":{"line":509,"column":68}}]},"52":{"loc":{"start":{"line":512,"column":8},"end":{"line":514,"column":null}},"type":"if","locations":[{"start":{"line":512,"column":8},"end":{"line":514,"column":null}}]},"53":{"loc":{"start":{"line":512,"column":12},"end":{"line":512,"column":68}},"type":"binary-expr","locations":[{"start":{"line":512,"column":12},"end":{"line":512,"column":31}},{"start":{"line":512,"column":35},"end":{"line":512,"column":68}}]},"54":{"loc":{"start":{"line":516,"column":8},"end":{"line":517,"column":null}},"type":"if","locations":[{"start":{"line":516,"column":8},"end":{"line":517,"column":null}}]},"55":{"loc":{"start":{"line":519,"column":8},"end":{"line":520,"column":null}},"type":"if","locations":[{"start":{"line":519,"column":8},"end":{"line":520,"column":null}}]},"56":{"loc":{"start":{"line":576,"column":8},"end":{"line":578,"column":null}},"type":"if","locations":[{"start":{"line":576,"column":8},"end":{"line":578,"column":null}}]},"57":{"loc":{"start":{"line":576,"column":12},"end":{"line":576,"column":58}},"type":"binary-expr","locations":[{"start":{"line":576,"column":12},"end":{"line":576,"column":26}},{"start":{"line":576,"column":30},"end":{"line":576,"column":58}}]},"58":{"loc":{"start":{"line":580,"column":8},"end":{"line":581,"column":null}},"type":"if","locations":[{"start":{"line":580,"column":8},"end":{"line":581,"column":null}}]}},"s":{"0":1,"1":1,"2":1,"3":4,"4":4,"5":4,"6":2,"7":2,"8":2,"9":0,"10":0,"11":1,"12":3,"13":3,"14":3,"15":1,"16":2,"17":2,"18":0,"19":2,"20":2,"21":2,"22":1,"23":1,"24":1,"25":2,"26":1,"27":1,"28":0,"29":0,"30":1,"31":5,"32":5,"33":5,"34":5,"35":1,"36":4,"37":3,"38":1,"39":2,"40":2,"41":1,"42":1,"43":1,"44":0,"45":1,"46":1,"47":1,"48":1,"49":1,"50":1,"51":4,"52":4,"53":4,"54":4,"55":2,"56":2,"57":0,"58":2,"59":2,"60":1,"61":1,"62":1,"63":0,"64":0,"65":1,"66":3,"67":3,"68":3,"69":1,"70":2,"71":2,"72":2,"73":3,"74":2,"75":1,"76":1,"77":2,"78":1,"79":2,"80":1,"81":1,"82":1,"83":1,"84":1,"85":3,"86":3,"87":3,"88":0,"89":0,"90":0,"91":0,"92":0,"93":0,"94":0,"95":0,"96":0,"97":2,"98":1,"99":5,"100":5,"101":5,"102":2,"103":3,"104":3,"105":1,"106":2,"107":2,"108":2,"109":0,"110":0,"111":1,"112":5,"113":5,"114":5,"115":2,"116":3,"117":3,"118":1,"119":2,"120":2,"121":0,"122":1,"123":5,"124":5,"125":5,"126":2,"127":3,"128":3,"129":1,"130":2,"131":2,"132":0,"133":0,"134":1,"135":8,"136":8,"137":8,"138":2,"139":6,"140":2,"141":4,"142":4,"143":1,"144":3,"145":3,"146":1,"147":2,"148":2,"149":2,"150":0,"151":0,"152":1,"153":8,"154":8,"155":8,"156":2,"157":6,"158":2,"159":4,"160":4,"161":1,"162":3,"163":3,"164":1,"165":2,"166":2,"167":2,"168":0,"169":0,"170":1,"171":4,"172":4,"173":4,"174":2,"175":2,"176":2,"177":1,"178":1,"179":1,"180":0,"181":0,"182":1},"f":{"0":4,"1":4,"2":3,"3":3,"4":2,"5":2,"6":5,"7":5,"8":4,"9":4,"10":3,"11":3,"12":3,"13":2,"14":2,"15":3,"16":0,"17":0,"18":0,"19":5,"20":5,"21":5,"22":5,"23":5,"24":5,"25":8,"26":8,"27":8,"28":8,"29":4,"30":4},"b":{"0":[2],"1":[4,3],"2":[1],"3":[0,2],"4":[1],"5":[1],"6":[5,4,4,4,4,4,4],"7":[1],"8":[1],"9":[0],"10":[2],"11":[4,3],"12":[0],"13":[2,2],"14":[1],"15":[1],"16":[0,2],"17":[2,2],"18":[0,2],"19":[2,2],"20":[0],"21":[0,0],"22":[0,0],"23":[0,0],"24":[0,0],"25":[0,0],"26":[0],"27":[0,0],"28":[0,0],"29":[0,0],"30":[0,0],"31":[0,0],"32":[0,0],"33":[0,0],"34":[0,0],"35":[2],"36":[5,4],"37":[1],"38":[2],"39":[5,4],"40":[1],"41":[2],"42":[5,4],"43":[1],"44":[2],"45":[8,7],"46":[2],"47":[6,5],"48":[1],"49":[1],"50":[2],"51":[8,7],"52":[2],"53":[6,5],"54":[1],"55":[1],"56":[2],"57":[4,3],"58":[1]}}
,"D:\\ClaseCuarto\\SegundoCuatri\\TFG\\AudienceResponseSystem\\restapi\\controllers\\questionController.ts": {"path":"D:\\ClaseCuarto\\SegundoCuatri\\TFG\\AudienceResponseSystem\\restapi\\controllers\\questionController.ts","statementMap":{"0":{"start":{"line":3,"column":0},"end":{"line":3,"column":41}},"1":{"start":{"line":5,"column":0},"end":{"line":5,"column":42}},"2":{"start":{"line":6,"column":0},"end":{"line":6,"column":36}},"3":{"start":{"line":8,"column":0},"end":{"line":8,"column":44}},"4":{"start":{"line":10,"column":21},"end":{"line":28,"column":null}},"5":{"start":{"line":10,"column":78},"end":{"line":28,"column":null}},"6":{"start":{"line":11,"column":4},"end":{"line":27,"column":null}},"7":{"start":{"line":12,"column":21},"end":{"line":23,"column":10}},"8":{"start":{"line":24,"column":8},"end":{"line":24,"column":null}},"9":{"start":{"line":26,"column":8},"end":{"line":26,"column":null}},"10":{"start":{"line":30,"column":27},"end":{"line":56,"column":null}},"11":{"start":{"line":30,"column":84},"end":{"line":56,"column":null}},"12":{"start":{"line":31,"column":4},"end":{"line":55,"column":null}},"13":{"start":{"line":32,"column":19},"end":{"line":36,"column":10}},"14":{"start":{"line":37,"column":21},"end":{"line":51,"column":10}},"15":{"start":{"line":52,"column":8},"end":{"line":52,"column":44}},"16":{"start":{"line":54,"column":8},"end":{"line":54,"column":43}},"17":{"start":{"line":58,"column":24},"end":{"line":79,"column":null}},"18":{"start":{"line":58,"column":81},"end":{"line":79,"column":null}},"19":{"start":{"line":59,"column":4},"end":{"line":78,"column":null}},"20":{"start":{"line":60,"column":21},"end":{"line":74,"column":10}},"21":{"start":{"line":75,"column":8},"end":{"line":75,"column":44}},"22":{"start":{"line":77,"column":8},"end":{"line":77,"column":43}},"23":{"start":{"line":81,"column":23},"end":{"line":132,"column":null}},"24":{"start":{"line":81,"column":80},"end":{"line":132,"column":null}},"25":{"start":{"line":82,"column":4},"end":{"line":131,"column":null}},"26":{"start":{"line":83,"column":96},"end":{"line":83,"column":104}},"27":{"start":{"line":84,"column":8},"end":{"line":84,"column":null}},"28":{"start":{"line":85,"column":8},"end":{"line":86,"column":null}},"29":{"start":{"line":86,"column":12},"end":{"line":86,"column":null}},"30":{"start":{"line":87,"column":21},"end":{"line":91,"column":10}},"31":{"start":{"line":93,"column":8},"end":{"line":95,"column":null}},"32":{"start":{"line":94,"column":12},"end":{"line":94,"column":null}},"33":{"start":{"line":96,"column":8},"end":{"line":97,"column":null}},"34":{"start":{"line":97,"column":12},"end":{"line":97,"column":null}},"35":{"start":{"line":98,"column":8},"end":{"line":99,"column":null}},"36":{"start":{"line":99,"column":12},"end":{"line":99,"column":null}},"37":{"start":{"line":100,"column":29},"end":{"line":100,"column":30}},"38":{"start":{"line":101,"column":8},"end":{"line":104,"column":null}},"39":{"start":{"line":102,"column":12},"end":{"line":103,"column":null}},"40":{"start":{"line":103,"column":16},"end":{"line":103,"column":null}},"41":{"start":{"line":106,"column":24},"end":{"line":106,"column":68}},"42":{"start":{"line":107,"column":8},"end":{"line":108,"column":null}},"43":{"start":{"line":108,"column":12},"end":{"line":108,"column":null}},"44":{"start":{"line":111,"column":8},"end":{"line":125,"column":null}},"45":{"start":{"line":126,"column":8},"end":{"line":126,"column":null}},"46":{"start":{"line":127,"column":8},"end":{"line":127,"column":93}},"47":{"start":{"line":129,"column":8},"end":{"line":129,"column":null}},"48":{"start":{"line":130,"column":8},"end":{"line":130,"column":null}},"49":{"start":{"line":135,"column":18},"end":{"line":135,"column":20}},"50":{"start":{"line":136,"column":4},"end":{"line":162,"column":null}},"51":{"start":{"line":138,"column":12},"end":{"line":141,"column":null}},"52":{"start":{"line":139,"column":16},"end":{"line":139,"column":null}},"53":{"start":{"line":140,"column":17},"end":{"line":141,"column":null}},"54":{"start":{"line":141,"column":16},"end":{"line":141,"column":null}},"55":{"start":{"line":142,"column":12},"end":{"line":142,"column":18}},"56":{"start":{"line":145,"column":12},"end":{"line":148,"column":null}},"57":{"start":{"line":146,"column":16},"end":{"line":146,"column":null}},"58":{"start":{"line":147,"column":17},"end":{"line":148,"column":null}},"59":{"start":{"line":148,"column":16},"end":{"line":148,"column":null}},"60":{"start":{"line":149,"column":12},"end":{"line":149,"column":18}},"61":{"start":{"line":152,"column":12},"end":{"line":155,"column":null}},"62":{"start":{"line":153,"column":16},"end":{"line":153,"column":null}},"63":{"start":{"line":154,"column":17},"end":{"line":155,"column":null}},"64":{"start":{"line":155,"column":16},"end":{"line":155,"column":null}},"65":{"start":{"line":156,"column":12},"end":{"line":156,"column":18}},"66":{"start":{"line":159,"column":12},"end":{"line":159,"column":null}},"67":{"start":{"line":160,"column":12},"end":{"line":160,"column":17}},"68":{"start":{"line":163,"column":4},"end":{"line":163,"column":null}},"69":{"start":{"line":166,"column":23},"end":{"line":183,"column":null}},"70":{"start":{"line":166,"column":80},"end":{"line":183,"column":null}},"71":{"start":{"line":167,"column":4},"end":{"line":182,"column":null}},"72":{"start":{"line":168,"column":8},"end":{"line":170,"column":null}},"73":{"start":{"line":169,"column":12},"end":{"line":169,"column":null}},"74":{"start":{"line":171,"column":25},"end":{"line":171,"column":99}},"75":{"start":{"line":172,"column":8},"end":{"line":173,"column":null}},"76":{"start":{"line":173,"column":12},"end":{"line":173,"column":null}},"77":{"start":{"line":174,"column":8},"end":{"line":178,"column":null}},"78":{"start":{"line":179,"column":8},"end":{"line":179,"column":null}},"79":{"start":{"line":181,"column":8},"end":{"line":181,"column":null}},"80":{"start":{"line":185,"column":24},"end":{"line":244,"column":null}},"81":{"start":{"line":185,"column":81},"end":{"line":244,"column":null}},"82":{"start":{"line":186,"column":4},"end":{"line":243,"column":null}},"83":{"start":{"line":187,"column":8},"end":{"line":189,"column":null}},"84":{"start":{"line":188,"column":12},"end":{"line":188,"column":null}},"85":{"start":{"line":190,"column":19},"end":{"line":194,"column":10}},"86":{"start":{"line":195,"column":8},"end":{"line":197,"column":null}},"87":{"start":{"line":196,"column":12},"end":{"line":196,"column":null}},"88":{"start":{"line":198,"column":21},"end":{"line":205,"column":10}},"89":{"start":{"line":206,"column":8},"end":{"line":206,"column":null}},"90":{"start":{"line":208,"column":42},"end":{"line":223,"column":10}},"91":{"start":{"line":209,"column":12},"end":{"line":222,"column":null}},"92":{"start":{"line":224,"column":45},"end":{"line":237,"column":11}},"93":{"start":{"line":238,"column":20},"end":{"line":238,"column":47}},"94":{"start":{"line":239,"column":8},"end":{"line":239,"column":41}},"95":{"start":{"line":241,"column":8},"end":{"line":241,"column":null}},"96":{"start":{"line":242,"column":8},"end":{"line":242,"column":null}},"97":{"start":{"line":246,"column":24},"end":{"line":275,"column":null}},"98":{"start":{"line":246,"column":81},"end":{"line":275,"column":null}},"99":{"start":{"line":247,"column":4},"end":{"line":249,"column":null}},"100":{"start":{"line":248,"column":8},"end":{"line":248,"column":null}},"101":{"start":{"line":250,"column":17},"end":{"line":250,"column":86}},"102":{"start":{"line":251,"column":4},"end":{"line":252,"column":null}},"103":{"start":{"line":252,"column":8},"end":{"line":252,"column":null}},"104":{"start":{"line":253,"column":4},"end":{"line":274,"column":null}},"105":{"start":{"line":254,"column":21},"end":{"line":254,"column":42}},"106":{"start":{"line":255,"column":8},"end":{"line":273,"column":null}},"107":{"start":{"line":256,"column":45},"end":{"line":256,"column":47}},"108":{"start":{"line":257,"column":12},"end":{"line":272,"column":null}},"109":{"start":{"line":259,"column":20},"end":{"line":259,"column":null}},"110":{"start":{"line":262,"column":20},"end":{"line":262,"column":null}},"111":{"start":{"line":265,"column":20},"end":{"line":267,"column":null}},"112":{"start":{"line":266,"column":24},"end":{"line":266,"column":null}},"113":{"start":{"line":268,"column":20},"end":{"line":271,"column":25}},"114":{"start":{"line":268,"column":32},"end":{"line":271,"column":22}},"115":{"start":{"line":269,"column":24},"end":{"line":269,"column":null}},"116":{"start":{"line":270,"column":24},"end":{"line":270,"column":null}},"117":{"start":{"line":278,"column":4},"end":{"line":331,"column":null}},"118":{"start":{"line":279,"column":60},"end":{"line":279,"column":62}},"119":{"start":{"line":280,"column":31},"end":{"line":280,"column":36}},"120":{"start":{"line":281,"column":33},"end":{"line":281,"column":38}},"121":{"start":{"line":282,"column":8},"end":{"line":316,"column":null}},"122":{"start":{"line":283,"column":12},"end":{"line":285,"column":null}},"123":{"start":{"line":284,"column":16},"end":{"line":284,"column":null}},"124":{"start":{"line":286,"column":36},"end":{"line":286,"column":38}},"125":{"start":{"line":287,"column":12},"end":{"line":287,"column":null}},"126":{"start":{"line":288,"column":12},"end":{"line":288,"column":null}},"127":{"start":{"line":288,"column":43},"end":{"line":288,"column":null}},"128":{"start":{"line":289,"column":12},"end":{"line":289,"column":null}},"129":{"start":{"line":289,"column":43},"end":{"line":289,"column":null}},"130":{"start":{"line":290,"column":12},"end":{"line":290,"column":null}},"131":{"start":{"line":290,"column":43},"end":{"line":290,"column":null}},"132":{"start":{"line":291,"column":33},"end":{"line":291,"column":34}},"133":{"start":{"line":292,"column":12},"end":{"line":295,"column":null}},"134":{"start":{"line":293,"column":16},"end":{"line":294,"column":null}},"135":{"start":{"line":294,"column":20},"end":{"line":294,"column":null}},"136":{"start":{"line":297,"column":12},"end":{"line":298,"column":null}},"137":{"start":{"line":298,"column":16},"end":{"line":298,"column":null}},"138":{"start":{"line":300,"column":12},"end":{"line":315,"column":null}},"139":{"start":{"line":318,"column":8},"end":{"line":327,"column":null}},"140":{"start":{"line":319,"column":12},"end":{"line":321,"column":null}},"141":{"start":{"line":320,"column":16},"end":{"line":320,"column":null}},"142":{"start":{"line":322,"column":12},"end":{"line":322,"column":null}},"143":{"start":{"line":323,"column":15},"end":{"line":327,"column":null}},"144":{"start":{"line":324,"column":12},"end":{"line":324,"column":null}},"145":{"start":{"line":326,"column":12},"end":{"line":326,"column":null}},"146":{"start":{"line":329,"column":8},"end":{"line":329,"column":null}},"147":{"start":{"line":330,"column":8},"end":{"line":330,"column":null}},"148":{"start":{"line":334,"column":23},"end":{"line":392,"column":null}},"149":{"start":{"line":334,"column":80},"end":{"line":392,"column":null}},"150":{"start":{"line":335,"column":4},"end":{"line":391,"column":null}},"151":{"start":{"line":336,"column":83},"end":{"line":336,"column":91}},"152":{"start":{"line":337,"column":25},"end":{"line":341,"column":10}},"153":{"start":{"line":342,"column":8},"end":{"line":343,"column":null}},"154":{"start":{"line":343,"column":12},"end":{"line":343,"column":null}},"155":{"start":{"line":344,"column":8},"end":{"line":345,"column":null}},"156":{"start":{"line":345,"column":12},"end":{"line":345,"column":null}},"157":{"start":{"line":347,"column":31},"end":{"line":347,"column":85}},"158":{"start":{"line":348,"column":28},"end":{"line":348,"column":70}},"159":{"start":{"line":349,"column":24},"end":{"line":349,"column":57}},"160":{"start":{"line":350,"column":31},"end":{"line":350,"column":85}},"161":{"start":{"line":351,"column":29},"end":{"line":351,"column":30}},"162":{"start":{"line":352,"column":12},"end":{"line":355,"column":null}},"163":{"start":{"line":353,"column":16},"end":{"line":354,"column":null}},"164":{"start":{"line":354,"column":20},"end":{"line":354,"column":null}},"165":{"start":{"line":356,"column":22},"end":{"line":356,"column":77}},"166":{"start":{"line":357,"column":8},"end":{"line":357,"column":null}},"167":{"start":{"line":358,"column":8},"end":{"line":359,"column":null}},"168":{"start":{"line":359,"column":12},"end":{"line":359,"column":null}},"169":{"start":{"line":361,"column":8},"end":{"line":372,"column":null}},"170":{"start":{"line":373,"column":8},"end":{"line":385,"column":null}},"171":{"start":{"line":374,"column":12},"end":{"line":374,"column":null}},"172":{"start":{"line":375,"column":12},"end":{"line":384,"column":null}},"173":{"start":{"line":376,"column":16},"end":{"line":382,"column":null}},"174":{"start":{"line":387,"column":8},"end":{"line":387,"column":null}},"175":{"start":{"line":389,"column":8},"end":{"line":389,"column":null}},"176":{"start":{"line":390,"column":8},"end":{"line":390,"column":null}},"177":{"start":{"line":394,"column":29},"end":{"line":422,"column":null}},"178":{"start":{"line":394,"column":86},"end":{"line":422,"column":null}},"179":{"start":{"line":395,"column":4},"end":{"line":421,"column":null}},"180":{"start":{"line":396,"column":8},"end":{"line":398,"column":null}},"181":{"start":{"line":397,"column":12},"end":{"line":397,"column":null}},"182":{"start":{"line":399,"column":30},"end":{"line":416,"column":10}},"183":{"start":{"line":417,"column":25},"end":{"line":417,"column":80}},"184":{"start":{"line":417,"column":62},"end":{"line":417,"column":79}},"185":{"start":{"line":418,"column":8},"end":{"line":418,"column":null}},"186":{"start":{"line":420,"column":8},"end":{"line":420,"column":96}},"187":{"start":{"line":424,"column":33},"end":{"line":438,"column":null}},"188":{"start":{"line":424,"column":90},"end":{"line":438,"column":null}},"189":{"start":{"line":425,"column":4},"end":{"line":437,"column":null}},"190":{"start":{"line":426,"column":8},"end":{"line":433,"column":null}},"191":{"start":{"line":434,"column":8},"end":{"line":434,"column":null}},"192":{"start":{"line":436,"column":8},"end":{"line":436,"column":null}},"193":{"start":{"line":441,"column":0},"end":{"line":452,"column":null}}},"fnMap":{"0":{"name":"(anonymous_8)","decl":{"start":{"line":10,"column":21},"end":{"line":10,"column":28}},"loc":{"start":{"line":10,"column":78},"end":{"line":28,"column":null}}},"1":{"name":"(anonymous_9)","decl":{"start":{"line":10,"column":78},"end":{"line":10,"column":null}},"loc":{"start":{"line":10,"column":78},"end":{"line":28,"column":1}}},"2":{"name":"(anonymous_10)","decl":{"start":{"line":30,"column":27},"end":{"line":30,"column":34}},"loc":{"start":{"line":30,"column":84},"end":{"line":56,"column":null}}},"3":{"name":"(anonymous_11)","decl":{"start":{"line":30,"column":84},"end":{"line":30,"column":null}},"loc":{"start":{"line":30,"column":84},"end":{"line":56,"column":1}}},"4":{"name":"(anonymous_12)","decl":{"start":{"line":58,"column":24},"end":{"line":58,"column":31}},"loc":{"start":{"line":58,"column":81},"end":{"line":79,"column":null}}},"5":{"name":"(anonymous_13)","decl":{"start":{"line":58,"column":81},"end":{"line":58,"column":null}},"loc":{"start":{"line":58,"column":81},"end":{"line":79,"column":1}}},"6":{"name":"(anonymous_14)","decl":{"start":{"line":81,"column":23},"end":{"line":81,"column":30}},"loc":{"start":{"line":81,"column":80},"end":{"line":132,"column":null}}},"7":{"name":"(anonymous_15)","decl":{"start":{"line":81,"column":80},"end":{"line":81,"column":null}},"loc":{"start":{"line":81,"column":80},"end":{"line":132,"column":1}}},"8":{"name":"(anonymous_16)","decl":{"start":{"line":101,"column":24},"end":{"line":101,"column":25}},"loc":{"start":{"line":101,"column":43},"end":{"line":104,"column":9}}},"9":{"name":"checkQuestion","decl":{"start":{"line":134,"column":9},"end":{"line":134,"column":22}},"loc":{"start":{"line":134,"column":71},"end":{"line":164,"column":1}}},"10":{"name":"(anonymous_18)","decl":{"start":{"line":166,"column":23},"end":{"line":166,"column":30}},"loc":{"start":{"line":166,"column":80},"end":{"line":183,"column":null}}},"11":{"name":"(anonymous_19)","decl":{"start":{"line":166,"column":80},"end":{"line":166,"column":null}},"loc":{"start":{"line":166,"column":80},"end":{"line":183,"column":1}}},"12":{"name":"(anonymous_20)","decl":{"start":{"line":185,"column":24},"end":{"line":185,"column":31}},"loc":{"start":{"line":185,"column":81},"end":{"line":244,"column":null}}},"13":{"name":"(anonymous_21)","decl":{"start":{"line":185,"column":81},"end":{"line":185,"column":null}},"loc":{"start":{"line":185,"column":81},"end":{"line":244,"column":1}}},"14":{"name":"(anonymous_22)","decl":{"start":{"line":208,"column":53},"end":{"line":208,"column":54}},"loc":{"start":{"line":209,"column":12},"end":{"line":222,"column":null}}},"15":{"name":"(anonymous_23)","decl":{"start":{"line":246,"column":24},"end":{"line":246,"column":31}},"loc":{"start":{"line":246,"column":81},"end":{"line":275,"column":null}}},"16":{"name":"(anonymous_24)","decl":{"start":{"line":246,"column":81},"end":{"line":246,"column":null}},"loc":{"start":{"line":246,"column":81},"end":{"line":275,"column":1}}},"17":{"name":"(anonymous_25)","decl":{"start":{"line":253,"column":23},"end":{"line":253,"column":33}},"loc":{"start":{"line":253,"column":48},"end":{"line":274,"column":5}}},"18":{"name":"(anonymous_26)","decl":{"start":{"line":255,"column":24},"end":{"line":255,"column":34}},"loc":{"start":{"line":255,"column":52},"end":{"line":273,"column":9}}},"19":{"name":"(anonymous_27)","decl":{"start":{"line":258,"column":29},"end":{"line":258,"column":34}},"loc":{"start":{"line":258,"column":37},"end":{"line":260,"column":17}}},"20":{"name":"(anonymous_28)","decl":{"start":{"line":261,"column":28},"end":{"line":261,"column":31}},"loc":{"start":{"line":261,"column":34},"end":{"line":263,"column":17}}},"21":{"name":"(anonymous_29)","decl":{"start":{"line":264,"column":27},"end":{"line":264,"column":28}},"loc":{"start":{"line":264,"column":48},"end":{"line":272,"column":17}}},"22":{"name":"(anonymous_30)","decl":{"start":{"line":268,"column":21},"end":{"line":268,"column":30}},"loc":{"start":{"line":268,"column":32},"end":{"line":271,"column":22}}},"23":{"name":"(anonymous_31)","decl":{"start":{"line":268,"column":32},"end":{"line":268,"column":null}},"loc":{"start":{"line":268,"column":32},"end":{"line":271,"column":21}}},"24":{"name":"addQuestion","decl":{"start":{"line":277,"column":15},"end":{"line":277,"column":26}},"loc":{"start":{"line":277,"column":83},"end":{"line":332,"column":null}}},"25":{"name":"(anonymous_34)","decl":{"start":{"line":282,"column":26},"end":{"line":282,"column":34}},"loc":{"start":{"line":282,"column":37},"end":{"line":316,"column":9}}},"26":{"name":"(anonymous_35)","decl":{"start":{"line":292,"column":28},"end":{"line":292,"column":29}},"loc":{"start":{"line":292,"column":47},"end":{"line":295,"column":13}}},"27":{"name":"(anonymous_36)","decl":{"start":{"line":334,"column":23},"end":{"line":334,"column":30}},"loc":{"start":{"line":334,"column":80},"end":{"line":392,"column":null}}},"28":{"name":"(anonymous_37)","decl":{"start":{"line":334,"column":80},"end":{"line":334,"column":null}},"loc":{"start":{"line":334,"column":80},"end":{"line":392,"column":1}}},"29":{"name":"(anonymous_38)","decl":{"start":{"line":352,"column":28},"end":{"line":352,"column":29}},"loc":{"start":{"line":352,"column":47},"end":{"line":355,"column":13}}},"30":{"name":"(anonymous_39)","decl":{"start":{"line":394,"column":29},"end":{"line":394,"column":36}},"loc":{"start":{"line":394,"column":86},"end":{"line":422,"column":null}}},"31":{"name":"(anonymous_40)","decl":{"start":{"line":394,"column":86},"end":{"line":394,"column":null}},"loc":{"start":{"line":394,"column":86},"end":{"line":422,"column":1}}},"32":{"name":"(anonymous_41)","decl":{"start":{"line":417,"column":43},"end":{"line":417,"column":44}},"loc":{"start":{"line":417,"column":62},"end":{"line":417,"column":79}}},"33":{"name":"(anonymous_42)","decl":{"start":{"line":424,"column":33},"end":{"line":424,"column":40}},"loc":{"start":{"line":424,"column":90},"end":{"line":438,"column":null}}},"34":{"name":"(anonymous_43)","decl":{"start":{"line":424,"column":90},"end":{"line":424,"column":null}},"loc":{"start":{"line":424,"column":90},"end":{"line":438,"column":1}}}},"branchMap":{"0":{"loc":{"start":{"line":85,"column":8},"end":{"line":86,"column":null}},"type":"if","locations":[{"start":{"line":85,"column":8},"end":{"line":86,"column":null}}]},"1":{"loc":{"start":{"line":85,"column":12},"end":{"line":85,"column":93}},"type":"binary-expr","locations":[{"start":{"line":85,"column":12},"end":{"line":85,"column":24}},{"start":{"line":85,"column":28},"end":{"line":85,"column":36}},{"start":{"line":85,"column":40},"end":{"line":85,"column":45}},{"start":{"line":85,"column":49},"end":{"line":85,"column":61}},{"start":{"line":85,"column":65},"end":{"line":85,"column":73}},{"start":{"line":85,"column":77},"end":{"line":85,"column":93}}]},"2":{"loc":{"start":{"line":93,"column":8},"end":{"line":95,"column":null}},"type":"if","locations":[{"start":{"line":93,"column":8},"end":{"line":95,"column":null}}]},"3":{"loc":{"start":{"line":96,"column":8},"end":{"line":97,"column":null}},"type":"if","locations":[{"start":{"line":96,"column":8},"end":{"line":97,"column":null}}]},"4":{"loc":{"start":{"line":98,"column":8},"end":{"line":99,"column":null}},"type":"if","locations":[{"start":{"line":98,"column":8},"end":{"line":99,"column":null}}]},"5":{"loc":{"start":{"line":102,"column":12},"end":{"line":103,"column":null}},"type":"if","locations":[{"start":{"line":102,"column":12},"end":{"line":103,"column":null}}]},"6":{"loc":{"start":{"line":107,"column":8},"end":{"line":108,"column":null}},"type":"if","locations":[{"start":{"line":107,"column":8},"end":{"line":108,"column":null}}]},"7":{"loc":{"start":{"line":136,"column":4},"end":{"line":162,"column":null}},"type":"switch","locations":[{"start":{"line":137,"column":8},"end":{"line":143,"column":null}},{"start":{"line":144,"column":8},"end":{"line":150,"column":null}},{"start":{"line":151,"column":8},"end":{"line":157,"column":null}},{"start":{"line":158,"column":8},"end":{"line":161,"column":null}}]},"8":{"loc":{"start":{"line":138,"column":12},"end":{"line":141,"column":null}},"type":"if","locations":[{"start":{"line":138,"column":12},"end":{"line":141,"column":null}},{"start":{"line":140,"column":17},"end":{"line":141,"column":null}}]},"9":{"loc":{"start":{"line":140,"column":17},"end":{"line":141,"column":null}},"type":"if","locations":[{"start":{"line":140,"column":17},"end":{"line":141,"column":null}}]},"10":{"loc":{"start":{"line":145,"column":12},"end":{"line":148,"column":null}},"type":"if","locations":[{"start":{"line":145,"column":12},"end":{"line":148,"column":null}},
[...]
":122,"column":14},"end":{"line":153,"column":2}},"50":{"start":{"line":122,"column":71},"end":{"line":153,"column":2}},"51":{"start":{"line":123,"column":4},"end":{"line":152,"column":null}},"52":{"start":{"line":124,"column":34},"end":{"line":124,"column":65}},"53":{"start":{"line":125,"column":21},"end":{"line":129,"column":10}},"54":{"start":{"line":131,"column":8},"end":{"line":133,"column":null}},"55":{"start":{"line":132,"column":12},"end":{"line":132,"column":89}},"56":{"start":{"line":135,"column":24},"end":{"line":135,"column":78}},"57":{"start":{"line":136,"column":8},"end":{"line":138,"column":null}},"58":{"start":{"line":137,"column":12},"end":{"line":137,"column":89}},"59":{"start":{"line":140,"column":23},"end":{"line":140,"column":30}},"60":{"start":{"line":141,"column":22},"end":{"line":141,"column":62}},"61":{"start":{"line":142,"column":8},"end":{"line":149,"column":11}},"62":{"start":{"line":151,"column":8},"end":{"line":151,"column":null}},"63":{"start":{"line":156,"column":4},"end":{"line":166,"column":null}},"64":{"start":{"line":158,"column":12},"end":{"line":158,"column":32}},"65":{"start":{"line":161,"column":12},"end":{"line":161,"column":null}},"66":{"start":{"line":164,"column":12},"end":{"line":164,"column":30}},"67":{"start":{"line":169,"column":19},"end":{"line":201,"column":null}},"68":{"start":{"line":169,"column":76},"end":{"line":201,"column":null}},"69":{"start":{"line":170,"column":4},"end":{"line":200,"column":null}},"70":{"start":{"line":171,"column":49},"end":{"line":171,"column":57}},"71":{"start":{"line":172,"column":21},"end":{"line":176,"column":10}},"72":{"start":{"line":177,"column":8},"end":{"line":179,"column":null}},"73":{"start":{"line":178,"column":12},"end":{"line":178,"column":78}},"74":{"start":{"line":180,"column":28},"end":{"line":180,"column":69}},"75":{"start":{"line":181,"column":24},"end":{"line":181,"column":53}},"76":{"start":{"line":182,"column":28},"end":{"line":182,"column":65}},"77":{"start":{"line":183,"column":21},"end":{"line":183,"column":43}},"78":{"start":{"line":184,"column":21},"end":{"line":184,"column":57}},"79":{"start":{"line":185,"column":8},"end":{"line":194,"column":null}},"80":{"start":{"line":195,"column":8},"end":{"line":195,"column":null}},"81":{"start":{"line":198,"column":8},"end":{"line":198,"column":null}},"82":{"start":{"line":199,"column":8},"end":{"line":199,"column":null}},"83":{"start":{"line":203,"column":19},"end":{"line":226,"column":null}},"84":{"start":{"line":203,"column":76},"end":{"line":226,"column":null}},"85":{"start":{"line":204,"column":4},"end":{"line":225,"column":null}},"86":{"start":{"line":205,"column":8},"end":{"line":207,"column":null}},"87":{"start":{"line":206,"column":12},"end":{"line":206,"column":null}},"88":{"start":{"line":208,"column":21},"end":{"line":212,"column":10}},"89":{"start":{"line":213,"column":8},"end":{"line":215,"column":null}},"90":{"start":{"line":214,"column":12},"end":{"line":214,"column":78}},"91":{"start":{"line":216,"column":8},"end":{"line":220,"column":null}},"92":{"start":{"line":221,"column":8},"end":{"line":221,"column":null}},"93":{"start":{"line":223,"column":8},"end":{"line":223,"column":null}},"94":{"start":{"line":224,"column":8},"end":{"line":224,"column":null}},"95":{"start":{"line":228,"column":20},"end":{"line":254,"column":null}},"96":{"start":{"line":228,"column":58},"end":{"line":254,"column":null}},"97":{"start":{"line":229,"column":4},"end":{"line":252,"column":null}},"98":{"start":{"line":230,"column":21},"end":{"line":230,"column":42}},"99":{"start":{"line":231,"column":8},"end":{"line":251,"column":11}},"100":{"start":{"line":232,"column":34},"end":{"line":232,"column":36}},"101":{"start":{"line":233,"column":12},"end":{"line":250,"column":19}},"102":{"start":{"line":235,"column":20},"end":{"line":235,"column":null}},"103":{"start":{"line":238,"column":20},"end":{"line":238,"column":null}},"104":{"start":{"line":241,"column":20},"end":{"line":243,"column":null}},"105":{"start":{"line":242,"column":24},"end":{"line":242,"column":null}},"106":{"start":{"line":245,"column":20},"end":{"line":248,"column":25}},"107":{"start":{"line":245,"column":32},"end":{"line":248,"column":22}},"108":{"start":{"line":246,"column":24},"end":{"line":246,"column":null}},"109":{"start":{"line":247,"column":24},"end":{"line":247,"column":null}},"110":{"start":{"line":257,"column":4},"end":{"line":282,"column":null}},"111":{"start":{"line":259,"column":21},"end":{"line":259,"column":43}},"112":{"start":{"line":260,"column":21},"end":{"line":260,"column":59}},"113":{"start":{"line":261,"column":52},"end":{"line":261,"column":54}},"114":{"start":{"line":262,"column":31},"end":{"line":262,"column":36}},"115":{"start":{"line":263,"column":8},"end":{"line":272,"column":null}},"116":{"start":{"line":264,"column":12},"end":{"line":265,"column":null}},"117":{"start":{"line":265,"column":16},"end":{"line":265,"column":null}},"118":{"start":{"line":266,"column":12},"end":{"line":266,"column":null}},"119":{"start":{"line":267,"column":12},"end":{"line":271,"column":null}},"120":{"start":{"line":273,"column":8},"end":{"line":278,"column":null}},"121":{"start":{"line":274,"column":12},"end":{"line":274,"column":null}},"122":{"start":{"line":275,"column":12},"end":{"line":275,"column":null}},"123":{"start":{"line":277,"column":12},"end":{"line":277,"column":null}},"124":{"start":{"line":280,"column":8},"end":{"line":280,"column":null}},"125":{"start":{"line":281,"column":8},"end":{"line":281,"column":null}},"126":{"start":{"line":285,"column":25},"end":{"line":309,"column":null}},"127":{"start":{"line":285,"column":82},"end":{"line":309,"column":null}},"128":{"start":{"line":286,"column":4},"end":{"line":308,"column":null}},"129":{"start":{"line":287,"column":8},"end":{"line":289,"column":null}},"130":{"start":{"line":288,"column":12},"end":{"line":288,"column":null}},"131":{"start":{"line":290,"column":28},"end":{"line":303,"column":10}},"132":{"start":{"line":304,"column":22},"end":{"line":304,"column":63}},"133":{"start":{"line":304,"column":53},"end":{"line":304,"column":62}},"134":{"start":{"line":305,"column":8},"end":{"line":305,"column":null}},"135":{"start":{"line":307,"column":8},"end":{"line":307,"column":null}},"136":{"start":{"line":311,"column":23},"end":{"line":343,"column":null}},"137":{"start":{"line":311,"column":80},"end":{"line":343,"column":null}},"138":{"start":{"line":312,"column":4},"end":{"line":342,"column":null}},"139":{"start":{"line":313,"column":21},"end":{"line":317,"column":10}},"140":{"start":{"line":318,"column":8},"end":{"line":320,"column":null}},"141":{"start":{"line":319,"column":12},"end":{"line":319,"column":78}},"142":{"start":{"line":321,"column":24},"end":{"line":321,"column":84}},"143":{"start":{"line":322,"column":8},"end":{"line":322,"column":null}},"144":{"start":{"line":323,"column":8},"end":{"line":325,"column":null}},"145":{"start":{"line":324,"column":12},"end":{"line":324,"column":76}},"146":{"start":{"line":327,"column":28},"end":{"line":327,"column":48}},"147":{"start":{"line":328,"column":21},"end":{"line":328,"column":43}},"148":{"start":{"line":329,"column":21},"end":{"line":329,"column":57}},"149":{"start":{"line":330,"column":8},"end":{"line":337,"column":null}},"150":{"start":{"line":338,"column":8},"end":{"line":338,"column":null}},"151":{"start":{"line":340,"column":8},"end":{"line":340,"column":null}},"152":{"start":{"line":341,"column":8},"end":{"line":341,"column":null}},"153":{"start":{"line":345,"column":29},"end":{"line":359,"column":null}},"154":{"start":{"line":345,"column":86},"end":{"line":359,"column":null}},"155":{"start":{"line":346,"column":4},"end":{"line":358,"column":null}},"156":{"start":{"line":347,"column":8},"end":{"line":354,"column":null}},"157":{"start":{"line":355,"column":8},"end":{"line":355,"column":null}},"158":{"start":{"line":357,"column":8},"end":{"line":357,"column":null}},"159":{"start":{"line":361,"column":0},"end":{"line":372,"column":null}}},"fnMap":{"0":{"name":"(anonymous_8)","decl":{"start":{"line":19,"column":17},"end":{"line":19,"column":24}},"loc":{"start":{"line":19,"column":74},"end":{"line":32,"column":null}}},"1":{"name":"(anonymous_9)","decl":{"start":{"line":19,"column":74},"end":{"line":19,"column":null}},"loc":{"start":{"line":19,"column":74},"end":{"line":32,"column":1}}},"2":{"name":"(anonymous_10)","decl":{"start":{"line":34,"column":16},"end":{"line":34,"column":23}},"loc":{"start":{"line":34,"column":73},"end":{"line":53,"column":null}}},"3":{"name":"(anonymous_11)","decl":{"start":{"line":34,"column":73},"end":{"line":34,"column":null}},"loc":{"start":{"line":34,"column":73},"end":{"line":53,"column":1}}},"4":{"name":"(anonymous_12)","decl":{"start":{"line":55,"column":19},"end":{"line":55,"column":26}},"loc":{"start":{"line":55,"column":76},"end":{"line":90,"column":2}}},"5":{"name":"(anonymous_13)","decl":{"start":{"line":55,"column":76},"end":{"line":55,"column":null}},"loc":{"start":{"line":55,"column":76},"end":{"line":90,"column":1}}},"6":{"name":"sendEmail","decl":{"start":{"line":92,"column":15},"end":{"line":92,"column":24}},"loc":{"start":{"line":92,"column":59},"end":{"line":120,"column":null}}},"7":{"name":"(anonymous_16)","decl":{"start":{"line":122,"column":14},"end":{"line":122,"column":21}},"loc":{"start":{"line":122,"column":71},"end":{"line":153,"column":2}}},"8":{"name":"(anonymous_17)","decl":{"start":{"line":122,"column":71},"end":{"line":122,"column":null}},"loc":{"start":{"line":122,"column":71},"end":{"line":153,"column":1}}},"9":{"name":"getRole","decl":{"start":{"line":155,"column":9},"end":{"line":155,"column":16}},"loc":{"start":{"line":155,"column":29},"end":{"line":167,"column":1}}},"10":{"name":"(anonymous_19)","decl":{"start":{"line":169,"column":19},"end":{"line":169,"column":26}},"loc":{"start":{"line":169,"column":76},"end":{"line":201,"column":null}}},"11":{"name":"(anonymous_20)","decl":{"start":{"line":169,"column":76},"end":{"line":169,"column":null}},"loc":{"start":{"line":169,"column":76},"end":{"line":201,"column":1}}},"12":{"name":"(anonymous_21)","decl":{"start":{"line":203,"column":19},"end":{"line":203,"column":26}},"loc":{"start":{"line":203,"column":76},"end":{"line":226,"column":null}}},"13":{"name":"(anonymous_22)","decl":{"start":{"line":203,"column":76},"end":{"line":203,"column":null}},"loc":{"start":{"line":203,"column":76},"end":{"line":226,"column":1}}},"14":{"name":"(anonymous_23)","decl":{"start":{"line":228,"column":20},"end":{"line":228,"column":27}},"loc":{"start":{"line":228,"column":58},"end":{"line":254,"column":null}}},"15":{"name":"(anonymous_24)","decl":{"start":{"line":228,"column":58},"end":{"line":228,"column":null}},"loc":{"start":{"line":228,"column":58},"end":{"line":254,"column":1}}},"16":{"name":"(anonymous_25)","decl":{"start":{"line":229,"column":23},"end":{"line":229,"column":33}},"loc":{"start":{"line":229,"column":48},"end":{"line":252,"column":5}}},"17":{"name":"(anonymous_26)","decl":{"start":{"line":231,"column":24},"end":{"line":231,"column":34}},"loc":{"start":{"line":231,"column":52},"end":{"line":251,"column":9}}},"18":{"name":"(anonymous_27)","decl":{"start":{"line":234,"column":29},"end":{"line":234,"column":34}},"loc":{"start":{"line":234,"column":37},"end":{"line":236,"column":17}}},"19":{"name":"(anonymous_28)","decl":{"start":{"line":237,"column":28},"end":{"line":237,"column":31}},"loc":{"start":{"line":237,"column":34},"end":{"line":239,"column":17}}},"20":{"name":"(anonymous_29)","decl":{"start":{"line":240,"column":27},"end":{"line":240,"column":28}},"loc":{"start":{"line":240,"column":48},"end":{"line":250,"column":17}}},"21":{"name":"(anonymous_30)","decl":{"start":{"line":245,"column":21},"end":{"line":245,"column":30}},"loc":{"start":{"line":245,"column":32},"end":{"line":248,"column":22}}},"22":{"name":"(anonymous_31)","decl":{"start":{"line":245,"column":32},"end":{"line":245,"column":null}},"loc":{"start":{"line":245,"column":32},"end":{"line":248,"column":21}}},"23":{"name":"addUsers","decl":{"start":{"line":256,"column":15},"end":{"line":256,"column":23}},"loc":{"start":{"line":256,"column":52},"end":{"line":283,"column":null}}},"24":{"name":"(anonymous_34)","decl":{"start":{"line":263,"column":22},"end":{"line":263,"column":26}},"loc":{"start":{"line":263,"column":29},"end":{"line":272,"column":9}}},"25":{"name":"(anonymous_35)","decl":{"start":{"line":285,"column":25},"end":{"line":285,"column":32}},"loc":{"start":{"line":285,"column":82},"end":{"line":309,"column":null}}},"26":{"name":"(anonymous_36)","decl":{"start":{"line":285,"column":82},"end":{"line":285,"column":null}},"loc":{"start":{"line":285,"column":82},"end":{"line":309,"column":1}}},"27":{"name":"(anonymous_37)","decl":{"start":{"line":304,"column":38},"end":{"line":304,"column":39}},"loc":{"start":{"line":304,"column":53},"end":{"line":304,"column":62}}},"28":{"name":"(anonymous_38)","decl":{"start":{"line":311,"column":23},"end":{"line":311,"column":30}},"loc":{"start":{"line":311,"column":80},"end":{"line":343,"column":null}}},"29":{"name":"(anonymous_39)","decl":{"start":{"line":311,"column":80},"end":{"line":311,"column":null}},"loc":{"start":{"line":311,"column":80},"end":{"line":343,"column":1}}},"30":{"name":"(anonymous_40)","decl":{"start":{"line":345,"column":29},"end":{"line":345,"column":36}},"loc":{"start":{"line":345,"column":86},"end":{"line":359,"column":null}}},"31":{"name":"(anonymous_41)","decl":{"start":{"line":345,"column":86},"end":{"line":345,"column":null}},"loc":{"start":{"line":345,"column":86},"end":{"line":359,"column":1}}}},"branchMap":{"0":{"loc":{"start":{"line":36,"column":8},"end":{"line":38,"column":null}},"type":"if","locations":[{"start":{"line":36,"column":8},"end":{"line":38,"column":null}}]},"1":{"loc":{"start":{"line":36,"column":12},"end":{"line":36,"column":58}},"type":"binary-expr","locations":[{"start":{"line":36,"column":12},"end":{"line":36,"column":26}},{"start":{"line":36,"column":30},"end":{"line":36,"column":58}}]},"2":{"loc":{"start":{"line":65,"column":8},"end":{"line":67,"column":null}},"type":"if","locations":[{"start":{"line":65,"column":8},"end":{"line":67,"column":null}}]},"3":{"loc":{"start":{"line":73,"column":8},"end":{"line":74,"column":null}},"type":"if","locations":[{"start":{"line":73,"column":8},"end":{"line":74,"column":null}}]},"4":{"loc":{"start":{"line":131,"column":8},"end":{"line":133,"column":null}},"type":"if","locations":[{"start":{"line":131,"column":8},"end":{"line":133,"column":null}}]},"5":{"loc":{"start":{"line":136,"column":8},"end":{"line":138,"column":null}},"type":"if","locations":[{"start":{"line":136,"column":8},"end":{"line":138,"column":null}}]},"6":{"loc":{"start":{"line":156,"column":4},"end":{"line":166,"column":null}},"type":"switch","locations":[{"start":{"line":157,"column":8},"end":{"line":159,"column":null}},{"start":{"line":160,"column":8},"end":{"line":162,"column":null}},{"start":{"line":163,"column":8},"end":{"line":165,"column":null}}]},"7":{"loc":{"start":{"line":177,"column":8},"end":{"line":179,"column":null}},"type":"if","locations":[{"start":{"line":177,"column":8},"end":{"line":179,"column":null}}]},"8":{"loc":{"start":{"line":180,"column":28},"end":{"line":180,"column":69}},"type":"cond-expr","locations":[{"start":{"line":180,"column":45},"end":{"line":180,"column":53}},{"start":{"line":180,"column":56},"end":{"line":180,"column":69}}]},"9":{"loc":{"start":{"line":181,"column":24},"end":{"line":181,"column":53}},"type":"cond-expr","locations":[{"start":{"line":181,"column":37},"end":{"line":181,"column":41}},{"start":{"line":181,"column":44},"end":{"line":181,"column":53}}]},"10":{"loc":{"start":{"line":182,"column":28},"end":{"line":182,"column":65}},"type":"cond-expr","locations":[{"start":{"line":182,"column":52},"end":{"line":182,"column":60}},{"start":{"line":182,"column":63},"end":{"line":182,"column":65}}]},"11":{"loc":{"start":{"line":191,"column":26},"end":{"line":191,"column":62}},"type":"cond-expr","locations":[{"start":{"line":191,"column":46},"end":{"line":191,"column":50}},{"start":{"line":191,"column":53},"end":{"line":191,"column":62}}]},"12":{"loc":{"start":{"line":205,"column":8},"end":{"line":207,"column":null}},"type":"if","locations":[{"start":{"line":205,"column":8},"end":{"line":207,"column":null}}]},"13":{"loc":{"start":{"line":205,"column":12},"end":{"line":205,"column":58}},"type":"binary-expr","locations":[{"start":{"line":205,"column":12},"end":{"line":205,"column":26}},{"start":{"line":205,"column":30},"end":{"line":205,"column":58}}]},"14":{"loc":{"start":{"line":213,"column":8},"end":{"line":215,"column":null}},"type":"if","locations":[{"start":{"line":213,"column":8},"end":{"line":215,"column":null}}]},"15":{"loc":{"start":{"line":241,"column":20},"end":{"line":243,"column":null}},"type":"if","locations":[{"start":{"line":241,"column":20},"end":{"line":243,"column":null}}]},"16":{"loc":{"start":{"line":264,"column":12},"end":{"line":265,"column":null}},"type":"if","locations":[{"start":{"line":264,"column":12},"end":{"line":265,"column":null}}]},"17":{"loc":{"start":{"line":264,"column":16},"end":{"line":264,"column":54}},"type":"binary-expr","locations":[{"start":{"line":264,"column":16},"end":{"line":264,"column":35}},{"start":{"line":264,"column":39},"end":{"line":264,"column":54}}]},"18":{"loc":{"start":{"line":273,"column":8},"end":{"line":278,"column":null}},"type":"if","locations":[{"start":{"line":273,"column":8},"end":{"line":278,"column":null}},{"start":{"line":276,"column":15},"end":{"line":278,"column":null}}]},"19":{"loc":{"start":{"line":287,"column":8},"end":{"line":289,"column":null}},"type":"if","locations":[{"start":{"line":287,"column":8},"end":{"line":289,"column":null}}]},"20":{"loc":{"start":{"line":287,"column":12},"end":{"line":287,"column":58}},"type":"binary-expr","locations":[{"start":{"line":287,"column":12},"end":{"line":287,"column":26}},{"start":{"line":287,"column":30},"end":{"line":287,"column":58}}]},"21":{"loc":{"start":{"line":318,"column":8},"end":{"line":320,"column":null}},"type":"if","locations":[{"start":{"line":318,"column":8},"end":{"line":320,"column":null}}]},"22":{"loc":{"start":{"line":323,"column":8},"end":{"line":325,"column":null}},"type":"if","locations":[{"start":{"line":323,"column":8},"end":{"line":325,"column":null}}]}},"s":{"0":1,"1":1,"2":1,"3":1,"4":1,"5":1,"6":1,"7":1,"8":1,"9":1,"10":1,"11":1,"12":2,"13":2,"14":2,"15":2,"16":0,"17":1,"18":2,"19":2,"20":2,"21":0,"22":2,"23":2,"24":0,"25":1,"26":6,"27":6,"28":6,"29":6,"30":4,"31":4,"32":1,"33":3,"34":3,"35":3,"36":3,"37":3,"38":3,"39":3,"40":3,"41":3,"42":2,"43":3,"44":3,"45":0,"46":0,"47":0,"48":3,"49":1,"50":4,"51":4,"52":4,"53":4,"54":4,"55":2,"56":2,"57":2,"58":1,"59":1,"60":1,"61":1,"62":0,"63":9,"64":4,"65":1,"66":4,"67":1,"68":3,"69":3,"70":3,"71":3,"72":3,"73":1,"74":2,"75":2,"76":2,"77":2,"78":2,"79":2,"80":2,"81":0,"82":0,"83":1,"84":4,"85":4,"86":4,"87":2,"88":2,"89":2,"90":1,"91":1,"92":1,"93":0,"94":0,"95":1,"96":4,"97":4,"98":4,"99":4,"100":4,"101":4,"102":0,"103":8,"104":4,"105":1,"106":4,"107":4,"108":4,"109":4,"110":4,"111":4,"112":4,"113":4,"114":4,"115":4,"116":8,"117":3,"118":8,"119":8,"120":4,"121":3,"122":2,"123":1,"124":1,"125":1,"126":1,"127":4,"128":4,"129":4,"130":2,"131":2,"132":2,"133":2,"134":2,"135":0,"136":1,"137":5,"138":5,"139":5,"140":4,"141":1,"142":3,"143":2,"144":2,"145":1,"146":1,"147":1,"148":1,"149":1,"150":1,"151":2,"152":2,"153":1,"154":4,"155":4,"156":4,"157":1,"158":3,"159":1},"f":{"0":2,"1":2,"2":2,"3":2,"4":6,"5":6,"6":3,"7":4,"8":4,"9":9,"10":3,"11":3,"12":4,"13":4,"14":4,"15":4,"16":4,"17":4,"18":0,"19":8,"20":4,"21":4,"22":4,"23":4,"24":8,"25":4,"26":4,"27":2,"28":5,"29":5,"30":4,"31":4},"b":{"0":[0],"1":[2,2],"2":[1],"3":[3],"4":[2],"5":[1],"6":[4,1,4],"7":[1],"8":[1,1],"9":[1,1],"10":[2,0],"11":[1,1],"12":[2],"13":[4,3],"14":[1],"15":[1],"16":[3],"17":[8,7],"18":[3,1],"19":[2],"20":[4,3],"21":[1],"22":[1]}}
}
