TN:
SF:..\controllers\courseController.ts
FN:11,(anonymous_8)
FN:11,(anonymous_9)
FN:27,(anonymous_10)
FN:27,(anonymous_11)
FN:49,(anonymous_12)
FN:49,(anonymous_13)
FN:72,(anonymous_14)
FN:72,(anonymous_15)
FN:100,(anonymous_16)
FN:100,(anonymous_17)
FN:124,(anonymous_18)
FN:124,(anonymous_19)
FN:125,(anonymous_20)
FN:127,(anonymous_21)
FN:130,(anonymous_22)
FN:133,(anonymous_23)
FN:136,(anonymous_24)
FN:141,(anonymous_25)
FN:141,(anonymous_26)
FN:150,addCourses
FN:154,(anonymous_29)
FN:173,(anonymous_30)
FN:173,(anonymous_31)
FN:181,(anonymous_32)
FN:185,(anonymous_33)
FN:195,(anonymous_34)
FN:195,(anonymous_35)
FN:203,(anonymous_36)
FN:207,(anonymous_37)
FN:217,(anonymous_38)
FN:217,(anonymous_39)
FN:225,(anonymous_40)
FN:229,(anonymous_41)
FN:240,(anonymous_42)
FN:240,(anonymous_43)
FN:259,(anonymous_44)
FNF:36
FNH:35
FNDA:2,(anonymous_8)
FNDA:2,(anonymous_9)
FNDA:2,(anonymous_10)
FNDA:2,(anonymous_11)
FNDA:4,(anonymous_12)
FNDA:4,(anonymous_13)
FNDA:3,(anonymous_14)
FNDA:3,(anonymous_15)
FNDA:4,(anonymous_16)
FNDA:4,(anonymous_17)
FNDA:4,(anonymous_18)
FNDA:4,(anonymous_19)
FNDA:4,(anonymous_20)
FNDA:4,(anonymous_21)
FNDA:0,(anonymous_22)
FNDA:8,(anonymous_23)
FNDA:4,(anonymous_24)
FNDA:4,(anonymous_25)
FNDA:4,(anonymous_26)
FNDA:4,addCourses
FNDA:8,(anonymous_29)
FNDA:4,(anonymous_30)
FNDA:4,(anonymous_31)
FNDA:4,(anonymous_32)
FNDA:2,(anonymous_33)
FNDA:4,(anonymous_34)
FNDA:4,(anonymous_35)
FNDA:4,(anonymous_36)
FNDA:2,(anonymous_37)
FNDA:4,(anonymous_38)
FNDA:4,(anonymous_39)
FNDA:4,(anonymous_40)
FNDA:2,(anonymous_41)
FNDA:4,(anonymous_42)
FNDA:4,(anonymous_43)
FNDA:2,(anonymous_44)
DA:3,1
DA:4,1
DA:9,1
DA:11,2
DA:12,2
DA:13,2
DA:20,2
DA:22,0
DA:23,0
DA:27,2
DA:28,2
DA:29,2
DA:30,2
DA:31,0
DA:33,2
DA:43,2
DA:45,0
DA:49,4
DA:50,4
DA:51,4
DA:52,4
DA:57,3
DA:58,1
DA:61,2
DA:65,2
DA:66,1
DA:68,2
DA:72,3
DA:73,3
DA:74,3
DA:75,3
DA:80,3
DA:81,1
DA:83,2
DA:84,2
DA:85,2
DA:94,2
DA:96,0
DA:100,4
DA:101,4
DA:102,4
DA:103,2
DA:105,2
DA:110,2
DA:111,1
DA:113,1
DA:118,1
DA:120,0
DA:124,4
DA:125,4
DA:126,4
DA:127,4
DA:128,4
DA:129,4
DA:131,0
DA:134,8
DA:137,4
DA:138,1
DA:141,4
DA:142,4
DA:143,4
DA:151,4
DA:152,4
DA:153,4
DA:154,4
DA:155,8
DA:156,3
DA:157,8
DA:162,4
DA:163,3
DA:164,2
DA:166,1
DA:169,1
DA:173,4
DA:174,4
DA:175,4
DA:176,4
DA:177,1
DA:178,3
DA:179,3
DA:180,1
DA:181,4
DA:182,2
DA:183,2
DA:184,1
DA:185,2
DA:186,1
DA:189,1
DA:191,0
DA:195,4
DA:196,4
DA:197,4
DA:198,4
DA:199,1
DA:200,3
DA:201,3
DA:202,1
DA:203,4
DA:204,2
DA:205,2
DA:206,1
DA:207,2
DA:208,1
DA:211,1
DA:213,0
DA:217,4
DA:218,4
DA:219,4
DA:220,4
DA:221,1
DA:222,3
DA:223,3
DA:224,1
DA:225,4
DA:226,2
DA:227,2
DA:228,1
DA:229,2
DA:230,1
DA:233,1
DA:235,0
DA:236,0
DA:240,4
DA:241,4
DA:242,4
DA:243,2
DA:245,2
DA:259,2
DA:260,2
DA:262,0
DA:266,1
LF:131
LH:119
BRDA:29,0,0,2
BRDA:29,0,1,2
BRDA:30,1,0,0
BRDA:30,2,0,2
BRDA:30,2,1,2
BRDA:57,3,0,1
BRDA:80,4,0,1
BRDA:83,5,0,1
BRDA:83,5,1,1
BRDA:84,6,0,1
BRDA:84,6,1,1
BRDA:102,7,0,2
BRDA:102,8,0,4
BRDA:102,8,1,3
BRDA:110,9,0,1
BRDA:137,10,0,1
BRDA:155,11,0,3
BRDA:155,12,0,8
BRDA:155,12,1,7
BRDA:162,13,0,3
BRDA:162,13,1,1
BRDA:176,14,0,1
BRDA:179,15,0,1
BRDA:183,16,0,1
BRDA:198,17,0,1
BRDA:201,18,0,1
BRDA:205,19,0,1
BRDA:220,20,0,1
BRDA:223,21,0,1
BRDA:227,22,0,1
BRDA:242,23,0,2
BRDA:242,24,0,4
BRDA:242,24,1,3
BRF:33
BRH:32
end_of_record
TN:
SF:..\controllers\gameController.ts
FN:7,(anonymous_8)
FN:7,(anonymous_9)
FN:52,(anonymous_10)
FN:52,(anonymous_11)
FN:62,(anonymous_12)
FN:76,(anonymous_13)
FN:125,(anonymous_14)
FN:125,(anonymous_15)
FN:188,(anonymous_16)
FN:188,(anonymous_17)
FN:240,(anonymous_18)
FN:240,(anonymous_19)
FN:245,(anonymous_20)
FN:251,(anonymous_21)
FN:254,(anonymous_22)
FN:276,(anonymous_23)
FN:276,(anonymous_24)
FN:333,(anonymous_25)
FN:333,(anonymous_26)
FNF:19
FNH:19
FNDA:4,(anonymous_8)
FNDA:4,(anonymous_9)
FNDA:3,(anonymous_10)
FNDA:3,(anonymous_11)
FNDA:2,(anonymous_12)
FNDA:3,(anonymous_13)
FNDA:5,(anonymous_14)
FNDA:5,(anonymous_15)
FNDA:4,(anonymous_16)
FNDA:4,(anonymous_17)
FNDA:3,(anonymous_18)
FNDA:3,(anonymous_19)
FNDA:3,(anonymous_20)
FNDA:3,(anonymous_21)
FNDA:3,(anonymous_22)
FNDA:5,(anonymous_23)
FNDA:5,(anonymous_24)
FNDA:4,(anonymous_25)
FNDA:4,(anonymous_26)
DA:2,1
DA:5,1
DA:7,4
DA:8,4
DA:9,4
DA:10,2
DA:12,2
DA:41,2
DA:43,0
DA:44,0
DA:52,3
DA:53,3
DA:54,3
DA:55,3
DA:56,1
DA:58,2
DA:59,2
DA:60,0
DA:62,2
DA:65,2
DA:66,1
DA:69,1
DA:76,3
DA:77,1
DA:118,1
DA:120,0
DA:121,0
DA:125,5
DA:126,5
DA:127,5
DA:129,5
DA:130,4
DA:133,5
DA:134,4
DA:135,2
DA:137,4
DA:138,4
DA:139,3
DA:142,4
DA:154,4
DA:181,1
DA:183,4
DA:184,4
DA:188,4
DA:189,4
DA:190,4
DA:191,2
DA:194,2
DA:195,0
DA:197,2
DA:198,2
DA:199,1
DA:200,1
DA:233,1
DA:235,0
DA:236,0
DA:240,3
DA:241,3
DA:242,3
DA:243,1
DA:244,2
DA:245,3
DA:250,2
DA:251,2
DA:252,3
DA:254,3
DA:263,2
DA:266,1
DA:269,1
DA:271,1
DA:272,1
DA:276,5
DA:277,5
DA:278,5
DA:279,2
DA:281,3
DA:282,3
DA:283,1
DA:284,2
DA:325,2
DA:326,2
DA:328,0
DA:329,0
DA:333,4
DA:334,4
DA:335,4
DA:336,2
DA:338,2
DA:339,2
DA:340,1
DA:341,1
DA:346,1
DA:348,0
DA:349,0
DA:353,1
LF:95
LH:83
BRDA:9,0,0,2
BRDA:9,1,0,4
BRDA:9,1,1,3
BRDA:55,2,0,1
BRDA:59,3,0,0
BRDA:59,3,1,2
BRDA:65,4,0,1
BRDA:129,5,0,4
BRDA:129,6,0,5
BRDA:129,6,1,4
BRDA:129,6,2,1
BRDA:129,6,3,1
BRDA:129,6,4,1
BRDA:129,6,5,1
BRDA:134,7,0,2
BRDA:138,8,0,3
BRDA:190,9,0,2
BRDA:190,10,0,4
BRDA:190,10,1,3
BRDA:194,11,0,0
BRDA:194,12,0,2
BRDA:194,12,1,2
BRDA:198,13,0,1
BRDA:242,14,0,1
BRDA:278,15,0,2
BRDA:278,16,0,5
BRDA:278,16,1,4
BRDA:282,17,0,1
BRDA:335,18,0,2
BRDA:335,19,0,4
BRDA:335,19,1,3
BRDA:339,20,0,1
BRF:32
BRH:30
end_of_record
TN:
SF:..\controllers\questionController.ts
FN:13,(anonymous_8)
FN:13,(anonymous_9)
FN:33,(anonymous_10)
FN:33,(anonymous_11)
FN:61,(anonymous_12)
FN:61,(anonymous_13)
FN:84,(anonymous_14)
FN:84,(anonymous_15)
FN:104,(anonymous_16)
FN:137,checkQuestion
FN:169,(anonymous_18)
FN:169,(anonymous_19)
FN:188,(anonymous_20)
FN:188,(anonymous_21)
FN:211,(anonymous_22)
FN:249,(anonymous_23)
FN:249,(anonymous_24)
FN:256,(anonymous_25)
FN:258,(anonymous_26)
FN:261,(anonymous_27)
FN:264,(anonymous_28)
FN:267,(anonymous_29)
FN:271,(anonymous_30)
FN:271,(anonymous_31)
FN:280,addQuestion
FN:285,(anonymous_34)
FN:295,(anonymous_35)
FN:337,(anonymous_36)
FN:337,(anonymous_37)
FN:355,(anonymous_38)
FN:397,(anonymous_39)
FN:397,(anonymous_40)
FN:420,(anonymous_41)
FN:427,(anonymous_42)
FN:427,(anonymous_43)
FNF:35
FNH:34
FNDA:2,(anonymous_8)
FNDA:2,(anonymous_9)
FNDA:2,(anonymous_10)
FNDA:2,(anonymous_11)
FNDA:2,(anonymous_12)
FNDA:2,(anonymous_13)
FNDA:16,(anonymous_14)
FNDA:16,(anonymous_15)
FNDA:38,(anonymous_16)
FNDA:26,checkQuestion
FNDA:4,(anonymous_18)
FNDA:4,(anonymous_19)
FNDA:3,(anonymous_20)
FNDA:3,(anonymous_21)
FNDA:2,(anonymous_22)
FNDA:4,(anonymous_23)
FNDA:4,(anonymous_24)
FNDA:4,(anonymous_25)
FNDA:4,(anonymous_26)
FNDA:0,(anonymous_27)
FNDA:8,(anonymous_28)
FNDA:4,(anonymous_29)
FNDA:4,(anonymous_30)
FNDA:4,(anonymous_31)
FNDA:4,addQuestion
FNDA:8,(anonymous_34)
FNDA:24,(anonymous_35)
FNDA:5,(anonymous_36)
FNDA:5,(anonymous_37)
FNDA:8,(anonymous_38)
FNDA:4,(anonymous_39)
FNDA:4,(anonymous_40)
FNDA:2,(anonymous_41)
FNDA:4,(anonymous_42)
FNDA:4,(anonymous_43)
DA:3,1
DA:4,1
DA:6,1
DA:7,1
DA:13,2
DA:14,2
DA:15,2
DA:27,2
DA:29,0
DA:33,2
DA:34,2
DA:35,2
DA:40,2
DA:55,2
DA:57,0
DA:61,2
DA:62,2
DA:63,2
DA:78,2
DA:80,0
DA:84,16
DA:85,16
DA:86,16
DA:87,16
DA:88,16
DA:89,1
DA:90,15
DA:96,15
DA:97,1
DA:99,14
DA:100,1
DA:101,13
DA:102,1
DA:103,12
DA:104,12
DA:105,38
DA:106,13
DA:109,12
DA:110,12
DA:111,10
DA:114,2
DA:129,2
DA:130,1
DA:132,1
DA:133,1
DA:138,26
DA:139,26
DA:141,11
DA:142,4
DA:143,7
DA:144,2
DA:145,11
DA:148,7
DA:149,2
DA:150,5
DA:151,2
DA:152,7
DA:155,4
DA:156,1
DA:157,3
DA:158,1
DA:159,4
DA:162,4
DA:163,4
DA:166,26
DA:169,4
DA:170,4
DA:171,4
DA:172,2
DA:174,2
DA:175,2
DA:176,1
DA:177,1
DA:182,1
DA:184,0
DA:188,3
DA:189,3
DA:190,3
DA:191,0
DA:193,3
DA:198,3
DA:199,1
DA:201,2
DA:209,2
DA:211,2
DA:212,2
DA:227,2
DA:241,2
DA:242,2
DA:244,0
DA:245,0
DA:249,4
DA:250,4
DA:251,0
DA:253,4
DA:254,4
DA:255,3
DA:256,4
DA:257,4
DA:258,4
DA:259,4
DA:260,4
DA:262,0
DA:265,8
DA:268,4
DA:269,1
DA:271,4
DA:272,4
DA:273,4
DA:281,4
DA:282,4
DA:283,4
DA:284,4
DA:285,4
DA:286,8
DA:287,2
DA:289,8
DA:290,8
DA:291,8
DA:292,8
DA:293,8
DA:294,8
DA:295,8
DA:296,24
DA:297,9
DA:300,8
DA:301,4
DA:303,8
DA:321,4
DA:322,2
DA:323,3
DA:325,2
DA:326,2
DA:327,1
DA:329,1
DA:332,0
DA:333,0
DA:337,5
DA:338,5
DA:339,5
DA:340,5
DA:345,5
DA:346,1
DA:347,4
DA:348,1
DA:350,3
DA:351,3
DA:352,3
DA:353,3
DA:354,3
DA:355,3
DA:356,8
DA:357,3
DA:359,3
DA:360,3
DA:361,3
DA:362,1
DA:364,2
DA:376,2
DA:377,2
DA:378,2
DA:379,6
DA:390,2
DA:392,0
DA:393,0
DA:397,4
DA:398,4
DA:399,4
DA:400,2
DA:402,2
DA:420,2
DA:421,2
DA:423,0
DA:427,4
DA:428,4
DA:429,4
DA:437,1
DA:439,3
DA:444,1
LF:179
LH:165
BRDA:88,0,0,1
BRDA:88,1,0,16
BRDA:88,1,1,16
BRDA:88,1,2,15
BRDA:88,1,3,15
BRDA:88,1,4,15
BRDA:88,1,5,15
BRDA:96,2,0,1
BRDA:99,3,0,1
BRDA:101,4,0,1
BRDA:105,5,0,13
BRDA:110,6,0,10
BRDA:139,7,0,11
BRDA:139,7,1,7
BRDA:139,7,2,4
BRDA:139,7,3,4
BRDA:141,8,0,4
BRDA:141,8,1,7
BRDA:143,9,0,2
BRDA:148,10,0,2
BRDA:148,10,1,5
BRDA:150,11,0,2
BRDA:155,12,0,1
BRDA:155,12,1,3
BRDA:157,13,0,1
BRDA:171,14,0,2
BRDA:171,15,0,4
BRDA:171,15,1,3
BRDA:175,16,0,1
BRDA:190,17,0,0
BRDA:190,18,0,3
BRDA:190,18,1,3
BRDA:198,19,0,1
BRDA:219,20,0,2
BRDA:219,20,1,0
BRDA:220,21,0,2
BRDA:220,21,1,0
BRDA:221,22,0,0
BRDA:221,22,1,2
BRDA:222,23,0,0
BRDA:222,23,1,2
BRDA:223,24,0,0
BRDA:223,24,1,2
BRDA:224,25,0,0
BRDA:224,25,1,2
BRDA:250,26,0,0
BRDA:250,27,0,4
BRDA:250,27,1,4
BRDA:254,28,0,3
BRDA:268,29,0,1
BRDA:286,30,0,2
BRDA:286,31,0,8
BRDA:286,31,1,7
BRDA:286,31,2,7
BRDA:286,31,3,7
BRDA:291,32,0,7
BRDA:292,33,0,4
BRDA:293,34,0,5
BRDA:296,35,0,9
BRDA:300,36,0,4
BRDA:300,37,0,8
BRDA:300,37,1,4
BRDA:321,38,0,2
BRDA:321,38,1,2
BRDA:321,39,0,4
BRDA:321,39,1,3
BRDA:326,40,0,1
BRDA:326,40,1,1
BRDA:345,41,0,1
BRDA:347,42,0,1
BRDA:350,43,0,1
BRDA:350,43,1,2
BRDA:351,44,0,1
BRDA:351,44,1,2
BRDA:352,45,0,1
BRDA:352,45,1,2
BRDA:353,46,0,1
BRDA:353,46,1,2
BRDA:356,47,0,3
BRDA:361,48,0,1
BRDA:361,49,0,3
BRDA:361,49,1,2
BRDA:376,50,0,2
BRDA:399,51,0,2
BRDA:399,52,0,4
BRDA:399,52,1,3
BRF:86
BRH:78
end_of_record
TN:
SF:..\controllers\surveyController.ts
FN:6,(anonymous_8)
FN:6,(anonymous_9)
FN:32,(anonymous_10)
FN:32,(anonymous_11)
FN:68,(anonymous_12)
FN:68,(anonymous_13)
FN:99,(anonymous_14)
FN:99,(anonymous_15)
FN:129,(anonymous_16)
FN:143,(anonymous_17)
FN:143,(anonymous_18)
FN:172,(anonymous_19)
FN:179,(anonymous_20)
FN:179,(anonymous_21)
FN:195,(anonymous_22)
FN:239,(anonymous_23)
FN:239,(anonymous_24)
FN:260,(anonymous_25)
FN:260,(anonymous_26)
FNF:19
FNH:19
FNDA:2,(anonymous_8)
FNDA:2,(anonymous_9)
FNDA:4,(anonymous_10)
FNDA:4,(anonymous_11)
FNDA:4,(anonymous_12)
FNDA:4,(anonymous_13)
FNDA:5,(anonymous_14)
FNDA:5,(anonymous_15)
FNDA:2,(anonymous_16)
FNDA:4,(anonymous_17)
FNDA:4,(anonymous_18)
FNDA:2,(anonymous_19)
FNDA:3,(anonymous_20)
FNDA:3,(anonymous_21)
FNDA:2,(anonymous_22)
FNDA:4,(anonymous_23)
FNDA:4,(anonymous_24)
FNDA:4,(anonymous_25)
FNDA:4,(anonymous_26)
DA:4,1
DA:6,2
DA:7,2
DA:9,2
DA:25,2
DA:27,0
DA:32,4
DA:33,4
DA:34,4
DA:35,2
DA:37,2
DA:42,2
DA:62,2
DA:64,0
DA:68,4
DA:69,4
DA:70,4
DA:71,2
DA:73,2
DA:93,2
DA:95,0
DA:99,5
DA:100,5
DA:101,5
DA:103,5
DA:104,1
DA:107,4
DA:108,1
DA:111,4
DA:116,4
DA:117,2
DA:120,2
DA:128,2
DA:129,2
DA:135,1
DA:136,1
DA:138,1
DA:139,1
DA:143,4
DA:144,4
DA:145,4
DA:146,2
DA:148,2
DA:172,2
DA:173,2
DA:175,0
DA:179,3
DA:180,3
DA:181,3
DA:182,3
DA:183,0
DA:186,3
DA:187,1
DA:190,3
DA:191,3
DA:192,1
DA:195,2
DA:200,2
DA:209,2
DA:214,2
DA:215,2
DA:232,2
DA:234,0
DA:235,0
DA:239,4
DA:240,4
DA:241,4
DA:242,2
DA:244,2
DA:245,2
DA:246,1
DA:248,2
DA:253,1
DA:255,1
DA:256,1
DA:260,4
DA:261,4
DA:262,4
DA:270,1
DA:272,3
DA:273,3
DA:277,1
LF:82
LH:75
BRDA:34,0,0,2
BRDA:34,1,0,4
BRDA:34,1,1,3
BRDA:70,2,0,2
BRDA:70,3,0,4
BRDA:70,3,1,3
BRDA:103,4,0,1
BRDA:103,5,0,5
BRDA:103,5,1,4
BRDA:103,5,2,4
BRDA:107,6,0,1
BRDA:116,7,0,2
BRDA:145,8,0,2
BRDA:145,9,0,4
BRDA:145,9,1,3
BRDA:182,10,0,0
BRDA:182,11,0,3
BRDA:182,11,1,3
BRDA:186,12,0,1
BRDA:191,13,0,1
BRDA:241,14,0,2
BRDA:241,15,0,4
BRDA:241,15,1,3
BRDA:245,16,0,1
BRF:24
BRH:23
end_of_record
TN:
SF:..\controllers\userController.ts
FN:10,(anonymous_8)
FN:10,(anonymous_9)
FN:25,(anonymous_10)
FN:25,(anonymous_11)
FN:46,(anonymous_12)
FN:46,(anonymous_13)
FN:76,(anonymous_14)
FN:76,(anonymous_15)
FN:107,getRole
FN:121,(anonymous_17)
FN:121,(anonymous_18)
FN:153,(anonymous_19)
FN:153,(anonymous_20)
FN:178,(anonymous_21)
FN:178,(anonymous_22)
FN:179,(anonymous_23)
FN:181,(anonymous_24)
FN:184,(anonymous_25)
FN:187,(anonymous_26)
FN:190,(anonymous_27)
FN:195,(anonymous_28)
FN:195,(anonymous_29)
FN:206,addUsers
FN:213,(anonymous_32)
FN:235,(anonymous_33)
FN:235,(anonymous_34)
FN:254,(anonymous_35)
FN:261,(anonymous_36)
FN:261,(anonymous_37)
FN:295,(anonymous_38)
FN:295,(anonymous_39)
FNF:31
FNH:30
FNDA:2,(anonymous_8)
FNDA:2,(anonymous_9)
FNDA:2,(anonymous_10)
FNDA:2,(anonymous_11)
FNDA:6,(anonymous_12)
FNDA:6,(anonymous_13)
FNDA:4,(anonymous_14)
FNDA:4,(anonymous_15)
FNDA:9,getRole
FNDA:3,(anonymous_17)
FNDA:3,(anonymous_18)
FNDA:4,(anonymous_19)
FNDA:4,(anonymous_20)
FNDA:4,(anonymous_21)
FNDA:4,(anonymous_22)
FNDA:4,(anonymous_23)
FNDA:4,(anonymous_24)
FNDA:0,(anonymous_25)
FNDA:8,(anonymous_26)
FNDA:4,(anonymous_27)
FNDA:4,(anonymous_28)
FNDA:4,(anonymous_29)
FNDA:4,addUsers
FNDA:8,(anonymous_32)
FNDA:4,(anonymous_33)
FNDA:4,(anonymous_34)
FNDA:2,(anonymous_35)
FNDA:5,(anonymous_36)
FNDA:5,(anonymous_37)
FNDA:4,(anonymous_38)
FNDA:4,(anonymous_39)
DA:3,1
DA:4,1
DA:5,1
DA:6,1
DA:7,1
DA:8,1
DA:10,2
DA:11,2
DA:12,2
DA:19,2
DA:21,0
DA:25,2
DA:26,2
DA:27,2
DA:28,0
DA:30,2
DA:40,2
DA:42,0
DA:46,6
DA:47,6
DA:48,6
DA:49,6
DA:55,5
DA:56,1
DA:59,4
DA:60,4
DA:62,3
DA:67,3
DA:69,3
DA:72,2
DA:76,4
DA:77,4
DA:78,4
DA:83,4
DA:84,2
DA:87,2
DA:89,2
DA:90,1
DA:92,1
DA:93,1
DA:94,1
DA:103,0
DA:108,9
DA:110,4
DA:113,1
DA:116,4
DA:121,3
DA:122,3
DA:123,3
DA:124,3
DA:129,3
DA:130,1
DA:132,2
DA:133,2
DA:134,2
DA:135,2
DA:136,2
DA:146,2
DA:149,0
DA:153,4
DA:154,4
DA:155,4
DA:156,2
DA:158,2
DA:163,2
DA:164,1
DA:166,1
DA:171,1
DA:173,0
DA:174,0
DA:178,4
DA:179,4
DA:180,4
DA:181,4
DA:182,4
DA:183,4
DA:185,0
DA:188,8
DA:191,4
DA:192,1
DA:195,4
DA:196,4
DA:197,4
DA:207,4
DA:209,4
DA:210,4
DA:211,4
DA:212,4
DA:213,4
DA:214,8
DA:215,3
DA:216,8
DA:217,8
DA:223,4
DA:224,3
DA:225,2
DA:227,1
DA:230,1
DA:231,1
DA:235,4
DA:236,4
DA:237,4
DA:238,2
DA:240,2
DA:254,2
DA:255,2
DA:257,0
DA:261,5
DA:262,5
DA:263,5
DA:268,4
DA:269,1
DA:271,3
DA:272,2
DA:273,2
DA:274,1
DA:277,1
DA:278,1
DA:279,1
DA:280,1
DA:288,1
DA:290,2
DA:291,2
DA:295,4
DA:296,4
DA:297,4
DA:305,1
DA:307,3
DA:311,1
LF:129
LH:120
BRDA:27,0,0,0
BRDA:27,1,0,2
BRDA:27,1,1,2
BRDA:55,2,0,1
BRDA:83,3,0,2
BRDA:89,4,0,1
BRDA:108,5,0,4
BRDA:108,5,1,1
BRDA:108,5,2,4
BRDA:129,6,0,1
BRDA:132,7,0,1
BRDA:132,7,1,1
BRDA:133,8,0,1
BRDA:133,8,1,1
BRDA:142,9,0,1
BRDA:142,9,1,1
BRDA:155,10,0,2
BRDA:155,11,0,4
BRDA:155,11,1,3
BRDA:163,12,0,1
BRDA:191,13,0,1
BRDA:214,14,0,3
BRDA:214,15,0,8
BRDA:214,15,1,7
BRDA:223,16,0,3
BRDA:223,16,1,1
BRDA:237,17,0,2
BRDA:237,18,0,4
BRDA:237,18,1,3
BRDA:268,19,0,1
BRDA:273,20,0,1
BRF:31
BRH:30
end_of_record
