TN:
SF:..\controllers\courseController.ts
FN:11,(anonymous_8)
FN:11,(anonymous_9)
FN:27,(anonymous_10)
FN:27,(anonymous_11)
FN:48,(anonymous_12)
FN:48,(anonymous_13)
FN:71,(anonymous_14)
FN:71,(anonymous_15)
FN:99,(anonymous_16)
FN:99,(anonymous_17)
FN:123,(anonymous_18)
FN:123,(anonymous_19)
FN:124,(anonymous_20)
FN:126,(anonymous_21)
FN:129,(anonymous_22)
FN:132,(anonymous_23)
FN:135,(anonymous_24)
FN:140,(anonymous_25)
FN:140,(anonymous_26)
FN:149,addCourses
FN:153,(anonymous_29)
FN:172,(anonymous_30)
FN:172,(anonymous_31)
FN:180,(anonymous_32)
FN:184,(anonymous_33)
FN:194,(anonymous_34)
FN:194,(anonymous_35)
FN:202,(anonymous_36)
FN:206,(anonymous_37)
FN:216,(anonymous_38)
FN:216,(anonymous_39)
FN:224,(anonymous_40)
FN:228,(anonymous_41)
FN:239,(anonymous_42)
FN:239,(anonymous_43)
FN:258,(anonymous_44)
FNF:36
FNH:0
FNDA:0,(anonymous_8)
FNDA:0,(anonymous_9)
FNDA:0,(anonymous_10)
FNDA:0,(anonymous_11)
FNDA:0,(anonymous_12)
FNDA:0,(anonymous_13)
FNDA:0,(anonymous_14)
FNDA:0,(anonymous_15)
FNDA:0,(anonymous_16)
FNDA:0,(anonymous_17)
FNDA:0,(anonymous_18)
FNDA:0,(anonymous_19)
FNDA:0,(anonymous_20)
FNDA:0,(anonymous_21)
FNDA:0,(anonymous_22)
FNDA:0,(anonymous_23)
FNDA:0,(anonymous_24)
FNDA:0,(anonymous_25)
FNDA:0,(anonymous_26)
FNDA:0,addCourses
FNDA:0,(anonymous_29)
FNDA:0,(anonymous_30)
FNDA:0,(anonymous_31)
FNDA:0,(anonymous_32)
FNDA:0,(anonymous_33)
FNDA:0,(anonymous_34)
FNDA:0,(anonymous_35)
FNDA:0,(anonymous_36)
FNDA:0,(anonymous_37)
FNDA:0,(anonymous_38)
FNDA:0,(anonymous_39)
FNDA:0,(anonymous_40)
FNDA:0,(anonymous_41)
FNDA:0,(anonymous_42)
FNDA:0,(anonymous_43)
FNDA:0,(anonymous_44)
DA:3,0
DA:4,0
DA:9,0
DA:11,0
DA:12,0
DA:13,0
DA:20,0
DA:22,0
DA:23,0
DA:27,0
DA:28,0
DA:29,0
DA:30,0
DA:32,0
DA:42,0
DA:44,0
DA:48,0
DA:49,0
DA:50,0
DA:51,0
DA:56,0
DA:57,0
DA:60,0
DA:64,0
DA:65,0
DA:67,0
DA:71,0
DA:72,0
DA:73,0
DA:74,0
DA:79,0
DA:80,0
DA:82,0
DA:83,0
DA:84,0
DA:93,0
DA:95,0
DA:99,0
DA:100,0
DA:101,0
DA:102,0
DA:104,0
DA:109,0
DA:110,0
DA:112,0
DA:117,0
DA:119,0
DA:123,0
DA:124,0
DA:125,0
DA:126,0
DA:127,0
DA:128,0
DA:130,0
DA:133,0
DA:136,0
DA:137,0
DA:140,0
DA:141,0
DA:142,0
DA:150,0
DA:151,0
DA:152,0
DA:153,0
DA:154,0
DA:155,0
DA:156,0
DA:161,0
DA:162,0
DA:163,0
DA:165,0
DA:168,0
DA:172,0
DA:173,0
DA:174,0
DA:175,0
DA:176,0
DA:177,0
DA:178,0
DA:179,0
DA:180,0
DA:181,0
DA:182,0
DA:183,0
DA:184,0
DA:185,0
DA:188,0
DA:190,0
DA:194,0
DA:195,0
DA:196,0
DA:197,0
DA:198,0
DA:199,0
DA:200,0
DA:201,0
DA:202,0
DA:203,0
DA:204,0
DA:205,0
DA:206,0
DA:207,0
DA:210,0
DA:212,0
DA:216,0
DA:217,0
DA:218,0
DA:219,0
DA:220,0
DA:221,0
DA:222,0
DA:223,0
DA:224,0
DA:225,0
DA:226,0
DA:227,0
DA:228,0
DA:229,0
DA:232,0
DA:234,0
DA:235,0
DA:239,0
DA:240,0
DA:241,0
DA:242,0
DA:244,0
DA:258,0
DA:259,0
DA:261,0
DA:265,0
LF:130
LH:0
BRDA:29,0,0,0
BRDA:29,1,0,0
BRDA:29,1,1,0
BRDA:56,2,0,0
BRDA:79,3,0,0
BRDA:82,4,0,0
BRDA:82,4,1,0
BRDA:83,5,0,0
BRDA:83,5,1,0
BRDA:101,6,0,0
BRDA:101,7,0,0
BRDA:101,7,1,0
BRDA:109,8,0,0
BRDA:136,9,0,0
BRDA:154,10,0,0
BRDA:154,11,0,0
BRDA:154,11,1,0
BRDA:161,12,0,0
BRDA:161,12,1,0
BRDA:175,13,0,0
BRDA:178,14,0,0
BRDA:182,15,0,0
BRDA:197,16,0,0
BRDA:200,17,0,0
BRDA:204,18,0,0
BRDA:219,19,0,0
BRDA:222,20,0,0
BRDA:226,21,0,0
BRDA:241,22,0,0
BRDA:241,23,0,0
BRDA:241,23,1,0
BRF:31
BRH:0
end_of_record
TN:
SF:..\controllers\gameController.ts
FN:8,(anonymous_8)
FN:8,(anonymous_9)
FN:53,(anonymous_10)
FN:53,(anonymous_11)
FN:63,(anonymous_12)
FN:77,(anonymous_13)
FN:126,(anonymous_14)
FN:126,(anonymous_15)
FN:196,(anonymous_16)
FN:196,(anonymous_17)
FN:249,(anonymous_18)
FN:249,(anonymous_19)
FN:274,(anonymous_20)
FN:286,(anonymous_21)
FN:289,(anonymous_22)
FN:312,getCorrectAndIncorrectAnswers
FN:315,(anonymous_24)
FN:317,(anonymous_25)
FN:321,(anonymous_26)
FN:334,(anonymous_27)
FN:334,(anonymous_28)
FN:379,(anonymous_29)
FN:379,(anonymous_30)
FN:422,(anonymous_31)
FN:422,(anonymous_32)
FN:451,(anonymous_33)
FN:451,(anonymous_34)
FN:506,(anonymous_35)
FN:506,(anonymous_36)
FN:572,(anonymous_37)
FN:572,(anonymous_38)
FNF:31
FNH:0
FNDA:0,(anonymous_8)
FNDA:0,(anonymous_9)
FNDA:0,(anonymous_10)
FNDA:0,(anonymous_11)
FNDA:0,(anonymous_12)
FNDA:0,(anonymous_13)
FNDA:0,(anonymous_14)
FNDA:0,(anonymous_15)
FNDA:0,(anonymous_16)
FNDA:0,(anonymous_17)
FNDA:0,(anonymous_18)
FNDA:0,(anonymous_19)
FNDA:0,(anonymous_20)
FNDA:0,(anonymous_21)
FNDA:0,(anonymous_22)
FNDA:0,getCorrectAndIncorrectAnswers
FNDA:0,(anonymous_24)
FNDA:0,(anonymous_25)
FNDA:0,(anonymous_26)
FNDA:0,(anonymous_27)
FNDA:0,(anonymous_28)
FNDA:0,(anonymous_29)
FNDA:0,(anonymous_30)
FNDA:0,(anonymous_31)
FNDA:0,(anonymous_32)
FNDA:0,(anonymous_33)
FNDA:0,(anonymous_34)
FNDA:0,(anonymous_35)
FNDA:0,(anonymous_36)
FNDA:0,(anonymous_37)
FNDA:0,(anonymous_38)
DA:2,0
DA:5,0
DA:8,0
DA:9,0
DA:10,0
DA:11,0
DA:13,0
DA:42,0
DA:44,0
DA:45,0
DA:53,0
DA:54,0
DA:55,0
DA:56,0
DA:57,0
DA:59,0
DA:60,0
DA:61,0
DA:63,0
DA:66,0
DA:67,0
DA:70,0
DA:77,0
DA:78,0
DA:119,0
DA:121,0
DA:122,0
DA:126,0
DA:127,0
DA:128,0
DA:129,0
DA:130,0
DA:133,0
DA:134,0
DA:135,0
DA:137,0
DA:138,0
DA:139,0
DA:141,0
DA:142,0
DA:143,0
DA:146,0
DA:161,0
DA:189,0
DA:191,0
DA:192,0
DA:196,0
DA:197,0
DA:198,0
DA:199,0
DA:200,0
DA:203,0
DA:204,0
DA:206,0
DA:207,0
DA:208,0
DA:209,0
DA:242,0
DA:244,0
DA:245,0
DA:249,0
DA:250,0
DA:251,0
DA:252,0
DA:254,0
DA:255,0
DA:274,0
DA:275,0
DA:276,0
DA:285,0
DA:286,0
DA:287,0
DA:289,0
DA:298,0
DA:301,0
DA:304,0
DA:306,0
DA:307,0
DA:313,0
DA:314,0
DA:315,0
DA:317,0
DA:318,0
DA:319,0
DA:320,0
DA:321,0
DA:322,0
DA:323,0
DA:328,0
DA:334,0
DA:335,0
DA:336,0
DA:337,0
DA:339,0
DA:340,0
DA:341,0
DA:342,0
DA:370,0
DA:371,0
DA:373,0
DA:374,0
DA:379,0
DA:380,0
DA:381,0
DA:382,0
DA:384,0
DA:385,0
DA:386,0
DA:387,0
DA:415,0
DA:417,0
DA:422,0
DA:423,0
DA:424,0
DA:425,0
DA:427,0
DA:428,0
DA:429,0
DA:430,0
DA:444,0
DA:446,0
DA:447,0
DA:451,0
DA:452,0
DA:453,0
DA:454,0
DA:456,0
DA:457,0
DA:459,0
DA:460,0
DA:461,0
DA:462,0
DA:463,0
DA:464,0
DA:465,0
DA:466,0
DA:498,0
DA:499,0
DA:501,0
DA:502,0
DA:506,0
DA:507,0
DA:508,0
DA:509,0
DA:511,0
DA:512,0
DA:514,0
DA:515,0
DA:516,0
DA:517,0
DA:518,0
DA:519,0
DA:521,0
DA:564,0
DA:565,0
DA:567,0
DA:568,0
DA:572,0
DA:573,0
DA:574,0
DA:575,0
DA:577,0
DA:578,0
DA:579,0
DA:580,0
DA:585,0
DA:587,0
DA:588,0
DA:592,0
LF:169
LH:0
BRDA:10,0,0,0
BRDA:10,1,0,0
BRDA:10,1,1,0
BRDA:56,2,0,0
BRDA:60,3,0,0
BRDA:60,3,1,0
BRDA:66,4,0,0
BRDA:129,5,0,0
BRDA:129,6,0,0
BRDA:129,6,1,0
BRDA:129,6,2,0
BRDA:129,6,3,0
BRDA:129,6,4,0
BRDA:129,6,5,0
BRDA:129,6,6,0
BRDA:134,7,0,0
BRDA:138,8,0,0
BRDA:142,9,0,0
BRDA:199,10,0,0
BRDA:199,11,0,0
BRDA:199,11,1,0
BRDA:203,12,0,0
BRDA:203,13,0,0
BRDA:203,13,1,0
BRDA:207,14,0,0
BRDA:251,15,0,0
BRDA:280,16,0,0
BRDA:280,16,1,0
BRDA:280,17,0,0
BRDA:280,17,1,0
BRDA:280,18,0,0
BRDA:280,18,1,0
BRDA:280,19,0,0
BRDA:280,19,1,0
BRDA:318,20,0,0
BRDA:318,21,0,0
BRDA:318,21,1,0
BRDA:318,22,0,0
BRDA:318,22,1,0
BRDA:318,23,0,0
BRDA:318,23,1,0
BRDA:319,24,0,0
BRDA:319,24,1,0
BRDA:319,25,0,0
BRDA:319,25,1,0
BRDA:320,26,0,0
BRDA:321,27,0,0
BRDA:321,27,1,0
BRDA:321,28,0,0
BRDA:321,28,1,0
BRDA:322,29,0,0
BRDA:322,29,1,0
BRDA:322,30,0,0
BRDA:322,30,1,0
BRDA:322,31,0,0
BRDA:322,31,1,0
BRDA:323,32,0,0
BRDA:323,32,1,0
BRDA:323,33,0,0
BRDA:323,33,1,0
BRDA:323,34,0,0
BRDA:323,34,1,0
BRDA:336,35,0,0
BRDA:336,36,0,0
BRDA:336,36,1,0
BRDA:340,37,0,0
BRDA:381,38,0,0
BRDA:381,39,0,0
BRDA:381,39,1,0
BRDA:385,40,0,0
BRDA:424,41,0,0
BRDA:424,42,0,0
BRDA:424,42,1,0
BRDA:428,43,0,0
BRDA:453,44,0,0
BRDA:453,45,0,0
BRDA:453,45,1,0
BRDA:456,46,0,0
BRDA:456,47,0,0
BRDA:456,47,1,0
BRDA:460,48,0,0
BRDA:463,49,0,0
BRDA:508,50,0,0
BRDA:508,51,0,0
BRDA:508,51,1,0
BRDA:511,52,0,0
BRDA:511,53,0,0
BRDA:511,53,1,0
BRDA:515,54,0,0
BRDA:518,55,0,0
BRDA:574,56,0,0
BRDA:574,57,0,0
BRDA:574,57,1,0
BRDA:578,58,0,0
BRF:94
BRH:0
end_of_record
TN:
SF:..\controllers\questionController.ts
FN:10,(anonymous_8)
FN:10,(anonymous_9)
FN:30,(anonymous_10)
FN:30,(anonymous_11)
FN:58,(anonymous_12)
FN:58,(anonymous_13)
FN:81,(anonymous_14)
FN:81,(anonymous_15)
FN:101,(anonymous_16)
FN:134,checkQuestion
FN:166,(anonymous_18)
FN:166,(anonymous_19)
FN:185,(anonymous_20)
FN:185,(anonymous_21)
FN:208,(anonymous_22)
FN:246,(anonymous_23)
FN:246,(anonymous_24)
FN:253,(anonymous_25)
FN:255,(anonymous_26)
FN:258,(anonymous_27)
FN:261,(anonymous_28)
FN:264,(anonymous_29)
FN:268,(anonymous_30)
FN:268,(anonymous_31)
FN:277,addQuestion
FN:282,(anonymous_34)
FN:292,(anonymous_35)
FN:334,(anonymous_36)
FN:334,(anonymous_37)
FN:352,(anonymous_38)
FN:394,(anonymous_39)
FN:394,(anonymous_40)
FN:417,(anonymous_41)
FN:424,(anonymous_42)
FN:424,(anonymous_43)
FNF:35
FNH:0
FNDA:0,(anonymous_8)
FNDA:0,(anonymous_9)
FNDA:0,(anonymous_10)
FNDA:0,(anonymous_11)
FNDA:0,(anonymous_12)
FNDA:0,(anonymous_13)
FNDA:0,(anonymous_14)
FNDA:0,(anonymous_15)
FNDA:0,(anonymous_16)
FNDA:0,checkQuestion
FNDA:0,(anonymous_18)
FNDA:0,(anonymous_19)
FNDA:0,(anonymous_20)
FNDA:0,(anonymous_21)
FNDA:0,(anonymous_22)
FNDA:0,(anonymous_23)
FNDA:0,(anonymous_24)
FNDA:0,(anonymous_25)
FNDA:0,(anonymous_26)
FNDA:0,(anonymous_27)
FNDA:0,(anonymous_28)
FNDA:0,(anonymous_29)
FNDA:0,(anonymous_30)
FNDA:0,(anonymous_31)
FNDA:0,addQuestion
FNDA:0,(anonymous_34)
FNDA:0,(anonymous_35)
FNDA:0,(anonymous_36)
FNDA:0,(anonymous_37)
FNDA:0,(anonymous_38)
FNDA:0,(anonymous_39)
FNDA:0,(anonymous_40)
FNDA:0,(anonymous_41)
FNDA:0,(anonymous_42)
FNDA:0,(anonymous_43)
DA:3,0
DA:4,0
DA:6,0
DA:7,0
DA:10,0
DA:11,0
DA:12,0
DA:24,0
DA:26,0
DA:30,0
DA:31,0
DA:32,0
DA:37,0
DA:52,0
DA:54,0
DA:58,0
DA:59,0
DA:60,0
DA:75,0
DA:77,0
DA:81,0
DA:82,0
DA:83,0
DA:84,0
DA:85,0
DA:86,0
DA:87,0
DA:93,0
DA:94,0
DA:96,0
DA:97,0
DA:98,0
DA:99,0
DA:100,0
DA:101,0
DA:102,0
DA:103,0
DA:106,0
DA:107,0
DA:108,0
DA:111,0
DA:126,0
DA:127,0
DA:129,0
DA:130,0
DA:135,0
DA:136,0
DA:138,0
DA:139,0
DA:140,0
DA:141,0
DA:142,0
DA:145,0
DA:146,0
DA:147,0
DA:148,0
DA:149,0
DA:152,0
DA:153,0
DA:154,0
DA:155,0
DA:156,0
DA:159,0
DA:160,0
DA:163,0
DA:166,0
DA:167,0
DA:168,0
DA:169,0
DA:171,0
DA:172,0
DA:173,0
DA:174,0
DA:179,0
DA:181,0
DA:185,0
DA:186,0
DA:187,0
DA:188,0
DA:190,0
DA:195,0
DA:196,0
DA:198,0
DA:206,0
DA:208,0
DA:209,0
DA:224,0
DA:238,0
DA:239,0
DA:241,0
DA:242,0
DA:246,0
DA:247,0
DA:248,0
DA:250,0
DA:251,0
DA:252,0
DA:253,0
DA:254,0
DA:255,0
DA:256,0
DA:257,0
DA:259,0
DA:262,0
DA:265,0
DA:266,0
DA:268,0
DA:269,0
DA:270,0
DA:278,0
DA:279,0
DA:280,0
DA:281,0
DA:282,0
DA:283,0
DA:284,0
DA:286,0
DA:287,0
DA:288,0
DA:289,0
DA:290,0
DA:291,0
DA:292,0
DA:293,0
DA:294,0
DA:297,0
DA:298,0
DA:300,0
DA:318,0
DA:319,0
DA:320,0
DA:322,0
DA:323,0
DA:324,0
DA:326,0
DA:329,0
DA:330,0
DA:334,0
DA:335,0
DA:336,0
DA:337,0
DA:342,0
DA:343,0
DA:344,0
DA:345,0
DA:347,0
DA:348,0
DA:349,0
DA:350,0
DA:351,0
DA:352,0
DA:353,0
DA:354,0
DA:356,0
DA:357,0
DA:358,0
DA:359,0
DA:361,0
DA:373,0
DA:374,0
DA:375,0
DA:376,0
DA:387,0
DA:389,0
DA:390,0
DA:394,0
DA:395,0
DA:396,0
DA:397,0
DA:399,0
DA:417,0
DA:418,0
DA:420,0
DA:424,0
DA:425,0
DA:426,0
DA:434,0
DA:436,0
DA:441,0
LF:179
LH:0
BRDA:85,0,0,0
BRDA:85,1,0,0
BRDA:85,1,1,0
BRDA:85,1,2,0
BRDA:85,1,3,0
BRDA:85,1,4,0
BRDA:85,1,5,0
BRDA:93,2,0,0
BRDA:96,3,0,0
BRDA:98,4,0,0
BRDA:102,5,0,0
BRDA:107,6,0,0
BRDA:136,7,0,0
BRDA:136,7,1,0
BRDA:136,7,2,0
BRDA:136,7,3,0
BRDA:138,8,0,0
BRDA:138,8,1,0
BRDA:140,9,0,0
BRDA:145,10,0,0
BRDA:145,10,1,0
BRDA:147,11,0,0
BRDA:152,12,0,0
BRDA:152,12,1,0
BRDA:154,13,0,0
BRDA:168,14,0,0
BRDA:168,15,0,0
BRDA:168,15,1,0
BRDA:172,16,0,0
BRDA:187,17,0,0
BRDA:187,18,0,0
BRDA:187,18,1,0
BRDA:195,19,0,0
BRDA:216,20,0,0
BRDA:216,20,1,0
BRDA:217,21,0,0
BRDA:217,21,1,0
BRDA:218,22,0,0
BRDA:218,22,1,0
BRDA:219,23,0,0
BRDA:219,23,1,0
BRDA:220,24,0,0
BRDA:220,24,1,0
BRDA:221,25,0,0
BRDA:221,25,1,0
BRDA:247,26,0,0
BRDA:247,27,0,0
BRDA:247,27,1,0
BRDA:251,28,0,0
BRDA:265,29,0,0
BRDA:283,30,0,0
BRDA:283,31,0,0
BRDA:283,31,1,0
BRDA:283,31,2,0
BRDA:283,31,3,0
BRDA:288,32,0,0
BRDA:289,33,0,0
BRDA:290,34,0,0
BRDA:293,35,0,0
BRDA:297,36,0,0
BRDA:297,37,0,0
BRDA:297,37,1,0
BRDA:318,38,0,0
BRDA:318,38,1,0
BRDA:318,39,0,0
BRDA:318,39,1,0
BRDA:323,40,0,0
BRDA:323,40,1,0
BRDA:342,41,0,0
BRDA:344,42,0,0
BRDA:347,43,0,0
BRDA:347,43,1,0
BRDA:348,44,0,0
BRDA:348,44,1,0
BRDA:349,45,0,0
BRDA:349,45,1,0
BRDA:350,46,0,0
BRDA:350,46,1,0
BRDA:353,47,0,0
BRDA:358,48,0,0
BRDA:358,49,0,0
BRDA:358,49,1,0
BRDA:373,50,0,0
BRDA:396,51,0,0
BRDA:396,52,0,0
BRDA:396,52,1,0
BRF:86
BRH:0
end_of_record
TN:
SF:..\controllers\surveyController.ts
FN:6,(anonymous_8)
FN:6,(anonymous_9)
FN:32,(anonymous_10)
FN:32,(anonymous_11)
FN:68,(anonymous_12)
FN:68,(anonymous_13)
FN:99,(anonymous_14)
FN:99,(anonymous_15)
FN:129,(anonymous_16)
FN:143,(anonymous_17)
FN:143,(anonymous_18)
FN:172,(anonymous_19)
FN:179,(anonymous_20)
FN:179,(anonymous_21)
FN:195,(anonymous_22)
FN:239,(anonymous_23)
FN:239,(anonymous_24)
FN:260,(anonymous_25)
FN:260,(anonymous_26)
FNF:19
FNH:0
FNDA:0,(anonymous_8)
FNDA:0,(anonymous_9)
FNDA:0,(anonymous_10)
FNDA:0,(anonymous_11)
FNDA:0,(anonymous_12)
FNDA:0,(anonymous_13)
FNDA:0,(anonymous_14)
FNDA:0,(anonymous_15)
FNDA:0,(anonymous_16)
FNDA:0,(anonymous_17)
FNDA:0,(anonymous_18)
FNDA:0,(anonymous_19)
FNDA:0,(anonymous_20)
FNDA:0,(anonymous_21)
FNDA:0,(anonymous_22)
FNDA:0,(anonymous_23)
FNDA:0,(anonymous_24)
FNDA:0,(anonymous_25)
FNDA:0,(anonymous_26)
DA:4,0
DA:6,0
DA:7,0
DA:9,0
DA:25,0
DA:27,0
DA:32,0
DA:33,0
DA:34,0
DA:35,0
DA:37,0
DA:42,0
DA:62,0
DA:64,0
DA:68,0
DA:69,0
DA:70,0
DA:71,0
DA:73,0
DA:93,0
DA:95,0
DA:99,0
DA:100,0
DA:101,0
DA:103,0
DA:104,0
DA:107,0
DA:108,0
DA:111,0
DA:116,0
DA:117,0
DA:120,0
DA:128,0
DA:129,0
DA:135,0
DA:136,0
DA:138,0
DA:139,0
DA:143,0
DA:144,0
DA:145,0
DA:146,0
DA:148,0
DA:172,0
DA:173,0
DA:175,0
DA:179,0
DA:180,0
DA:181,0
DA:182,0
DA:183,0
DA:186,0
DA:187,0
DA:190,0
DA:191,0
DA:192,0
DA:195,0
DA:200,0
DA:209,0
DA:214,0
DA:215,0
DA:232,0
DA:234,0
DA:235,0
DA:239,0
DA:240,0
DA:241,0
DA:242,0
DA:244,0
DA:245,0
DA:246,0
DA:248,0
DA:253,0
DA:255,0
DA:256,0
DA:260,0
DA:261,0
DA:262,0
DA:270,0
DA:272,0
DA:273,0
DA:277,0
LF:82
LH:0
BRDA:34,0,0,0
BRDA:34,1,0,0
BRDA:34,1,1,0
BRDA:70,2,0,0
BRDA:70,3,0,0
BRDA:70,3,1,0
BRDA:103,4,0,0
BRDA:103,5,0,0
BRDA:103,5,1,0
BRDA:103,5,2,0
BRDA:107,6,0,0
BRDA:116,7,0,0
BRDA:145,8,0,0
BRDA:145,9,0,0
BRDA:145,9,1,0
BRDA:182,10,0,0
BRDA:182,11,0,0
BRDA:182,11,1,0
BRDA:186,12,0,0
BRDA:191,13,0,0
BRDA:241,14,0,0
BRDA:241,15,0,0
BRDA:241,15,1,0
BRDA:245,16,0,0
BRF:24
BRH:0
end_of_record
TN:
SF:..\controllers\userController.ts
FN:20,(anonymous_8)
FN:20,(anonymous_9)
FN:35,(anonymous_10)
FN:35,(anonymous_11)
FN:56,(anonymous_12)
FN:56,(anonymous_13)
FN:92,sendEmail
FN:122,(anonymous_16)
FN:122,(anonymous_17)
FN:155,getRole
FN:169,(anonymous_19)
FN:169,(anonymous_20)
FN:201,(anonymous_21)
FN:201,(anonymous_22)
FN:226,(anonymous_23)
FN:226,(anonymous_24)
FN:227,(anonymous_25)
FN:229,(anonymous_26)
FN:232,(anonymous_27)
FN:235,(anonymous_28)
FN:238,(anonymous_29)
FN:243,(anonymous_30)
FN:243,(anonymous_31)
FN:254,addUsers
FN:261,(anonymous_34)
FN:283,(anonymous_35)
FN:283,(anonymous_36)
FN:302,(anonymous_37)
FN:309,(anonymous_38)
FN:309,(anonymous_39)
FN:343,(anonymous_40)
FN:343,(anonymous_41)
FNF:32
FNH:29
FNDA:2,(anonymous_8)
FNDA:2,(anonymous_9)
FNDA:2,(anonymous_10)
FNDA:2,(anonymous_11)
FNDA:6,(anonymous_12)
FNDA:6,(anonymous_13)
FNDA:4,sendEmail
FNDA:0,(anonymous_16)
FNDA:0,(anonymous_17)
FNDA:8,getRole
FNDA:3,(anonymous_19)
FNDA:3,(anonymous_20)
FNDA:4,(anonymous_21)
FNDA:4,(anonymous_22)
FNDA:4,(anonymous_23)
FNDA:4,(anonymous_24)
FNDA:4,(anonymous_25)
FNDA:4,(anonymous_26)
FNDA:0,(anonymous_27)
FNDA:8,(anonymous_28)
FNDA:4,(anonymous_29)
FNDA:4,(anonymous_30)
FNDA:4,(anonymous_31)
FNDA:4,addUsers
FNDA:8,(anonymous_34)
FNDA:4,(anonymous_35)
FNDA:4,(anonymous_36)
FNDA:2,(anonymous_37)
FNDA:5,(anonymous_38)
FNDA:5,(anonymous_39)
FNDA:4,(anonymous_40)
FNDA:4,(anonymous_41)
DA:3,1
DA:4,1
DA:5,1
DA:6,1
DA:7,1
DA:8,1
DA:9,1
DA:10,1
DA:11,1
DA:13,1
DA:18,1
DA:20,2
DA:21,2
DA:22,2
DA:29,2
DA:31,0
DA:35,2
DA:36,2
DA:37,2
DA:38,0
DA:40,2
DA:50,2
DA:52,0
DA:56,6
DA:57,6
DA:58,6
DA:59,6
DA:60,5
DA:66,5
DA:67,1
DA:70,4
DA:74,4
DA:75,4
DA:76,4
DA:78,4
DA:83,4
DA:84,4
DA:85,4
DA:88,1
DA:93,4
DA:94,4
DA:95,4
DA:107,4
DA:116,4
DA:118,0
DA:122,1
DA:123,0
DA:124,0
DA:130,0
DA:131,0
DA:134,0
DA:135,0
DA:136,0
DA:137,0
DA:140,0
DA:141,0
DA:142,0
DA:151,0
DA:156,8
DA:158,3
DA:161,1
DA:164,4
DA:169,3
DA:170,3
DA:171,3
DA:172,3
DA:177,3
DA:178,1
DA:180,2
DA:181,2
DA:182,2
DA:183,2
DA:184,2
DA:194,2
DA:197,0
DA:201,4
DA:202,4
DA:203,4
DA:204,2
DA:206,2
DA:211,2
DA:212,1
DA:214,1
DA:219,1
DA:221,0
DA:222,0
DA:226,4
DA:227,4
DA:228,4
DA:229,4
DA:230,4
DA:231,4
DA:233,0
DA:236,8
DA:239,4
DA:240,1
DA:243,4
DA:244,4
DA:245,4
DA:255,4
DA:257,4
DA:258,4
DA:259,4
DA:260,4
DA:261,4
DA:262,8
DA:263,3
DA:264,8
DA:265,8
DA:271,4
DA:272,3
DA:273,2
DA:275,1
DA:278,1
DA:279,1
DA:283,4
DA:284,4
DA:285,4
DA:286,2
DA:288,2
DA:302,2
DA:303,2
DA:305,0
DA:309,5
DA:310,5
DA:311,5
DA:316,4
DA:317,1
DA:319,3
DA:320,2
DA:321,2
DA:322,1
DA:325,1
DA:326,1
DA:327,1
DA:328,1
DA:336,1
DA:338,2
DA:339,2
DA:343,4
DA:344,4
DA:345,4
DA:353,1
DA:355,3
DA:359,1
LF:145
LH:124
BRDA:37,0,0,0
BRDA:37,1,0,2
BRDA:37,1,1,2
BRDA:66,2,0,1
BRDA:130,3,0,0
BRDA:136,4,0,0
BRDA:156,5,0,3
BRDA:156,5,1,1
BRDA:156,5,2,4
BRDA:177,6,0,1
BRDA:180,7,0,1
BRDA:180,7,1,1
BRDA:181,8,0,1
BRDA:181,8,1,1
BRDA:190,9,0,1
BRDA:190,9,1,1
BRDA:203,10,0,2
BRDA:203,11,0,4
BRDA:203,11,1,3
BRDA:211,12,0,1
BRDA:239,13,0,1
BRDA:262,14,0,3
BRDA:262,15,0,8
BRDA:262,15,1,7
BRDA:271,16,0,3
BRDA:271,16,1,1
BRDA:285,17,0,2
BRDA:285,18,0,4
BRDA:285,18,1,3
BRDA:316,19,0,1
BRDA:321,20,0,1
BRF:31
BRH:28
end_of_record
